{"C:\\Users\\yasha\\OneDrive\\Documents\\TrueVow\\Cursor\\TrueVow-Financial-Management\\frontend\\components\\common\\EntityBookSelector.tsx": {"path":"C:\\Users\\yasha\\OneDrive\\Documents\\TrueVow\\Cursor\\TrueVow-Financial-Management\\frontend\\components\\common\\EntityBookSelector.tsx","statementMap":{"0":{"start":{"line":5,"column":16},"end":{"line":5,"column":null}},"1":{"start":{"line":3,"column":30},"end":{"line":3,"column":null}},"2":{"start":{"line":16,"column":6},"end":{"line":16,"column":null}},"3":{"start":{"line":28,"column":27},"end":{"line":28,"column":null}},"4":{"start":{"line":34,"column":12},"end":{"line":34,"column":36}},"5":{"start":{"line":50,"column":29},"end":{"line":50,"column":null}},"6":{"start":{"line":56,"column":14},"end":{"line":56,"column":36}}},"fnMap":{"0":{"name":"EntityBookSelector","decl":{"start":{"line":5,"column":16},"end":{"line":5,"column":null}},"loc":{"start":{"line":5,"column":16},"end":{"line":72,"column":null}}},"1":{"name":"(anonymous_2)","decl":{"start":{"line":28,"column":20},"end":{"line":28,"column":21}},"loc":{"start":{"line":28,"column":27},"end":{"line":28,"column":null}}},"2":{"name":"(anonymous_3)","decl":{"start":{"line":33,"column":24},"end":{"line":33,"column":25}},"loc":{"start":{"line":34,"column":12},"end":{"line":34,"column":36}}},"3":{"name":"(anonymous_4)","decl":{"start":{"line":50,"column":22},"end":{"line":50,"column":23}},"loc":{"start":{"line":50,"column":29},"end":{"line":50,"column":null}}},"4":{"name":"(anonymous_5)","decl":{"start":{"line":55,"column":23},"end":{"line":55,"column":24}},"loc":{"start":{"line":56,"column":14},"end":{"line":56,"column":36}}}},"branchMap":{"0":{"loc":{"start":{"line":27,"column":17},"end":{"line":27,"column":null}},"type":"binary-expr","locations":[{"start":{"line":27,"column":17},"end":{"line":27,"column":37}},{"start":{"line":27,"column":37},"end":{"line":27,"column":null}}]},"1":{"loc":{"start":{"line":28,"column":47},"end":{"line":28,"column":null}},"type":"binary-expr","locations":[{"start":{"line":28,"column":47},"end":{"line":28,"column":61}},{"start":{"line":28,"column":65},"end":{"line":28,"column":null}}]},"2":{"loc":{"start":{"line":30,"column":20},"end":{"line":30,"column":null}},"type":"binary-expr","locations":[{"start":{"line":30,"column":20},"end":{"line":30,"column":33}},{"start":{"line":30,"column":33},"end":{"line":30,"column":null}}]},"3":{"loc":{"start":{"line":42,"column":7},"end":{"line":42,"column":null}},"type":"binary-expr","locations":[{"start":{"line":42,"column":7},"end":{"line":42,"column":null}}]},"4":{"loc":{"start":{"line":49,"column":19},"end":{"line":49,"column":null}},"type":"binary-expr","locations":[{"start":{"line":49,"column":19},"end":{"line":49,"column":37}},{"start":{"line":49,"column":37},"end":{"line":49,"column":null}}]},"5":{"loc":{"start":{"line":50,"column":47},"end":{"line":50,"column":null}},"type":"binary-expr","locations":[{"start":{"line":50,"column":47},"end":{"line":50,"column":61}},{"start":{"line":50,"column":65},"end":{"line":50,"column":null}}]},"6":{"loc":{"start":{"line":52,"column":22},"end":{"line":52,"column":null}},"type":"binary-expr","locations":[{"start":{"line":52,"column":22},"end":{"line":52,"column":35}},{"start":{"line":52,"column":35},"end":{"line":52,"column":null}}]},"7":{"loc":{"start":{"line":65,"column":7},"end":{"line":65,"column":25}},"type":"binary-expr","locations":[{"start":{"line":65,"column":7},"end":{"line":65,"column":25}},{"start":{"line":65,"column":25},"end":{"line":65,"column":null}}]}},"s":{"0":6,"1":1,"2":19,"3":0,"4":18,"5":0,"6":7},"f":{"0":19,"1":0,"2":18,"3":0,"4":7},"b":{"0":[19,6],"1":[0,0],"2":[19,4],"3":[19],"4":[13,6],"5":[0,0],"6":[13,4],"7":[19,13]}}
,"C:\\Users\\yasha\\OneDrive\\Documents\\TrueVow\\Cursor\\TrueVow-Financial-Management\\frontend\\components\\common\\ErrorBoundary.tsx": {"path":"C:\\Users\\yasha\\OneDrive\\Documents\\TrueVow\\Cursor\\TrueVow-Financial-Management\\frontend\\components\\common\\ErrorBoundary.tsx","statementMap":{"0":{"start":{"line":63,"column":0},"end":{"line":63,"column":15}},"1":{"start":{"line":3,"column":55},"end":{"line":3,"column":null}},"2":{"start":{"line":4,"column":17},"end":{"line":4,"column":null}},"3":{"start":{"line":23,"column":4},"end":{"line":23,"column":null}},"4":{"start":{"line":27,"column":4},"end":{"line":27,"column":null}},"5":{"start":{"line":31,"column":4},"end":{"line":57,"column":null}},"6":{"start":{"line":32,"column":6},"end":{"line":34,"column":null}},"7":{"start":{"line":33,"column":8},"end":{"line":33,"column":null}},"8":{"start":{"line":45,"column":31},"end":{"line":45,"column":null}},"9":{"start":{"line":59,"column":4},"end":{"line":59,"column":null}},"10":{"start":{"line":17,"column":9},"end":{"line":20,"column":null}},"11":{"start":{"line":63,"column":15},"end":{"line":63,"column":null}}},"fnMap":{"0":{"name":"(anonymous_5)","decl":{"start":{"line":22,"column":2},"end":{"line":22,"column":16}},"loc":{"start":{"line":22,"column":62},"end":{"line":24,"column":null}}},"1":{"name":"(anonymous_6)","decl":{"start":{"line":26,"column":9},"end":{"line":26,"column":27}},"loc":{"start":{"line":26,"column":63},"end":{"line":28,"column":null}}},"2":{"name":"(anonymous_7)","decl":{"start":{"line":30,"column":9},"end":{"line":30,"column":18}},"loc":{"start":{"line":30,"column":18},"end":{"line":60,"column":null}}},"3":{"name":"(anonymous_8)","decl":{"start":{"line":45,"column":25},"end":{"line":45,"column":31}},"loc":{"start":{"line":45,"column":31},"end":{"line":45,"column":null}}}},"branchMap":{"0":{"loc":{"start":{"line":31,"column":4},"end":{"line":57,"column":null}},"type":"if","locations":[{"start":{"line":31,"column":4},"end":{"line":57,"column":null}}]},"1":{"loc":{"start":{"line":32,"column":6},"end":{"line":34,"column":null}},"type":"if","locations":[{"start":{"line":32,"column":6},"end":{"line":34,"column":null}}]},"2":{"loc":{"start":{"line":41,"column":15},"end":{"line":41,"column":null}},"type":"binary-expr","locations":[{"start":{"line":41,"column":15},"end":{"line":41,"column":44}},{"start":{"line":41,"column":44},"end":{"line":41,"column":null}}]}},"s":{"0":0,"1":0,"2":0,"3":0,"4":0,"5":0,"6":0,"7":0,"8":0,"9":0,"10":0,"11":0},"f":{"0":0,"1":0,"2":0,"3":0},"b":{"0":[0],"1":[0],"2":[0,0]}}
,"C:\\Users\\yasha\\OneDrive\\Documents\\TrueVow\\Cursor\\TrueVow-Financial-Management\\frontend\\components\\common\\LoadingSpinner.tsx": {"path":"C:\\Users\\yasha\\OneDrive\\Documents\\TrueVow\\Cursor\\TrueVow-Financial-Management\\frontend\\components\\common\\LoadingSpinner.tsx","statementMap":{"0":{"start":{"line":28,"column":0},"end":{"line":28,"column":15}},"1":{"start":{"line":8,"column":54},"end":{"line":26,"column":null}},"2":{"start":{"line":9,"column":22},"end":{"line":13,"column":null}},"3":{"start":{"line":28,"column":15},"end":{"line":28,"column":null}}},"fnMap":{"0":{"name":"(anonymous_1)","decl":{"start":{"line":8,"column":54},"end":{"line":8,"column":55}},"loc":{"start":{"line":8,"column":86},"end":{"line":26,"column":null}}}},"branchMap":{"0":{"loc":{"start":{"line":8,"column":57},"end":{"line":8,"column":68}},"type":"default-arg","locations":[{"start":{"line":8,"column":64},"end":{"line":8,"column":68}}]},"1":{"loc":{"start":{"line":8,"column":70},"end":{"line":8,"column":84}},"type":"default-arg","locations":[{"start":{"line":8,"column":82},"end":{"line":8,"column":84}}]}},"s":{"0":0,"1":0,"2":0,"3":0},"f":{"0":0},"b":{"0":[0],"1":[0]}}
,"C:\\Users\\yasha\\OneDrive\\Documents\\TrueVow\\Cursor\\TrueVow-Financial-Management\\frontend\\components\\common\\SkeletonLoader.tsx": {"path":"C:\\Users\\yasha\\OneDrive\\Documents\\TrueVow\\Cursor\\TrueVow-Financial-Management\\frontend\\components\\common\\SkeletonLoader.tsx","statementMap":{"0":{"start":{"line":45,"column":13},"end":{"line":45,"column":31}},"1":{"start":{"line":8,"column":13},"end":{"line":8,"column":27}},"2":{"start":{"line":22,"column":13},"end":{"line":22,"column":32}},"3":{"start":{"line":8,"column":61},"end":{"line":20,"column":null}},"4":{"start":{"line":12,"column":8},"end":{"line":13,"column":null}},"5":{"start":{"line":22,"column":79},"end":{"line":43,"column":null}},"6":{"start":{"line":30,"column":10},"end":{"line":30,"column":30}},"7":{"start":{"line":32,"column":14},"end":{"line":33,"column":null}},"8":{"start":{"line":45,"column":44},"end":{"line":53,"column":null}}},"fnMap":{"0":{"name":"(anonymous_4)","decl":{"start":{"line":8,"column":61},"end":{"line":8,"column":62}},"loc":{"start":{"line":8,"column":91},"end":{"line":20,"column":null}}},"1":{"name":"(anonymous_5)","decl":{"start":{"line":11,"column":41},"end":{"line":11,"column":42}},"loc":{"start":{"line":12,"column":8},"end":{"line":13,"column":null}}},"2":{"name":"(anonymous_6)","decl":{"start":{"line":22,"column":79},"end":{"line":22,"column":80}},"loc":{"start":{"line":25,"column":1},"end":{"line":43,"column":null}}},"3":{"name":"(anonymous_7)","decl":{"start":{"line":29,"column":42},"end":{"line":29,"column":43}},"loc":{"start":{"line":30,"column":10},"end":{"line":30,"column":30}}},"4":{"name":"(anonymous_8)","decl":{"start":{"line":31,"column":46},"end":{"line":31,"column":47}},"loc":{"start":{"line":32,"column":14},"end":{"line":33,"column":null}}},"5":{"name":"(anonymous_9)","decl":{"start":{"line":45,"column":44},"end":{"line":45,"column":null}},"loc":{"start":{"line":45,"column":44},"end":{"line":53,"column":null}}}},"branchMap":{"0":{"loc":{"start":{"line":8,"column":64},"end":{"line":8,"column":73}},"type":"default-arg","locations":[{"start":{"line":8,"column":72},"end":{"line":8,"column":73}}]},"1":{"loc":{"start":{"line":8,"column":75},"end":{"line":8,"column":89}},"type":"default-arg","locations":[{"start":{"line":8,"column":87},"end":{"line":8,"column":89}}]},"2":{"loc":{"start":{"line":15,"column":26},"end":{"line":15,"column":63}},"type":"cond-expr","locations":[{"start":{"line":15,"column":48},"end":{"line":15,"column":56}},{"start":{"line":15,"column":56},"end":{"line":15,"column":63}}]},"3":{"loc":{"start":{"line":23,"column":2},"end":{"line":23,"column":10}},"type":"default-arg","locations":[{"start":{"line":23,"column":9},"end":{"line":23,"column":10}}]},"4":{"loc":{"start":{"line":24,"column":2},"end":{"line":24,"column":10}},"type":"default-arg","locations":[{"start":{"line":24,"column":9},"end":{"line":24,"column":10}}]},"5":{"loc":{"start":{"line":35,"column":32},"end":{"line":35,"column":71}},"type":"cond-expr","locations":[{"start":{"line":35,"column":56},"end":{"line":35,"column":64}},{"start":{"line":35,"column":64},"end":{"line":35,"column":71}}]}},"s":{"0":0,"1":0,"2":0,"3":0,"4":0,"5":0,"6":0,"7":0,"8":0},"f":{"0":0,"1":0,"2":0,"3":0,"4":0,"5":0},"b":{"0":[0],"1":[0],"2":[0,0],"3":[0],"4":[0],"5":[0,0]}}
,"C:\\Users\\yasha\\OneDrive\\Documents\\TrueVow\\Cursor\\TrueVow-Financial-Management\\frontend\\components\\common\\ToastContainer.tsx": {"path":"C:\\Users\\yasha\\OneDrive\\Documents\\TrueVow\\Cursor\\TrueVow-Financial-Management\\frontend\\components\\common\\ToastContainer.tsx","statementMap":{"0":{"start":{"line":6,"column":24},"end":{"line":6,"column":null}},"1":{"start":{"line":3,"column":27},"end":{"line":3,"column":null}},"2":{"start":{"line":4,"column":34},"end":{"line":4,"column":null}},"3":{"start":{"line":7,"column":18},"end":{"line":7,"column":null}},"4":{"start":{"line":8,"column":2},"end":{"line":8,"column":null}},"5":{"start":{"line":8,"column":16},"end":{"line":8,"column":null}},"6":{"start":{"line":10,"column":32},"end":{"line":10,"column":null}},"7":{"start":{"line":12,"column":22},"end":{"line":14,"column":null}},"8":{"start":{"line":13,"column":4},"end":{"line":13,"column":null}},"9":{"start":{"line":13,"column":24},"end":{"line":13,"column":null}},"10":{"start":{"line":13,"column":43},"end":{"line":13,"column":null}},"11":{"start":{"line":16,"column":2},"end":{"line":16,"column":null}},"12":{"start":{"line":16,"column":27},"end":{"line":16,"column":null}},"13":{"start":{"line":26,"column":8},"end":{"line":27,"column":null}},"14":{"start":{"line":71,"column":27},"end":{"line":71,"column":null}}},"fnMap":{"0":{"name":"ToastContainer","decl":{"start":{"line":6,"column":24},"end":{"line":6,"column":null}},"loc":{"start":{"line":6,"column":24},"end":{"line":81,"column":null}}},"1":{"name":"(anonymous_2)","decl":{"start":{"line":12,"column":22},"end":{"line":12,"column":23}},"loc":{"start":{"line":12,"column":23},"end":{"line":14,"column":null}}},"2":{"name":"(anonymous_3)","decl":{"start":{"line":13,"column":14},"end":{"line":13,"column":15}},"loc":{"start":{"line":13,"column":24},"end":{"line":13,"column":null}}},"3":{"name":"(anonymous_4)","decl":{"start":{"line":13,"column":36},"end":{"line":13,"column":37}},"loc":{"start":{"line":13,"column":43},"end":{"line":13,"column":null}}},"4":{"name":"(anonymous_5)","decl":{"start":{"line":25,"column":18},"end":{"line":25,"column":19}},"loc":{"start":{"line":26,"column":8},"end":{"line":27,"column":null}}},"5":{"name":"(anonymous_6)","decl":{"start":{"line":71,"column":21},"end":{"line":71,"column":27}},"loc":{"start":{"line":71,"column":27},"end":{"line":71,"column":null}}}},"branchMap":{"0":{"loc":{"start":{"line":8,"column":2},"end":{"line":8,"column":null}},"type":"if","locations":[{"start":{"line":8,"column":2},"end":{"line":8,"column":null}}]},"1":{"loc":{"start":{"line":16,"column":2},"end":{"line":16,"column":null}},"type":"if","locations":[{"start":{"line":16,"column":2},"end":{"line":16,"column":null}}]},"2":{"loc":{"start":{"line":29,"column":12},"end":{"line":35,"column":null}},"type":"cond-expr","locations":[{"start":{"line":30,"column":16},"end":{"line":30,"column":null}},{"start":{"line":31,"column":16},"end":{"line":35,"column":null}}]},"3":{"loc":{"start":{"line":31,"column":16},"end":{"line":35,"column":null}},"type":"cond-expr","locations":[{"start":{"line":32,"column":16},"end":{"line":32,"column":null}},{"start":{"line":33,"column":16},"end":{"line":35,"column":null}}]},"4":{"loc":{"start":{"line":33,"column":16},"end":{"line":35,"column":null}},"type":"cond-expr","locations":[{"start":{"line":34,"column":16},"end":{"line":34,"column":null}},{"start":{"line":35,"column":16},"end":{"line":35,"column":null}}]},"5":{"loc":{"start":{"line":41,"column":14},"end":{"line":47,"column":null}},"type":"cond-expr","locations":[{"start":{"line":42,"column":18},"end":{"line":42,"column":null}},{"start":{"line":43,"column":18},"end":{"line":47,"column":null}}]},"6":{"loc":{"start":{"line":43,"column":18},"end":{"line":47,"column":null}},"type":"cond-expr","locations":[{"start":{"line":44,"column":18},"end":{"line":44,"column":null}},{"start":{"line":45,"column":18},"end":{"line":47,"column":null}}]},"7":{"loc":{"start":{"line":45,"column":18},"end":{"line":47,"column":null}},"type":"cond-expr","locations":[{"start":{"line":46,"column":18},"end":{"line":46,"column":null}},{"start":{"line":47,"column":18},"end":{"line":47,"column":null}}]},"8":{"loc":{"start":{"line":50,"column":13},"end":{"line":50,"column":null}},"type":"binary-expr","locations":[{"start":{"line":50,"column":13},"end":{"line":50,"column":41}},{"start":{"line":50,"column":41},"end":{"line":50,"column":null}}]},"9":{"loc":{"start":{"line":51,"column":13},"end":{"line":51,"column":null}},"type":"binary-expr","locations":[{"start":{"line":51,"column":13},"end":{"line":51,"column":39}},{"start":{"line":51,"column":39},"end":{"line":51,"column":null}}]},"10":{"loc":{"start":{"line":52,"column":13},"end":{"line":52,"column":null}},"type":"binary-expr","locations":[{"start":{"line":52,"column":13},"end":{"line":52,"column":41}},{"start":{"line":52,"column":41},"end":{"line":52,"column":null}}]},"11":{"loc":{"start":{"line":53,"column":13},"end":{"line":53,"column":null}},"type":"binary-expr","locations":[{"start":{"line":53,"column":13},"end":{"line":53,"column":38}},{"start":{"line":53,"column":38},"end":{"line":53,"column":null}}]},"12":{"loc":{"start":{"line":58,"column":16},"end":{"line":64,"column":null}},"type":"cond-expr","locations":[{"start":{"line":59,"column":20},"end":{"line":59,"column":null}},{"start":{"line":60,"column":20},"end":{"line":64,"column":null}}]},"13":{"loc":{"start":{"line":60,"column":20},"end":{"line":64,"column":null}},"type":"cond-expr","locations":[{"start":{"line":61,"column":20},"end":{"line":61,"column":null}},{"start":{"line":62,"column":20},"end":{"line":64,"column":null}}]},"14":{"loc":{"start":{"line":62,"column":20},"end":{"line":64,"column":null}},"type":"cond-expr","locations":[{"start":{"line":63,"column":20},"end":{"line":63,"column":null}},{"start":{"line":64,"column":20},"end":{"line":64,"column":null}}]}},"s":{"0":14,"1":2,"2":2,"3":14,"4":14,"5":0,"6":14,"7":14,"8":0,"9":0,"10":0,"11":14,"12":13,"13":1,"14":0},"f":{"0":14,"1":0,"2":0,"3":0,"4":1,"5":0},"b":{"0":[0],"1":[13],"2":[0,1],"3":[1,0],"4":[0,0],"5":[0,1],"6":[1,0],"7":[0,0],"8":[1,0],"9":[1,1],"10":[1,0],"11":[1,0],"12":[0,1],"13":[1,0],"14":[0,0]}}
,"C:\\Users\\yasha\\OneDrive\\Documents\\TrueVow\\Cursor\\TrueVow-Financial-Management\\frontend\\components\\layout\\Header.tsx": {"path":"C:\\Users\\yasha\\OneDrive\\Documents\\TrueVow\\Cursor\\TrueVow-Financial-Management\\frontend\\components\\layout\\Header.tsx","statementMap":{"0":{"start":{"line":7,"column":24},"end":{"line":7,"column":null}},"1":{"start":{"line":3,"column":27},"end":{"line":3,"column":null}},"2":{"start":{"line":5,"column":35},"end":{"line":5,"column":null}},"3":{"start":{"line":8,"column":19},"end":{"line":8,"column":null}}},"fnMap":{"0":{"name":"Header","decl":{"start":{"line":7,"column":24},"end":{"line":7,"column":null}},"loc":{"start":{"line":7,"column":24},"end":{"line":26,"column":null}}}},"branchMap":{"0":{"loc":{"start":{"line":15,"column":11},"end":{"line":15,"column":null}},"type":"binary-expr","locations":[{"start":{"line":15,"column":11},"end":{"line":15,"column":null}}]}},"s":{"0":0,"1":0,"2":0,"3":0},"f":{"0":0},"b":{"0":[0]}}
,"C:\\Users\\yasha\\OneDrive\\Documents\\TrueVow\\Cursor\\TrueVow-Financial-Management\\frontend\\components\\layout\\Layout.tsx": {"path":"C:\\Users\\yasha\\OneDrive\\Documents\\TrueVow\\Cursor\\TrueVow-Financial-Management\\frontend\\components\\layout\\Layout.tsx","statementMap":{"0":{"start":{"line":11,"column":16},"end":{"line":11,"column":23}},"1":{"start":{"line":4,"column":20},"end":{"line":4,"column":null}},"2":{"start":{"line":5,"column":19},"end":{"line":5,"column":null}}},"fnMap":{"0":{"name":"Layout","decl":{"start":{"line":11,"column":16},"end":{"line":11,"column":23}},"loc":{"start":{"line":11,"column":48},"end":{"line":23,"column":null}}}},"branchMap":{},"s":{"0":0,"1":0,"2":0},"f":{"0":0},"b":{}}
,"C:\\Users\\yasha\\OneDrive\\Documents\\TrueVow\\Cursor\\TrueVow-Financial-Management\\frontend\\components\\layout\\Sidebar.tsx": {"path":"C:\\Users\\yasha\\OneDrive\\Documents\\TrueVow\\Cursor\\TrueVow-Financial-Management\\frontend\\components\\layout\\Sidebar.tsx","statementMap":{"0":{"start":{"line":27,"column":24},"end":{"line":27,"column":null}},"1":{"start":{"line":3,"column":17},"end":{"line":3,"column":null}},"2":{"start":{"line":4,"column":28},"end":{"line":4,"column":null}},"3":{"start":{"line":5,"column":19},"end":{"line":5,"column":null}},"4":{"start":{"line":7,"column":19},"end":{"line":25,"column":null}},"5":{"start":{"line":28,"column":19},"end":{"line":28,"column":null}},"6":{"start":{"line":34,"column":27},"end":{"line":34,"column":null}},"7":{"start":{"line":35,"column":10},"end":{"line":37,"column":null}}},"fnMap":{"0":{"name":"Sidebar","decl":{"start":{"line":27,"column":24},"end":{"line":27,"column":null}},"loc":{"start":{"line":27,"column":24},"end":{"line":57,"column":null}}},"1":{"name":"(anonymous_3)","decl":{"start":{"line":33,"column":24},"end":{"line":33,"column":25}},"loc":{"start":{"line":33,"column":25},"end":{"line":53,"column":null}}}},"branchMap":{"0":{"loc":{"start":{"line":34,"column":27},"end":{"line":34,"column":null}},"type":"binary-expr","locations":[{"start":{"line":34,"column":27},"end":{"line":34,"column":49}},{"start":{"line":34,"column":53},"end":{"line":34,"column":null}}]},"1":{"loc":{"start":{"line":41,"column":16},"end":{"line":43,"column":null}},"type":"cond-expr","locations":[{"start":{"line":42,"column":20},"end":{"line":42,"column":null}},{"start":{"line":43,"column":20},"end":{"line":43,"column":null}}]},"2":{"loc":{"start":{"line":45,"column":28},"end":{"line":45,"column":null}},"type":"cond-expr","locations":[{"start":{"line":45,"column":39},"end":{"line":45,"column":48}},{"start":{"line":45,"column":48},"end":{"line":45,"column":null}}]}},"s":{"0":0,"1":0,"2":0,"3":0,"4":0,"5":0,"6":0,"7":0},"f":{"0":0,"1":0},"b":{"0":[0,0],"1":[0,0],"2":[0,0]}}
,"C:\\Users\\yasha\\OneDrive\\Documents\\TrueVow\\Cursor\\TrueVow-Financial-Management\\frontend\\components\\pages\\ar\\DeferredRevenuePage.tsx": {"path":"C:\\Users\\yasha\\OneDrive\\Documents\\TrueVow\\Cursor\\TrueVow-Financial-Management\\frontend\\components\\pages\\ar\\DeferredRevenuePage.tsx","statementMap":{"0":{"start":{"line":8,"column":16},"end":{"line":8,"column":null}},"1":{"start":{"line":3,"column":25},"end":{"line":3,"column":null}},"2":{"start":{"line":4,"column":17},"end":{"line":4,"column":null}},"3":{"start":{"line":5,"column":57},"end":{"line":5,"column":null}},"4":{"start":{"line":6,"column":43},"end":{"line":6,"column":null}},"5":{"start":{"line":9,"column":44},"end":{"line":9,"column":null}},"6":{"start":{"line":10,"column":50},"end":{"line":10,"column":null}},"7":{"start":{"line":11,"column":48},"end":{"line":14,"column":null}},"8":{"start":{"line":15,"column":28},"end":{"line":15,"column":null}},"9":{"start":{"line":17,"column":26},"end":{"line":25,"column":null}},"10":{"start":{"line":18,"column":4},"end":{"line":24,"column":null}},"11":{"start":{"line":19,"column":6},"end":{"line":23,"column":null}},"12":{"start":{"line":20,"column":8},"end":{"line":20,"column":null}},"13":{"start":{"line":22,"column":8},"end":{"line":22,"column":null}},"14":{"start":{"line":27,"column":2},"end":{"line":33,"column":null}},"15":{"start":{"line":35,"column":2},"end":{"line":41,"column":null}},"16":{"start":{"line":53,"column":29},"end":{"line":53,"column":null}},"17":{"start":{"line":72,"column":29},"end":{"line":72,"column":null}},"18":{"start":{"line":85,"column":40},"end":{"line":85,"column":94}},"19":{"start":{"line":85,"column":72},"end":{"line":85,"column":87}},"20":{"start":{"line":86,"column":42},"end":{"line":86,"column":97}},"21":{"start":{"line":86,"column":74},"end":{"line":86,"column":90}},"22":{"start":{"line":88,"column":16},"end":{"line":90,"column":null}},"23":{"start":{"line":92,"column":14},"end":{"line":93,"column":39}},"24":{"start":{"line":164,"column":28},"end":{"line":164,"column":null}},"25":{"start":{"line":185,"column":51},"end":{"line":185,"column":null}}},"fnMap":{"0":{"name":"DeferredRevenuePage","decl":{"start":{"line":8,"column":16},"end":{"line":8,"column":null}},"loc":{"start":{"line":8,"column":16},"end":{"line":221,"column":null}}},"1":{"name":"(anonymous_3)","decl":{"start":{"line":17,"column":26},"end":{"line":17,"column":33}},"loc":{"start":{"line":17,"column":53},"end":{"line":25,"column":null}}},"2":{"name":"(anonymous_4)","decl":{"start":{"line":53,"column":22},"end":{"line":53,"column":23}},"loc":{"start":{"line":53,"column":29},"end":{"line":53,"column":null}}},"3":{"name":"(anonymous_5)","decl":{"start":{"line":72,"column":22},"end":{"line":72,"column":23}},"loc":{"start":{"line":72,"column":29},"end":{"line":72,"column":null}}},"4":{"name":"(anonymous_6)","decl":{"start":{"line":84,"column":28},"end":{"line":84,"column":29}},"loc":{"start":{"line":84,"column":29},"end":{"line":215,"column":null}}},"5":{"name":"(anonymous_7)","decl":{"start":{"line":85,"column":65},"end":{"line":85,"column":66}},"loc":{"start":{"line":85,"column":72},"end":{"line":85,"column":87}}},"6":{"name":"(anonymous_8)","decl":{"start":{"line":86,"column":67},"end":{"line":86,"column":68}},"loc":{"start":{"line":86,"column":74},"end":{"line":86,"column":90}}},"7":{"name":"(anonymous_9)","decl":{"start":{"line":163,"column":49},"end":{"line":163,"column":50}},"loc":{"start":{"line":164,"column":28},"end":{"line":164,"column":null}}},"8":{"name":"(anonymous_10)","decl":{"start":{"line":185,"column":45},"end":{"line":185,"column":51}},"loc":{"start":{"line":185,"column":51},"end":{"line":185,"column":null}}}},"branchMap":{"0":{"loc":{"start":{"line":12,"column":16},"end":{"line":12,"column":null}},"type":"binary-expr","locations":[{"start":{"line":12,"column":16},"end":{"line":12,"column":33}},{"start":{"line":12,"column":33},"end":{"line":12,"column":null}}]},"1":{"loc":{"start":{"line":13,"column":19},"end":{"line":13,"column":null}},"type":"cond-expr","locations":[{"start":{"line":13,"column":38},"end":{"line":13,"column":68}},{"start":{"line":13,"column":68},"end":{"line":13,"column":null}}]},"2":{"loc":{"start":{"line":18,"column":4},"end":{"line":24,"column":null}},"type":"if","locations":[{"start":{"line":18,"column":4},"end":{"line":24,"column":null}}]},"3":{"loc":{"start":{"line":27,"column":2},"end":{"line":33,"column":null}},"type":"if","locations":[{"start":{"line":27,"column":2},"end":{"line":33,"column":null}}]},"4":{"loc":{"start":{"line":35,"column":2},"end":{"line":41,"column":null}},"type":"if","locations":[{"start":{"line":35,"column":2},"end":{"line":41,"column":null}}]},"5":{"loc":{"start":{"line":79,"column":10},"end":{"line":83,"column":11}},"type":"cond-expr","locations":[{"start":{"line":79,"column":10},"end":{"line":83,"column":11}}]},"6":{"loc":{"start":{"line":78,"column":9},"end":{"line":78,"column":null}},"type":"binary-expr","locations":[{"start":{"line":78,"column":9},"end":{"line":78,"column":22}},{"start":{"line":78,"column":22},"end":{"line":78,"column":null}}]},"7":{"loc":{"start":{"line":85,"column":40},"end":{"line":85,"column":94}},"type":"binary-expr","locations":[{"start":{"line":85,"column":40},"end":{"line":85,"column":92}},{"start":{"line":85,"column":92},"end":{"line":85,"column":94}}]},"8":{"loc":{"start":{"line":86,"column":42},"end":{"line":86,"column":97}},"type":"binary-expr","locations":[{"start":{"line":86,"column":42},"end":{"line":86,"column":95}},{"start":{"line":86,"column":95},"end":{"line":86,"column":97}}]},"9":{"loc":{"start":{"line":88,"column":16},"end":{"line":90,"column":null}},"type":"cond-expr","locations":[{"start":{"line":89,"column":20},"end":{"line":89,"column":null}},{"start":{"line":90,"column":20},"end":{"line":90,"column":null}}]},"10":{"loc":{"start":{"line":174,"column":36},"end":{"line":176,"column":null}},"type":"cond-expr","locations":[{"start":{"line":175,"column":40},"end":{"line":175,"column":null}},{"start":{"line":176,"column":40},"end":{"line":176,"column":null}}]},"11":{"loc":{"start":{"line":179,"column":35},"end":{"line":179,"column":null}},"type":"cond-expr","locations":[{"start":{"line":179,"column":58},"end":{"line":179,"column":73}},{"start":{"line":179,"column":73},"end":{"line":179,"column":null}}]},"12":{"loc":{"start":{"line":183,"column":33},"end":{"line":183,"column":54}},"type":"binary-expr","locations":[{"start":{"line":183,"column":33},"end":{"line":183,"column":54}}]},"13":{"loc":{"start":{"line":192,"column":33},"end":{"line":192,"column":53}},"type":"binary-expr","locations":[{"start":{"line":192,"column":33},"end":{"line":192,"column":53}}]}},"s":{"0":0,"1":0,"2":0,"3":0,"4":0,"5":0,"6":0,"7":0,"8":0,"9":0,"10":0,"11":0,"12":0,"13":0,"14":0,"15":0,"16":0,"17":0,"18":0,"19":0,"20":0,"21":0,"22":0,"23":0,"24":0,"25":0},"f":{"0":0,"1":0,"2":0,"3":0,"4":0,"5":0,"6":0,"7":0,"8":0},"b":{"0":[0,0],"1":[0,0],"2":[0],"3":[0],"4":[0],"5":[0],"6":[0,0],"7":[0,0],"8":[0,0],"9":[0,0],"10":[0,0],"11":[0,0],"12":[0],"13":[0]}}
,"C:\\Users\\yasha\\OneDrive\\Documents\\TrueVow\\Cursor\\TrueVow-Financial-Management\\frontend\\components\\pages\\chart-of-accounts\\ChartOfAccountsPage.tsx": {"path":"C:\\Users\\yasha\\OneDrive\\Documents\\TrueVow\\Cursor\\TrueVow-Financial-Management\\frontend\\components\\pages\\chart-of-accounts\\ChartOfAccountsPage.tsx","statementMap":{"0":{"start":{"line":7,"column":16},"end":{"line":7,"column":null}},"1":{"start":{"line":3,"column":25},"end":{"line":3,"column":null}},"2":{"start":{"line":4,"column":17},"end":{"line":4,"column":null}},"3":{"start":{"line":5,"column":50},"end":{"line":5,"column":null}},"4":{"start":{"line":8,"column":52},"end":{"line":8,"column":null}},"5":{"start":{"line":9,"column":47},"end":{"line":11,"column":null}},"6":{"start":{"line":12,"column":25},"end":{"line":12,"column":null}},"7":{"start":{"line":14,"column":23},"end":{"line":22,"column":null}},"8":{"start":{"line":15,"column":4},"end":{"line":21,"column":null}},"9":{"start":{"line":16,"column":6},"end":{"line":20,"column":null}},"10":{"start":{"line":17,"column":8},"end":{"line":17,"column":null}},"11":{"start":{"line":19,"column":8},"end":{"line":19,"column":null}},"12":{"start":{"line":24,"column":2},"end":{"line":30,"column":null}},"13":{"start":{"line":32,"column":2},"end":{"line":38,"column":null}},"14":{"start":{"line":60,"column":29},"end":{"line":60,"column":null}},"15":{"start":{"line":93,"column":18},"end":{"line":93,"column":39}},"16":{"start":{"line":124,"column":39},"end":{"line":124,"column":null}}},"fnMap":{"0":{"name":"ChartOfAccountsPage","decl":{"start":{"line":7,"column":16},"end":{"line":7,"column":null}},"loc":{"start":{"line":7,"column":16},"end":{"line":140,"column":null}}},"1":{"name":"(anonymous_3)","decl":{"start":{"line":14,"column":23},"end":{"line":14,"column":30}},"loc":{"start":{"line":14,"column":30},"end":{"line":22,"column":null}}},"2":{"name":"(anonymous_4)","decl":{"start":{"line":60,"column":22},"end":{"line":60,"column":23}},"loc":{"start":{"line":60,"column":29},"end":{"line":60,"column":null}}},"3":{"name":"(anonymous_5)","decl":{"start":{"line":92,"column":31},"end":{"line":92,"column":32}},"loc":{"start":{"line":93,"column":18},"end":{"line":93,"column":39}}},"4":{"name":"(anonymous_6)","decl":{"start":{"line":124,"column":33},"end":{"line":124,"column":39}},"loc":{"start":{"line":124,"column":39},"end":{"line":124,"column":null}}}},"branchMap":{"0":{"loc":{"start":{"line":10,"column":18},"end":{"line":10,"column":null}},"type":"binary-expr","locations":[{"start":{"line":10,"column":18},"end":{"line":10,"column":39}},{"start":{"line":10,"column":39},"end":{"line":10,"column":null}}]},"1":{"loc":{"start":{"line":15,"column":4},"end":{"line":21,"column":null}},"type":"if","locations":[{"start":{"line":15,"column":4},"end":{"line":21,"column":null}}]},"2":{"loc":{"start":{"line":24,"column":2},"end":{"line":30,"column":null}},"type":"if","locations":[{"start":{"line":24,"column":2},"end":{"line":30,"column":null}}]},"3":{"loc":{"start":{"line":32,"column":2},"end":{"line":38,"column":null}},"type":"if","locations":[{"start":{"line":32,"column":2},"end":{"line":38,"column":null}}]},"4":{"loc":{"start":{"line":73,"column":10},"end":{"line":80,"column":11}},"type":"cond-expr","locations":[{"start":{"line":73,"column":10},"end":{"line":80,"column":11}}]},"5":{"loc":{"start":{"line":72,"column":9},"end":{"line":72,"column":null}},"type":"binary-expr","locations":[{"start":{"line":72,"column":9},"end":{"line":72,"column":21}},{"start":{"line":72,"column":21},"end":{"line":72,"column":null}}]},"6":{"loc":{"start":{"line":102,"column":26},"end":{"line":104,"column":null}},"type":"cond-expr","locations":[{"start":{"line":103,"column":30},"end":{"line":103,"column":null}},{"start":{"line":104,"column":30},"end":{"line":104,"column":null}}]},"7":{"loc":{"start":{"line":107,"column":25},"end":{"line":107,"column":null}},"type":"cond-expr","locations":[{"start":{"line":107,"column":45},"end":{"line":107,"column":56}},{"start":{"line":107,"column":56},"end":{"line":107,"column":null}}]}},"s":{"0":0,"1":0,"2":0,"3":0,"4":0,"5":0,"6":0,"7":0,"8":0,"9":0,"10":0,"11":0,"12":0,"13":0,"14":0,"15":0,"16":0},"f":{"0":0,"1":0,"2":0,"3":0,"4":0},"b":{"0":[0,0],"1":[0],"2":[0],"3":[0],"4":[0],"5":[0,0],"6":[0,0],"7":[0,0]}}
,"C:\\Users\\yasha\\OneDrive\\Documents\\TrueVow\\Cursor\\TrueVow-Financial-Management\\frontend\\components\\pages\\dashboard\\DashboardPage.tsx": {"path":"C:\\Users\\yasha\\OneDrive\\Documents\\TrueVow\\Cursor\\TrueVow-Financial-Management\\frontend\\components\\pages\\dashboard\\DashboardPage.tsx","statementMap":{"0":{"start":{"line":11,"column":16},"end":{"line":11,"column":null}},"1":{"start":{"line":3,"column":17},"end":{"line":3,"column":null}},"2":{"start":{"line":4,"column":34},"end":{"line":4,"column":null}},"3":{"start":{"line":5,"column":34},"end":{"line":5,"column":null}},"4":{"start":{"line":8,"column":30},"end":{"line":8,"column":null}},"5":{"start":{"line":9,"column":43},"end":{"line":9,"column":null}},"6":{"start":{"line":12,"column":47},"end":{"line":12,"column":null}},"7":{"start":{"line":13,"column":24},"end":{"line":13,"column":null}},"8":{"start":{"line":14,"column":17},"end":{"line":14,"column":null}},"9":{"start":{"line":16,"column":35},"end":{"line":16,"column":null}},"10":{"start":{"line":17,"column":27},"end":{"line":20,"column":null}},"11":{"start":{"line":21,"column":29},"end":{"line":24,"column":null}},"12":{"start":{"line":25,"column":33},"end":{"line":28,"column":null}},"13":{"start":{"line":30,"column":18},"end":{"line":30,"column":null}},"14":{"start":{"line":31,"column":19},"end":{"line":31,"column":null}},"15":{"start":{"line":32,"column":20},"end":{"line":32,"column":null}},"16":{"start":{"line":33,"column":23},"end":{"line":33,"column":null}},"17":{"start":{"line":35,"column":24},"end":{"line":35,"column":64}},"18":{"start":{"line":78,"column":16},"end":{"line":78,"column":36}},"19":{"start":{"line":145,"column":57},"end":{"line":145,"column":80}},"20":{"start":{"line":153,"column":57},"end":{"line":153,"column":81}},"21":{"start":{"line":162,"column":59},"end":{"line":162,"column":82}},"22":{"start":{"line":163,"column":61},"end":{"line":163,"column":85}},"23":{"start":{"line":170,"column":57},"end":{"line":170,"column":80}},"24":{"start":{"line":171,"column":59},"end":{"line":171,"column":83}}},"fnMap":{"0":{"name":"DashboardPage","decl":{"start":{"line":11,"column":16},"end":{"line":11,"column":null}},"loc":{"start":{"line":11,"column":16},"end":{"line":180,"column":null}}},"1":{"name":"(anonymous_3)","decl":{"start":{"line":77,"column":33},"end":{"line":77,"column":34}},"loc":{"start":{"line":78,"column":16},"end":{"line":78,"column":36}}},"2":{"name":"(anonymous_4)","decl":{"start":{"line":145,"column":43},"end":{"line":145,"column":44}},"loc":{"start":{"line":145,"column":57},"end":{"line":145,"column":80}}},"3":{"name":"(anonymous_5)","decl":{"start":{"line":153,"column":43},"end":{"line":153,"column":44}},"loc":{"start":{"line":153,"column":57},"end":{"line":153,"column":81}}},"4":{"name":"(anonymous_6)","decl":{"start":{"line":162,"column":45},"end":{"line":162,"column":46}},"loc":{"start":{"line":162,"column":59},"end":{"line":162,"column":82}}},"5":{"name":"(anonymous_7)","decl":{"start":{"line":163,"column":47},"end":{"line":163,"column":48}},"loc":{"start":{"line":163,"column":61},"end":{"line":163,"column":85}}},"6":{"name":"(anonymous_8)","decl":{"start":{"line":170,"column":43},"end":{"line":170,"column":44}},"loc":{"start":{"line":170,"column":57},"end":{"line":170,"column":80}}},"7":{"name":"(anonymous_9)","decl":{"start":{"line":171,"column":45},"end":{"line":171,"column":46}},"loc":{"start":{"line":171,"column":59},"end":{"line":171,"column":83}}}},"branchMap":{"0":{"loc":{"start":{"line":13,"column":24},"end":{"line":13,"column":null}},"type":"binary-expr","locations":[{"start":{"line":13,"column":24},"end":{"line":13,"column":44}},{"start":{"line":13,"column":44},"end":{"line":13,"column":null}}]},"1":{"loc":{"start":{"line":14,"column":17},"end":{"line":14,"column":null}},"type":"binary-expr","locations":[{"start":{"line":14,"column":17},"end":{"line":14,"column":35}},{"start":{"line":14,"column":35},"end":{"line":14,"column":null}}]},"2":{"loc":{"start":{"line":30,"column":18},"end":{"line":30,"column":null}},"type":"binary-expr","locations":[{"start":{"line":30,"column":18},"end":{"line":30,"column":37}},{"start":{"line":30,"column":37},"end":{"line":30,"column":null}}]},"3":{"loc":{"start":{"line":31,"column":19},"end":{"line":31,"column":null}},"type":"binary-expr","locations":[{"start":{"line":31,"column":19},"end":{"line":31,"column":39}},{"start":{"line":31,"column":39},"end":{"line":31,"column":null}}]},"4":{"loc":{"start":{"line":32,"column":20},"end":{"line":32,"column":null}},"type":"binary-expr","locations":[{"start":{"line":32,"column":20},"end":{"line":32,"column":42}},{"start":{"line":32,"column":42},"end":{"line":32,"column":null}}]},"5":{"loc":{"start":{"line":33,"column":23},"end":{"line":33,"column":null}},"type":"binary-expr","locations":[{"start":{"line":33,"column":23},"end":{"line":33,"column":47}},{"start":{"line":33,"column":47},"end":{"line":33,"column":null}}]},"6":{"loc":{"start":{"line":35,"column":24},"end":{"line":35,"column":64}},"type":"binary-expr","locations":[{"start":{"line":35,"column":24},"end":{"line":35,"column":62}},{"start":{"line":35,"column":62},"end":{"line":35,"column":64}}]},"7":{"loc":{"start":{"line":55,"column":51},"end":{"line":55,"column":101}},"type":"cond-expr","locations":[{"start":{"line":55,"column":68},"end":{"line":55,"column":86}},{"start":{"line":55,"column":86},"end":{"line":55,"column":101}}]},"8":{"loc":{"start":{"line":74,"column":12},"end":{"line":76,"column":13}},"type":"cond-expr","locations":[{"start":{"line":74,"column":12},"end":{"line":76,"column":13}}]},"9":{"loc":{"start":{"line":92,"column":26},"end":{"line":96,"column":null}},"type":"cond-expr","locations":[{"start":{"line":93,"column":30},"end":{"line":93,"column":null}},{"start":{"line":94,"column":30},"end":{"line":96,"column":null}}]},"10":{"loc":{"start":{"line":94,"column":30},"end":{"line":96,"column":null}},"type":"cond-expr","locations":[{"start":{"line":95,"column":30},"end":{"line":95,"column":null}},{"start":{"line":96,"column":30},"end":{"line":96,"column":null}}]},"11":{"loc":{"start":{"line":128,"column":7},"end":{"line":128,"column":23}},"type":"binary-expr","locations":[{"start":{"line":128,"column":7},"end":{"line":128,"column":23}},{"start":{"line":128,"column":23},"end":{"line":128,"column":40}},{"start":{"line":128,"column":44},"end":{"line":128,"column":null}}]},"12":{"loc":{"start":{"line":161,"column":18},"end":{"line":166,"column":null}},"type":"cond-expr","locations":[{"start":{"line":165,"column":22},"end":{"line":165,"column":null}},{"start":{"line":166,"column":22},"end":{"line":166,"column":null}}]}},"s":{"0":0,"1":0,"2":0,"3":0,"4":0,"5":0,"6":0,"7":0,"8":0,"9":0,"10":0,"11":0,"12":0,"13":0,"14":0,"15":0,"16":0,"17":0,"18":0,"19":0,"20":0,"21":0,"22":0,"23":0,"24":0},"f":{"0":0,"1":0,"2":0,"3":0,"4":0,"5":0,"6":0,"7":0},"b":{"0":[0,0],"1":[0,0],"2":[0,0],"3":[0,0],"4":[0,0],"5":[0,0],"6":[0,0],"7":[0,0],"8":[0],"9":[0,0],"10":[0,0],"11":[0,0,0],"12":[0,0]}}
,"C:\\Users\\yasha\\OneDrive\\Documents\\TrueVow\\Cursor\\TrueVow-Financial-Management\\frontend\\components\\pages\\dimensions\\DimensionFormPage.tsx": {"path":"C:\\Users\\yasha\\OneDrive\\Documents\\TrueVow\\Cursor\\TrueVow-Financial-Management\\frontend\\components\\pages\\dimensions\\DimensionFormPage.tsx","statementMap":{"0":{"start":{"line":19,"column":16},"end":{"line":19,"column":null}},"1":{"start":{"line":3,"column":37},"end":{"line":3,"column":null}},"2":{"start":{"line":4,"column":24},"end":{"line":4,"column":null}},"3":{"start":{"line":5,"column":28},"end":{"line":5,"column":null}},"4":{"start":{"line":6,"column":18},"end":{"line":6,"column":null}},"5":{"start":{"line":7,"column":69},"end":{"line":7,"column":null}},"6":{"start":{"line":9,"column":24},"end":{"line":15,"column":null}},"7":{"start":{"line":20,"column":17},"end":{"line":20,"column":null}},"8":{"start":{"line":21,"column":17},"end":{"line":21,"column":null}},"9":{"start":{"line":22,"column":13},"end":{"line":22,"column":null}},"10":{"start":{"line":23,"column":17},"end":{"line":23,"column":null}},"11":{"start":{"line":24,"column":61},"end":{"line":24,"column":null}},"12":{"start":{"line":25,"column":25},"end":{"line":25,"column":null}},"13":{"start":{"line":26,"column":25},"end":{"line":26,"column":null}},"14":{"start":{"line":32,"column":6},"end":{"line":49,"column":null}},"15":{"start":{"line":51,"column":2},"end":{"line":57,"column":null}},"16":{"start":{"line":59,"column":19},"end":{"line":70,"column":null}},"17":{"start":{"line":60,"column":4},"end":{"line":69,"column":null}},"18":{"start":{"line":61,"column":6},"end":{"line":65,"column":null}},"19":{"start":{"line":62,"column":8},"end":{"line":62,"column":null}},"20":{"start":{"line":64,"column":8},"end":{"line":64,"column":null}},"21":{"start":{"line":66,"column":6},"end":{"line":66,"column":null}},"22":{"start":{"line":68,"column":6},"end":{"line":68,"column":null}},"23":{"start":{"line":158,"column":27},"end":{"line":158,"column":null}}},"fnMap":{"0":{"name":"DimensionFormPage","decl":{"start":{"line":19,"column":16},"end":{"line":19,"column":null}},"loc":{"start":{"line":19,"column":16},"end":{"line":178,"column":null}}},"1":{"name":"(anonymous_2)","decl":{"start":{"line":59,"column":19},"end":{"line":59,"column":26}},"loc":{"start":{"line":59,"column":26},"end":{"line":70,"column":null}}},"2":{"name":"(anonymous_3)","decl":{"start":{"line":158,"column":21},"end":{"line":158,"column":27}},"loc":{"start":{"line":158,"column":27},"end":{"line":158,"column":null}}}},"branchMap":{"0":{"loc":{"start":{"line":24,"column":74},"end":{"line":24,"column":null}},"type":"binary-expr","locations":[{"start":{"line":24,"column":74},"end":{"line":24,"column":80}},{"start":{"line":24,"column":80},"end":{"line":24,"column":null}}]},"1":{"loc":{"start":{"line":34,"column":19},"end":{"line":48,"column":null}},"type":"cond-expr","locations":[{"start":{"line":35,"column":8},"end":{"line":41,"column":null}},{"start":{"line":42,"column":8},"end":{"line":48,"column":null}}]},"2":{"loc":{"start":{"line":34,"column":19},"end":{"line":34,"column":null}},"type":"binary-expr","locations":[{"start":{"line":34,"column":19},"end":{"line":34,"column":29}},{"start":{"line":34,"column":29},"end":{"line":34,"column":null}}]},"3":{"loc":{"start":{"line":51,"column":2},"end":{"line":57,"column":null}},"type":"if","locations":[{"start":{"line":51,"column":2},"end":{"line":57,"column":null}}]},"4":{"loc":{"start":{"line":51,"column":6},"end":{"line":51,"column":36}},"type":"binary-expr","locations":[{"start":{"line":51,"column":6},"end":{"line":51,"column":16}},{"start":{"line":51,"column":16},"end":{"line":51,"column":36}}]},"5":{"loc":{"start":{"line":61,"column":6},"end":{"line":65,"column":null}},"type":"if","locations":[{"start":{"line":61,"column":6},"end":{"line":65,"column":null}},{"start":{"line":63,"column":13},"end":{"line":65,"column":null}}]},"6":{"loc":{"start":{"line":61,"column":10},"end":{"line":61,"column":24}},"type":"binary-expr","locations":[{"start":{"line":61,"column":10},"end":{"line":61,"column":20}},{"start":{"line":61,"column":20},"end":{"line":61,"column":24}}]},"7":{"loc":{"start":{"line":76,"column":11},"end":{"line":76,"column":null}},"type":"cond-expr","locations":[{"start":{"line":76,"column":20},"end":{"line":76,"column":39}},{"start":{"line":76,"column":39},"end":{"line":76,"column":null}}]},"8":{"loc":{"start":{"line":79,"column":11},"end":{"line":79,"column":null}},"type":"cond-expr","locations":[{"start":{"line":79,"column":20},"end":{"line":79,"column":49}},{"start":{"line":79,"column":49},"end":{"line":79,"column":null}}]},"9":{"loc":{"start":{"line":92,"column":25},"end":{"line":92,"column":null}},"type":"cond-expr","locations":[{"start":{"line":92,"column":50},"end":{"line":92,"column":66}},{"start":{"line":92,"column":66},"end":{"line":92,"column":null}}]},"10":{"loc":{"start":{"line":95,"column":13},"end":{"line":95,"column":35}},"type":"binary-expr","locations":[{"start":{"line":95,"column":13},"end":{"line":95,"column":35}}]},"11":{"loc":{"start":{"line":107,"column":25},"end":{"line":107,"column":null}},"type":"cond-expr","locations":[{"start":{"line":107,"column":49},"end":{"line":107,"column":65}},{"start":{"line":107,"column":65},"end":{"line":107,"column":null}}]},"12":{"loc":{"start":{"line":110,"column":13},"end":{"line":110,"column":34}},"type":"binary-expr","locations":[{"start":{"line":110,"column":13},"end":{"line":110,"column":34}}]},"13":{"loc":{"start":{"line":122,"column":25},"end":{"line":122,"column":null}},"type":"cond-expr","locations":[{"start":{"line":122,"column":49},"end":{"line":122,"column":65}},{"start":{"line":122,"column":65},"end":{"line":122,"column":null}}]},"14":{"loc":{"start":{"line":125,"column":13},"end":{"line":125,"column":34}},"type":"binary-expr","locations":[{"start":{"line":125,"column":13},"end":{"line":125,"column":34}}]},"15":{"loc":{"start":{"line":166,"column":22},"end":{"line":166,"column":74}},"type":"binary-expr","locations":[{"start":{"line":166,"column":22},"end":{"line":166,"column":46}},{"start":{"line":166,"column":50},"end":{"line":166,"column":74}}]},"16":{"loc":{"start":{"line":168,"column":13},"end":{"line":172,"column":null}},"type":"cond-expr","locations":[{"start":{"line":169,"column":16},"end":{"line":169,"column":null}},{"start":{"line":170,"column":16},"end":{"line":172,"column":null}}]},"17":{"loc":{"start":{"line":168,"column":13},"end":{"line":168,"column":65}},"type":"binary-expr","locations":[{"start":{"line":168,"column":13},"end":{"line":168,"column":37}},{"start":{"line":168,"column":41},"end":{"line":168,"column":65}}]},"18":{"loc":{"start":{"line":170,"column":16},"end":{"line":172,"column":null}},"type":"cond-expr","locations":[{"start":{"line":171,"column":16},"end":{"line":171,"column":null}},{"start":{"line":172,"column":16},"end":{"line":172,"column":null}}]}},"s":{"0":0,"1":0,"2":0,"3":0,"4":0,"5":0,"6":0,"7":0,"8":0,"9":0,"10":0,"11":0,"12":0,"13":0,"14":0,"15":0,"16":0,"17":0,"18":0,"19":0,"20":0,"21":0,"22":0,"23":0},"f":{"0":0,"1":0,"2":0},"b":{"0":[0,0],"1":[0,0],"2":[0,0],"3":[0],"4":[0,0],"5":[0,0],"6":[0,0],"7":[0,0],"8":[0,0],"9":[0,0],"10":[0],"11":[0,0],"12":[0],"13":[0,0],"14":[0],"15":[0,0],"16":[0,0],"17":[0,0],"18":[0,0]}}
,"C:\\Users\\yasha\\OneDrive\\Documents\\TrueVow\\Cursor\\TrueVow-Financial-Management\\frontend\\components\\pages\\journal-entries\\JournalEntryListPage.tsx": {"path":"C:\\Users\\yasha\\OneDrive\\Documents\\TrueVow\\Cursor\\TrueVow-Financial-Management\\frontend\\components\\pages\\journal-entries\\JournalEntryListPage.tsx","statementMap":{"0":{"start":{"line":8,"column":16},"end":{"line":8,"column":null}},"1":{"start":{"line":3,"column":25},"end":{"line":3,"column":null}},"2":{"start":{"line":4,"column":17},"end":{"line":4,"column":null}},"3":{"start":{"line":5,"column":34},"end":{"line":5,"column":null}},"4":{"start":{"line":6,"column":43},"end":{"line":6,"column":null}},"5":{"start":{"line":9,"column":42},"end":{"line":9,"column":null}},"6":{"start":{"line":10,"column":37},"end":{"line":12,"column":null}},"7":{"start":{"line":14,"column":2},"end":{"line":20,"column":null}},"8":{"start":{"line":22,"column":2},"end":{"line":28,"column":null}},"9":{"start":{"line":30,"column":18},"end":{"line":30,"column":35}},"10":{"start":{"line":52,"column":29},"end":{"line":52,"column":null}},"11":{"start":{"line":96,"column":18},"end":{"line":96,"column":37}}},"fnMap":{"0":{"name":"JournalEntryListPage","decl":{"start":{"line":8,"column":16},"end":{"line":8,"column":null}},"loc":{"start":{"line":8,"column":16},"end":{"line":137,"column":null}}},"1":{"name":"(anonymous_3)","decl":{"start":{"line":52,"column":22},"end":{"line":52,"column":23}},"loc":{"start":{"line":52,"column":29},"end":{"line":52,"column":null}}},"2":{"name":"(anonymous_4)","decl":{"start":{"line":95,"column":29},"end":{"line":95,"column":30}},"loc":{"start":{"line":96,"column":18},"end":{"line":96,"column":37}}}},"branchMap":{"0":{"loc":{"start":{"line":11,"column":12},"end":{"line":11,"column":null}},"type":"binary-expr","locations":[{"start":{"line":11,"column":12},"end":{"line":11,"column":28}},{"start":{"line":11,"column":28},"end":{"line":11,"column":null}}]},"1":{"loc":{"start":{"line":14,"column":2},"end":{"line":20,"column":null}},"type":"if","locations":[{"start":{"line":14,"column":2},"end":{"line":20,"column":null}}]},"2":{"loc":{"start":{"line":22,"column":2},"end":{"line":28,"column":null}},"type":"if","locations":[{"start":{"line":22,"column":2},"end":{"line":28,"column":null}}]},"3":{"loc":{"start":{"line":30,"column":18},"end":{"line":30,"column":35}},"type":"binary-expr","locations":[{"start":{"line":30,"column":18},"end":{"line":30,"column":33}},{"start":{"line":30,"column":33},"end":{"line":30,"column":35}}]},"4":{"loc":{"start":{"line":63,"column":10},"end":{"line":70,"column":11}},"type":"cond-expr","locations":[{"start":{"line":63,"column":10},"end":{"line":70,"column":11}}]},"5":{"loc":{"start":{"line":107,"column":26},"end":{"line":111,"column":null}},"type":"cond-expr","locations":[{"start":{"line":108,"column":30},"end":{"line":108,"column":null}},{"start":{"line":109,"column":30},"end":{"line":111,"column":null}}]},"6":{"loc":{"start":{"line":109,"column":30},"end":{"line":111,"column":null}},"type":"cond-expr","locations":[{"start":{"line":110,"column":30},"end":{"line":110,"column":null}},{"start":{"line":111,"column":30},"end":{"line":111,"column":null}}]},"7":{"loc":{"start":{"line":118,"column":23},"end":{"line":118,"column":null}},"type":"binary-expr","locations":[{"start":{"line":118,"column":23},"end":{"line":118,"column":46}},{"start":{"line":118,"column":46},"end":{"line":118,"column":null}}]}},"s":{"0":0,"1":0,"2":0,"3":0,"4":0,"5":0,"6":0,"7":0,"8":0,"9":0,"10":0,"11":0},"f":{"0":0,"1":0,"2":0},"b":{"0":[0,0],"1":[0],"2":[0],"3":[0,0],"4":[0],"5":[0,0],"6":[0,0],"7":[0,0]}}
,"C:\\Users\\yasha\\OneDrive\\Documents\\TrueVow\\Cursor\\TrueVow-Financial-Management\\frontend\\components\\pages\\payroll\\PayrollRunDetailPage.tsx": {"path":"C:\\Users\\yasha\\OneDrive\\Documents\\TrueVow\\Cursor\\TrueVow-Financial-Management\\frontend\\components\\pages\\payroll\\PayrollRunDetailPage.tsx","statementMap":{"0":{"start":{"line":15,"column":16},"end":{"line":15,"column":null}},"1":{"start":{"line":3,"column":37},"end":{"line":3,"column":null}},"2":{"start":{"line":4,"column":17},"end":{"line":4,"column":null}},"3":{"start":{"line":5,"column":25},"end":{"line":5,"column":null}},"4":{"start":{"line":12,"column":7},"end":{"line":12,"column":null}},"5":{"start":{"line":13,"column":43},"end":{"line":13,"column":null}},"6":{"start":{"line":16,"column":17},"end":{"line":16,"column":null}},"7":{"start":{"line":17,"column":17},"end":{"line":17,"column":null}},"8":{"start":{"line":18,"column":13},"end":{"line":18,"column":null}},"9":{"start":{"line":19,"column":42},"end":{"line":19,"column":null}},"10":{"start":{"line":20,"column":28},"end":{"line":20,"column":null}},"11":{"start":{"line":21,"column":28},"end":{"line":21,"column":null}},"12":{"start":{"line":22,"column":26},"end":{"line":22,"column":null}},"13":{"start":{"line":23,"column":23},"end":{"line":23,"column":null}},"14":{"start":{"line":25,"column":50},"end":{"line":25,"column":null}},"15":{"start":{"line":27,"column":2},"end":{"line":33,"column":null}},"16":{"start":{"line":35,"column":2},"end":{"line":41,"column":null}},"17":{"start":{"line":43,"column":26},"end":{"line":51,"column":null}},"18":{"start":{"line":44,"column":4},"end":{"line":50,"column":null}},"19":{"start":{"line":45,"column":6},"end":{"line":49,"column":null}},"20":{"start":{"line":46,"column":8},"end":{"line":46,"column":null}},"21":{"start":{"line":48,"column":8},"end":{"line":48,"column":null}},"22":{"start":{"line":53,"column":24},"end":{"line":61,"column":null}},"23":{"start":{"line":54,"column":4},"end":{"line":60,"column":null}},"24":{"start":{"line":55,"column":6},"end":{"line":59,"column":null}},"25":{"start":{"line":56,"column":8},"end":{"line":56,"column":null}},"26":{"start":{"line":58,"column":8},"end":{"line":58,"column":null}},"27":{"start":{"line":63,"column":21},"end":{"line":75,"column":null}},"28":{"start":{"line":64,"column":4},"end":{"line":74,"column":null}},"29":{"start":{"line":69,"column":6},"end":{"line":73,"column":null}},"30":{"start":{"line":70,"column":8},"end":{"line":70,"column":null}},"31":{"start":{"line":72,"column":8},"end":{"line":72,"column":null}},"32":{"start":{"line":77,"column":25},"end":{"line":77,"column":null}},"33":{"start":{"line":77,"column":46},"end":{"line":77,"column":null}},"34":{"start":{"line":195,"column":20},"end":{"line":196,"column":null}},"35":{"start":{"line":200,"column":37},"end":{"line":200,"column":null}},"36":{"start":{"line":236,"column":26},"end":{"line":236,"column":45}}},"fnMap":{"0":{"name":"PayrollRunDetailPage","decl":{"start":{"line":15,"column":16},"end":{"line":15,"column":null}},"loc":{"start":{"line":15,"column":16},"end":{"line":252,"column":null}}},"1":{"name":"(anonymous_3)","decl":{"start":{"line":43,"column":26},"end":{"line":43,"column":null}},"loc":{"start":{"line":43,"column":26},"end":{"line":51,"column":null}}},"2":{"name":"(anonymous_4)","decl":{"start":{"line":53,"column":24},"end":{"line":53,"column":null}},"loc":{"start":{"line":53,"column":24},"end":{"line":61,"column":null}}},"3":{"name":"(anonymous_5)","decl":{"start":{"line":63,"column":21},"end":{"line":63,"column":null}},"loc":{"start":{"line":63,"column":21},"end":{"line":75,"column":null}}},"4":{"name":"(anonymous_6)","decl":{"start":{"line":77,"column":39},"end":{"line":77,"column":40}},"loc":{"start":{"line":77,"column":46},"end":{"line":77,"column":null}}},"5":{"name":"(anonymous_7)","decl":{"start":{"line":194,"column":32},"end":{"line":194,"column":33}},"loc":{"start":{"line":195,"column":20},"end":{"line":196,"column":null}}},"6":{"name":"(anonymous_8)","decl":{"start":{"line":200,"column":31},"end":{"line":200,"column":37}},"loc":{"start":{"line":200,"column":37},"end":{"line":200,"column":null}}},"7":{"name":"(anonymous_9)","decl":{"start":{"line":235,"column":55},"end":{"line":235,"column":56}},"loc":{"start":{"line":236,"column":26},"end":{"line":236,"column":45}}}},"branchMap":{"0":{"loc":{"start":{"line":27,"column":2},"end":{"line":33,"column":null}},"type":"if","locations":[{"start":{"line":27,"column":2},"end":{"line":33,"column":null}}]},"1":{"loc":{"start":{"line":35,"column":2},"end":{"line":41,"column":null}},"type":"if","locations":[{"start":{"line":35,"column":2},"end":{"line":41,"column":null}}]},"2":{"loc":{"start":{"line":35,"column":6},"end":{"line":35,"column":21}},"type":"binary-expr","locations":[{"start":{"line":35,"column":6},"end":{"line":35,"column":15}},{"start":{"line":35,"column":15},"end":{"line":35,"column":21}}]},"3":{"loc":{"start":{"line":44,"column":4},"end":{"line":50,"column":null}},"type":"if","locations":[{"start":{"line":44,"column":4},"end":{"line":50,"column":null}}]},"4":{"loc":{"start":{"line":54,"column":4},"end":{"line":60,"column":null}},"type":"if","locations":[{"start":{"line":54,"column":4},"end":{"line":60,"column":null}}]},"5":{"loc":{"start":{"line":64,"column":4},"end":{"line":74,"column":null}},"type":"if","locations":[{"start":{"line":64,"column":4},"end":{"line":74,"column":null}}]},"6":{"loc":{"start":{"line":92,"column":11},"end":{"line":92,"column":null}},"type":"binary-expr","locations":[{"start":{"line":92,"column":11},"end":{"line":92,"column":null}}]},"7":{"loc":{"start":{"line":98,"column":15},"end":{"line":98,"column":null}},"type":"cond-expr","locations":[{"start":{"line":98,"column":45},"end":{"line":98,"column":64}},{"start":{"line":98,"column":64},"end":{"line":98,"column":null}}]},"8":{"loc":{"start":{"line":101,"column":11},"end":{"line":101,"column":null}},"type":"binary-expr","locations":[{"start":{"line":101,"column":11},"end":{"line":101,"column":null}}]},"9":{"loc":{"start":{"line":107,"column":15},"end":{"line":107,"column":null}},"type":"cond-expr","locations":[{"start":{"line":107,"column":43},"end":{"line":107,"column":60}},{"start":{"line":107,"column":60},"end":{"line":107,"column":null}}]},"10":{"loc":{"start":{"line":110,"column":11},"end":{"line":110,"column":null}},"type":"binary-expr","locations":[{"start":{"line":110,"column":11},"end":{"line":110,"column":null}}]},"11":{"loc":{"start":{"line":112,"column":15},"end":{"line":112,"column":null}},"type":"cond-expr","locations":[{"start":{"line":112,"column":40},"end":{"line":112,"column":55}},{"start":{"line":112,"column":55},"end":{"line":112,"column":null}}]},"12":{"loc":{"start":{"line":137,"column":20},"end":{"line":145,"column":null}},"type":"cond-expr","locations":[{"start":{"line":138,"column":24},"end":{"line":138,"column":null}},{"start":{"line":139,"column":24},"end":{"line":145,"column":null}}]},"13":{"loc":{"start":{"line":139,"column":24},"end":{"line":145,"column":null}},"type":"cond-expr","locations":[{"start":{"line":140,"column":24},"end":{"line":140,"column":null}},{"start":{"line":141,"column":24},"end":{"line":145,"column":null}}]},"14":{"loc":{"start":{"line":141,"column":24},"end":{"line":145,"column":null}},"type":"cond-expr","locations":[{"start":{"line":142,"column":24},"end":{"line":142,"column":null}},{"start":{"line":143,"column":24},"end":{"line":145,"column":null}}]},"15":{"loc":{"start":{"line":143,"column":24},"end":{"line":145,"column":null}},"type":"cond-expr","locations":[{"start":{"line":144,"column":24},"end":{"line":144,"column":null}},{"start":{"line":145,"column":24},"end":{"line":145,"column":null}}]},"16":{"loc":{"start":{"line":181,"column":10},"end":{"line":183,"column":11}},"type":"cond-expr","locations":[{"start":{"line":181,"column":10},"end":{"line":183,"column":11}}]},"17":{"loc":{"start":{"line":180,"column":9},"end":{"line":180,"column":null}},"type":"binary-expr","locations":[{"start":{"line":180,"column":9},"end":{"line":180,"column":20}},{"start":{"line":180,"column":20},"end":{"line":180,"column":null}}]},"18":{"loc":{"start":{"line":198,"column":24},"end":{"line":198,"column":null}},"type":"cond-expr","locations":[{"start":{"line":198,"column":66},"end":{"line":198,"column":84}},{"start":{"line":198,"column":84},"end":{"line":198,"column":null}}]},"19":{"loc":{"start":{"line":215,"column":13},"end":{"line":215,"column":null}},"type":"binary-expr","locations":[{"start":{"line":215,"column":13},"end":{"line":215,"column":null}}]},"20":{"loc":{"start":{"line":231,"column":19},"end":{"line":231,"column":44}},"type":"binary-expr","locations":[{"start":{"line":231,"column":19},"end":{"line":231,"column":44}},{"start":{"line":231,"column":48},"end":{"line":231,"column":null}}]}},"s":{"0":0,"1":0,"2":0,"3":0,"4":0,"5":0,"6":0,"7":0,"8":0,"9":0,"10":0,"11":0,"12":0,"13":0,"14":0,"15":0,"16":0,"17":0,"18":0,"19":0,"20":0,"21":0,"22":0,"23":0,"24":0,"25":0,"26":0,"27":0,"28":0,"29":0,"30":0,"31":0,"32":0,"33":0,"34":0,"35":0,"36":0},"f":{"0":0,"1":0,"2":0,"3":0,"4":0,"5":0,"6":0,"7":0},"b":{"0":[0],"1":[0],"2":[0,0],"3":[0],"4":[0],"5":[0],"6":[0],"7":[0,0],"8":[0],"9":[0,0],"10":[0],"11":[0,0],"12":[0,0],"13":[0,0],"14":[0,0],"15":[0,0],"16":[0],"17":[0,0],"18":[0,0],"19":[0],"20":[0,0]}}
,"C:\\Users\\yasha\\OneDrive\\Documents\\TrueVow\\Cursor\\TrueVow-Financial-Management\\frontend\\components\\pages\\payroll\\PayslipPage.tsx": {"path":"C:\\Users\\yasha\\OneDrive\\Documents\\TrueVow\\Cursor\\TrueVow-Financial-Management\\frontend\\components\\pages\\payroll\\PayslipPage.tsx","statementMap":{"0":{"start":{"line":8,"column":16},"end":{"line":8,"column":null}},"1":{"start":{"line":3,"column":37},"end":{"line":3,"column":null}},"2":{"start":{"line":4,"column":17},"end":{"line":4,"column":null}},"3":{"start":{"line":5,"column":27},"end":{"line":5,"column":null}},"4":{"start":{"line":6,"column":43},"end":{"line":6,"column":null}},"5":{"start":{"line":9,"column":17},"end":{"line":9,"column":null}},"6":{"start":{"line":10,"column":17},"end":{"line":10,"column":null}},"7":{"start":{"line":11,"column":16},"end":{"line":11,"column":null}},"8":{"start":{"line":12,"column":21},"end":{"line":12,"column":null}},"9":{"start":{"line":13,"column":46},"end":{"line":13,"column":null}},"10":{"start":{"line":15,"column":2},"end":{"line":21,"column":null}},"11":{"start":{"line":23,"column":2},"end":{"line":29,"column":null}},"12":{"start":{"line":66,"column":32},"end":{"line":66,"column":null}},"13":{"start":{"line":68,"column":18},"end":{"line":68,"column":42}},"14":{"start":{"line":84,"column":32},"end":{"line":84,"column":null}},"15":{"start":{"line":86,"column":18},"end":{"line":86,"column":42}},"16":{"start":{"line":91,"column":49},"end":{"line":91,"column":63}}},"fnMap":{"0":{"name":"PayslipPage","decl":{"start":{"line":8,"column":16},"end":{"line":8,"column":null}},"loc":{"start":{"line":8,"column":16},"end":{"line":111,"column":null}}},"1":{"name":"(anonymous_3)","decl":{"start":{"line":66,"column":25},"end":{"line":66,"column":26}},"loc":{"start":{"line":66,"column":32},"end":{"line":66,"column":null}}},"2":{"name":"(anonymous_4)","decl":{"start":{"line":67,"column":21},"end":{"line":67,"column":22}},"loc":{"start":{"line":68,"column":18},"end":{"line":68,"column":42}}},"3":{"name":"(anonymous_5)","decl":{"start":{"line":84,"column":25},"end":{"line":84,"column":26}},"loc":{"start":{"line":84,"column":32},"end":{"line":84,"column":null}}},"4":{"name":"(anonymous_6)","decl":{"start":{"line":85,"column":21},"end":{"line":85,"column":22}},"loc":{"start":{"line":86,"column":18},"end":{"line":86,"column":42}}},"5":{"name":"(anonymous_7)","decl":{"start":{"line":91,"column":42},"end":{"line":91,"column":43}},"loc":{"start":{"line":91,"column":49},"end":{"line":91,"column":63}}}},"branchMap":{"0":{"loc":{"start":{"line":13,"column":57},"end":{"line":13,"column":70}},"type":"binary-expr","locations":[{"start":{"line":13,"column":57},"end":{"line":13,"column":66}},{"start":{"line":13,"column":66},"end":{"line":13,"column":70}}]},"1":{"loc":{"start":{"line":13,"column":70},"end":{"line":13,"column":null}},"type":"binary-expr","locations":[{"start":{"line":13,"column":70},"end":{"line":13,"column":84}},{"start":{"line":13,"column":84},"end":{"line":13,"column":null}}]},"2":{"loc":{"start":{"line":15,"column":2},"end":{"line":21,"column":null}},"type":"if","locations":[{"start":{"line":15,"column":2},"end":{"line":21,"column":null}}]},"3":{"loc":{"start":{"line":23,"column":2},"end":{"line":29,"column":null}},"type":"if","locations":[{"start":{"line":23,"column":2},"end":{"line":29,"column":null}}]},"4":{"loc":{"start":{"line":23,"column":6},"end":{"line":23,"column":25}},"type":"binary-expr","locations":[{"start":{"line":23,"column":6},"end":{"line":23,"column":15}},{"start":{"line":23,"column":15},"end":{"line":23,"column":25}}]},"5":{"loc":{"start":{"line":91,"column":15},"end":{"line":91,"column":null}},"type":"binary-expr","locations":[{"start":{"line":91,"column":15},"end":{"line":91,"column":null}}]}},"s":{"0":0,"1":0,"2":0,"3":0,"4":0,"5":0,"6":0,"7":0,"8":0,"9":0,"10":0,"11":0,"12":0,"13":0,"14":0,"15":0,"16":0},"f":{"0":0,"1":0,"2":0,"3":0,"4":0,"5":0},"b":{"0":[0,0],"1":[0,0],"2":[0],"3":[0],"4":[0,0],"5":[0]}}
,"C:\\Users\\yasha\\OneDrive\\Documents\\TrueVow\\Cursor\\TrueVow-Financial-Management\\frontend\\components\\pages\\periods\\PeriodFormPage.tsx": {"path":"C:\\Users\\yasha\\OneDrive\\Documents\\TrueVow\\Cursor\\TrueVow-Financial-Management\\frontend\\components\\pages\\periods\\PeriodFormPage.tsx","statementMap":{"0":{"start":{"line":22,"column":16},"end":{"line":22,"column":null}},"1":{"start":{"line":3,"column":26},"end":{"line":3,"column":null}},"2":{"start":{"line":4,"column":24},"end":{"line":4,"column":null}},"3":{"start":{"line":5,"column":28},"end":{"line":5,"column":null}},"4":{"start":{"line":6,"column":18},"end":{"line":6,"column":null}},"5":{"start":{"line":7,"column":32},"end":{"line":7,"column":null}},"6":{"start":{"line":9,"column":21},"end":{"line":17,"column":null}},"7":{"start":{"line":16,"column":12},"end":{"line":16,"column":null}},"8":{"start":{"line":23,"column":17},"end":{"line":23,"column":null}},"9":{"start":{"line":24,"column":25},"end":{"line":24,"column":null}},"10":{"start":{"line":30,"column":6},"end":{"line":39,"column":null}},"11":{"start":{"line":41,"column":19},"end":{"line":48,"column":null}},"12":{"start":{"line":42,"column":4},"end":{"line":47,"column":null}},"13":{"start":{"line":43,"column":6},"end":{"line":43,"column":null}},"14":{"start":{"line":44,"column":6},"end":{"line":44,"column":null}},"15":{"start":{"line":46,"column":6},"end":{"line":46,"column":null}},"16":{"start":{"line":138,"column":27},"end":{"line":138,"column":null}}},"fnMap":{"0":{"name":"(anonymous_1)","decl":{"start":{"line":16,"column":2},"end":{"line":16,"column":3}},"loc":{"start":{"line":16,"column":12},"end":{"line":16,"column":null}}},"1":{"name":"PeriodFormPage","decl":{"start":{"line":22,"column":16},"end":{"line":22,"column":null}},"loc":{"start":{"line":22,"column":16},"end":{"line":154,"column":null}}},"2":{"name":"(anonymous_3)","decl":{"start":{"line":41,"column":19},"end":{"line":41,"column":26}},"loc":{"start":{"line":41,"column":26},"end":{"line":48,"column":null}}},"3":{"name":"(anonymous_4)","decl":{"start":{"line":138,"column":21},"end":{"line":138,"column":27}},"loc":{"start":{"line":138,"column":27},"end":{"line":138,"column":null}}}},"branchMap":{"0":{"loc":{"start":{"line":66,"column":25},"end":{"line":66,"column":null}},"type":"cond-expr","locations":[{"start":{"line":66,"column":50},"end":{"line":66,"column":66}},{"start":{"line":66,"column":66},"end":{"line":66,"column":null}}]},"1":{"loc":{"start":{"line":69,"column":13},"end":{"line":69,"column":35}},"type":"binary-expr","locations":[{"start":{"line":69,"column":13},"end":{"line":69,"column":35}}]},"2":{"loc":{"start":{"line":81,"column":25},"end":{"line":81,"column":null}},"type":"cond-expr","locations":[{"start":{"line":81,"column":42},"end":{"line":81,"column":58}},{"start":{"line":81,"column":58},"end":{"line":81,"column":null}}]},"3":{"loc":{"start":{"line":84,"column":13},"end":{"line":84,"column":27}},"type":"binary-expr","locations":[{"start":{"line":84,"column":13},"end":{"line":84,"column":27}}]},"4":{"loc":{"start":{"line":96,"column":25},"end":{"line":96,"column":null}},"type":"cond-expr","locations":[{"start":{"line":96,"column":46},"end":{"line":96,"column":62}},{"start":{"line":96,"column":62},"end":{"line":96,"column":null}}]},"5":{"loc":{"start":{"line":99,"column":13},"end":{"line":99,"column":31}},"type":"binary-expr","locations":[{"start":{"line":99,"column":13},"end":{"line":99,"column":31}}]},"6":{"loc":{"start":{"line":112,"column":25},"end":{"line":112,"column":null}},"type":"cond-expr","locations":[{"start":{"line":112,"column":45},"end":{"line":112,"column":61}},{"start":{"line":112,"column":61},"end":{"line":112,"column":null}}]},"7":{"loc":{"start":{"line":114,"column":13},"end":{"line":114,"column":30}},"type":"binary-expr","locations":[{"start":{"line":114,"column":13},"end":{"line":114,"column":30}}]},"8":{"loc":{"start":{"line":127,"column":25},"end":{"line":127,"column":null}},"type":"cond-expr","locations":[{"start":{"line":127,"column":43},"end":{"line":127,"column":59}},{"start":{"line":127,"column":59},"end":{"line":127,"column":null}}]},"9":{"loc":{"start":{"line":129,"column":13},"end":{"line":129,"column":28}},"type":"binary-expr","locations":[{"start":{"line":129,"column":13},"end":{"line":129,"column":28}}]},"10":{"loc":{"start":{"line":148,"column":13},"end":{"line":148,"column":null}},"type":"cond-expr","locations":[{"start":{"line":148,"column":40},"end":{"line":148,"column":56}},{"start":{"line":148,"column":56},"end":{"line":148,"column":null}}]}},"s":{"0":0,"1":0,"2":0,"3":0,"4":0,"5":0,"6":0,"7":0,"8":0,"9":0,"10":0,"11":0,"12":0,"13":0,"14":0,"15":0,"16":0},"f":{"0":0,"1":0,"2":0,"3":0},"b":{"0":[0,0],"1":[0],"2":[0,0],"3":[0],"4":[0,0],"5":[0],"6":[0,0],"7":[0],"8":[0,0],"9":[0],"10":[0,0]}}
,"C:\\Users\\yasha\\OneDrive\\Documents\\TrueVow\\Cursor\\TrueVow-Financial-Management\\frontend\\components\\pages\\reports\\CashFlowPage.tsx": {"path":"C:\\Users\\yasha\\OneDrive\\Documents\\TrueVow\\Cursor\\TrueVow-Financial-Management\\frontend\\components\\pages\\reports\\CashFlowPage.tsx","statementMap":{"0":{"start":{"line":10,"column":16},"end":{"line":10,"column":null}},"1":{"start":{"line":3,"column":25},"end":{"line":3,"column":null}},"2":{"start":{"line":4,"column":28},"end":{"line":4,"column":null}},"3":{"start":{"line":5,"column":43},"end":{"line":5,"column":null}},"4":{"start":{"line":6,"column":29},"end":{"line":6,"column":null}},"5":{"start":{"line":7,"column":30},"end":{"line":7,"column":null}},"6":{"start":{"line":8,"column":97},"end":{"line":8,"column":null}},"7":{"start":{"line":11,"column":47},"end":{"line":11,"column":null}},"8":{"start":{"line":12,"column":24},"end":{"line":12,"column":null}},"9":{"start":{"line":13,"column":17},"end":{"line":13,"column":null}},"10":{"start":{"line":14,"column":34},"end":{"line":14,"column":null}},"11":{"start":{"line":15,"column":34},"end":{"line":15,"column":null}},"12":{"start":{"line":17,"column":45},"end":{"line":22,"column":null}},"13":{"start":{"line":24,"column":26},"end":{"line":44,"column":null}},"14":{"start":{"line":25,"column":4},"end":{"line":43,"column":null}},"15":{"start":{"line":26,"column":19},"end":{"line":31,"column":null}},"16":{"start":{"line":32,"column":18},"end":{"line":32,"column":null}},"17":{"start":{"line":33,"column":16},"end":{"line":33,"column":null}},"18":{"start":{"line":34,"column":6},"end":{"line":34,"column":null}},"19":{"start":{"line":35,"column":6},"end":{"line":35,"column":null}},"20":{"start":{"line":36,"column":6},"end":{"line":36,"column":null}},"21":{"start":{"line":37,"column":6},"end":{"line":37,"column":null}},"22":{"start":{"line":38,"column":6},"end":{"line":38,"column":null}},"23":{"start":{"line":39,"column":6},"end":{"line":39,"column":null}},"24":{"start":{"line":41,"column":6},"end":{"line":41,"column":null}},"25":{"start":{"line":42,"column":6},"end":{"line":42,"column":null}},"26":{"start":{"line":46,"column":28},"end":{"line":66,"column":null}},"27":{"start":{"line":47,"column":4},"end":{"line":65,"column":null}},"28":{"start":{"line":48,"column":19},"end":{"line":53,"column":null}},"29":{"start":{"line":54,"column":18},"end":{"line":54,"column":null}},"30":{"start":{"line":55,"column":16},"end":{"line":55,"column":null}},"31":{"start":{"line":56,"column":6},"end":{"line":56,"column":null}},"32":{"start":{"line":57,"column":6},"end":{"line":57,"column":null}},"33":{"start":{"line":58,"column":6},"end":{"line":58,"column":null}},"34":{"start":{"line":59,"column":6},"end":{"line":59,"column":null}},"35":{"start":{"line":60,"column":6},"end":{"line":60,"column":null}},"36":{"start":{"line":61,"column":6},"end":{"line":61,"column":null}},"37":{"start":{"line":63,"column":6},"end":{"line":63,"column":null}},"38":{"start":{"line":64,"column":6},"end":{"line":64,"column":null}},"39":{"start":{"line":68,"column":2},"end":{"line":74,"column":null}},"40":{"start":{"line":76,"column":2},"end":{"line":82,"column":null}},"41":{"start":{"line":95,"column":29},"end":{"line":95,"column":null}},"42":{"start":{"line":175,"column":53},"end":{"line":175,"column":null}}},"fnMap":{"0":{"name":"CashFlowPage","decl":{"start":{"line":10,"column":16},"end":{"line":10,"column":null}},"loc":{"start":{"line":10,"column":16},"end":{"line":184,"column":null}}},"1":{"name":"(anonymous_2)","decl":{"start":{"line":24,"column":26},"end":{"line":24,"column":null}},"loc":{"start":{"line":24,"column":26},"end":{"line":44,"column":null}}},"2":{"name":"(anonymous_3)","decl":{"start":{"line":46,"column":28},"end":{"line":46,"column":null}},"loc":{"start":{"line":46,"column":28},"end":{"line":66,"column":null}}},"3":{"name":"(anonymous_4)","decl":{"start":{"line":95,"column":22},"end":{"line":95,"column":23}},"loc":{"start":{"line":95,"column":29},"end":{"line":95,"column":null}}},"4":{"name":"(anonymous_5)","decl":{"start":{"line":175,"column":34},"end":{"line":175,"column":35}},"loc":{"start":{"line":175,"column":53},"end":{"line":175,"column":null}}}},"branchMap":{"0":{"loc":{"start":{"line":12,"column":24},"end":{"line":12,"column":null}},"type":"binary-expr","locations":[{"start":{"line":12,"column":24},"end":{"line":12,"column":44}},{"start":{"line":12,"column":44},"end":{"line":12,"column":null}}]},"1":{"loc":{"start":{"line":13,"column":17},"end":{"line":13,"column":null}},"type":"binary-expr","locations":[{"start":{"line":13,"column":17},"end":{"line":13,"column":35}},{"start":{"line":13,"column":35},"end":{"line":13,"column":null}}]},"2":{"loc":{"start":{"line":20,"column":15},"end":{"line":20,"column":null}},"type":"binary-expr","locations":[{"start":{"line":20,"column":15},"end":{"line":20,"column":27}},{"start":{"line":20,"column":27},"end":{"line":20,"column":null}}]},"3":{"loc":{"start":{"line":68,"column":2},"end":{"line":74,"column":null}},"type":"if","locations":[{"start":{"line":68,"column":2},"end":{"line":74,"column":null}}]},"4":{"loc":{"start":{"line":76,"column":2},"end":{"line":82,"column":null}},"type":"if","locations":[{"start":{"line":76,"column":2},"end":{"line":82,"column":null}}]},"5":{"loc":{"start":{"line":89,"column":74},"end":{"line":89,"column":null}},"type":"binary-expr","locations":[{"start":{"line":89,"column":74},"end":{"line":89,"column":96}},{"start":{"line":89,"column":96},"end":{"line":89,"column":null}}]},"6":{"loc":{"start":{"line":112,"column":30},"end":{"line":112,"column":null}},"type":"binary-expr","locations":[{"start":{"line":112,"column":30},"end":{"line":112,"column":62}},{"start":{"line":112,"column":62},"end":{"line":112,"column":null}}]},"7":{"loc":{"start":{"line":119,"column":30},"end":{"line":119,"column":null}},"type":"binary-expr","locations":[{"start":{"line":119,"column":30},"end":{"line":119,"column":62}},{"start":{"line":119,"column":62},"end":{"line":119,"column":null}}]},"8":{"loc":{"start":{"line":126,"column":30},"end":{"line":126,"column":null}},"type":"binary-expr","locations":[{"start":{"line":126,"column":30},"end":{"line":126,"column":62}},{"start":{"line":126,"column":62},"end":{"line":126,"column":null}}]},"9":{"loc":{"start":{"line":132,"column":76},"end":{"line":132,"column":null}},"type":"binary-expr","locations":[{"start":{"line":132,"column":76},"end":{"line":132,"column":98}},{"start":{"line":132,"column":98},"end":{"line":132,"column":null}}]},"10":{"loc":{"start":{"line":139,"column":32},"end":{"line":139,"column":null}},"type":"binary-expr","locations":[{"start":{"line":139,"column":32},"end":{"line":139,"column":58}},{"start":{"line":139,"column":58},"end":{"line":139,"column":null}}]},"11":{"loc":{"start":{"line":145,"column":32},"end":{"line":145,"column":null}},"type":"binary-expr","locations":[{"start":{"line":145,"column":32},"end":{"line":145,"column":55}},{"start":{"line":145,"column":55},"end":{"line":145,"column":null}}]},"12":{"loc":{"start":{"line":152,"column":7},"end":{"line":152,"column":null}},"type":"binary-expr","locations":[{"start":{"line":152,"column":7},"end":{"line":152,"column":null}}]},"13":{"loc":{"start":{"line":160,"column":25},"end":{"line":160,"column":null}},"type":"binary-expr","locations":[{"start":{"line":160,"column":25},"end":{"line":160,"column":52}},{"start":{"line":160,"column":56},"end":{"line":160,"column":null}}]},"14":{"loc":{"start":{"line":164,"column":25},"end":{"line":164,"column":null}},"type":"binary-expr","locations":[{"start":{"line":164,"column":25},"end":{"line":164,"column":52}},{"start":{"line":164,"column":56},"end":{"line":164,"column":null}}]},"15":{"loc":{"start":{"line":168,"column":25},"end":{"line":168,"column":null}},"type":"binary-expr","locations":[{"start":{"line":168,"column":25},"end":{"line":168,"column":52}},{"start":{"line":168,"column":56},"end":{"line":168,"column":null}}]}},"s":{"0":0,"1":0,"2":0,"3":0,"4":0,"5":0,"6":0,"7":0,"8":0,"9":0,"10":0,"11":0,"12":0,"13":0,"14":0,"15":0,"16":0,"17":0,"18":0,"19":0,"20":0,"21":0,"22":0,"23":0,"24":0,"25":0,"26":0,"27":0,"28":0,"29":0,"30":0,"31":0,"32":0,"33":0,"34":0,"35":0,"36":0,"37":0,"38":0,"39":0,"40":0,"41":0,"42":0},"f":{"0":0,"1":0,"2":0,"3":0,"4":0},"b":{"0":[0,0],"1":[0,0],"2":[0,0],"3":[0],"4":[0],"5":[0,0],"6":[0,0],"7":[0,0],"8":[0,0],"9":[0,0],"10":[0,0],"11":[0,0],"12":[0],"13":[0,0],"14":[0,0],"15":[0,0]}}
,"C:\\Users\\yasha\\OneDrive\\Documents\\TrueVow\\Cursor\\TrueVow-Financial-Management\\frontend\\components\\pages\\reports\\GLDetailPage.tsx": {"path":"C:\\Users\\yasha\\OneDrive\\Documents\\TrueVow\\Cursor\\TrueVow-Financial-Management\\frontend\\components\\pages\\reports\\GLDetailPage.tsx","statementMap":{"0":{"start":{"line":10,"column":16},"end":{"line":10,"column":null}},"1":{"start":{"line":3,"column":34},"end":{"line":3,"column":null}},"2":{"start":{"line":4,"column":28},"end":{"line":4,"column":null}},"3":{"start":{"line":5,"column":43},"end":{"line":5,"column":null}},"4":{"start":{"line":6,"column":29},"end":{"line":6,"column":null}},"5":{"start":{"line":7,"column":30},"end":{"line":7,"column":null}},"6":{"start":{"line":8,"column":135},"end":{"line":8,"column":null}},"7":{"start":{"line":11,"column":47},"end":{"line":11,"column":null}},"8":{"start":{"line":12,"column":24},"end":{"line":12,"column":null}},"9":{"start":{"line":13,"column":17},"end":{"line":13,"column":null}},"10":{"start":{"line":14,"column":34},"end":{"line":14,"column":null}},"11":{"start":{"line":15,"column":34},"end":{"line":15,"column":null}},"12":{"start":{"line":16,"column":36},"end":{"line":16,"column":null}},"13":{"start":{"line":17,"column":38},"end":{"line":17,"column":null}},"14":{"start":{"line":18,"column":26},"end":{"line":18,"column":null}},"15":{"start":{"line":19,"column":19},"end":{"line":19,"column":null}},"16":{"start":{"line":21,"column":45},"end":{"line":30,"column":null}},"17":{"start":{"line":32,"column":26},"end":{"line":54,"column":null}},"18":{"start":{"line":33,"column":4},"end":{"line":53,"column":null}},"19":{"start":{"line":34,"column":19},"end":{"line":41,"column":null}},"20":{"start":{"line":42,"column":18},"end":{"line":42,"column":null}},"21":{"start":{"line":43,"column":16},"end":{"line":43,"column":null}},"22":{"start":{"line":44,"column":6},"end":{"line":44,"column":null}},"23":{"start":{"line":45,"column":6},"end":{"line":45,"column":null}},"24":{"start":{"line":46,"column":6},"end":{"line":46,"column":null}},"25":{"start":{"line":47,"column":6},"end":{"line":47,"column":null}},"26":{"start":{"line":48,"column":6},"end":{"line":48,"column":null}},"27":{"start":{"line":49,"column":6},"end":{"line":49,"column":null}},"28":{"start":{"line":51,"column":6},"end":{"line":51,"column":null}},"29":{"start":{"line":52,"column":6},"end":{"line":52,"column":null}},"30":{"start":{"line":56,"column":28},"end":{"line":78,"column":null}},"31":{"start":{"line":57,"column":4},"end":{"line":77,"column":null}},"32":{"start":{"line":58,"column":19},"end":{"line":65,"column":null}},"33":{"start":{"line":66,"column":18},"end":{"line":66,"column":null}},"34":{"start":{"line":67,"column":16},"end":{"line":67,"column":null}},"35":{"start":{"line":68,"column":6},"end":{"line":68,"column":null}},"36":{"start":{"line":69,"column":6},"end":{"line":69,"column":null}},"37":{"start":{"line":70,"column":6},"end":{"line":70,"column":null}},"38":{"start":{"line":71,"column":6},"end":{"line":71,"column":null}},"39":{"start":{"line":72,"column":6},"end":{"line":72,"column":null}},"40":{"start":{"line":73,"column":6},"end":{"line":73,"column":null}},"41":{"start":{"line":75,"column":6},"end":{"line":75,"column":null}},"42":{"start":{"line":76,"column":6},"end":{"line":76,"column":null}},"43":{"start":{"line":80,"column":2},"end":{"line":86,"colu
[...]
,"34":{"start":{"line":294,"column":21},"end":{"line":294,"column":null}},"35":{"start":{"line":295,"column":4},"end":{"line":295,"column":null}},"36":{"start":{"line":303,"column":21},"end":{"line":303,"column":null}},"37":{"start":{"line":304,"column":4},"end":{"line":304,"column":null}},"38":{"start":{"line":308,"column":21},"end":{"line":308,"column":null}},"39":{"start":{"line":309,"column":4},"end":{"line":309,"column":null}},"40":{"start":{"line":313,"column":21},"end":{"line":313,"column":null}},"41":{"start":{"line":314,"column":4},"end":{"line":314,"column":null}},"42":{"start":{"line":322,"column":21},"end":{"line":322,"column":null}},"43":{"start":{"line":323,"column":4},"end":{"line":323,"column":null}},"44":{"start":{"line":327,"column":21},"end":{"line":327,"column":null}},"45":{"start":{"line":328,"column":4},"end":{"line":328,"column":null}},"46":{"start":{"line":332,"column":21},"end":{"line":332,"column":null}},"47":{"start":{"line":333,"column":4},"end":{"line":333,"column":null}},"48":{"start":{"line":341,"column":21},"end":{"line":341,"column":null}},"49":{"start":{"line":342,"column":4},"end":{"line":342,"column":null}},"50":{"start":{"line":346,"column":21},"end":{"line":349,"column":null}},"51":{"start":{"line":350,"column":4},"end":{"line":350,"column":null}},"52":{"start":{"line":354,"column":21},"end":{"line":356,"column":null}},"53":{"start":{"line":357,"column":4},"end":{"line":357,"column":null}},"54":{"start":{"line":361,"column":21},"end":{"line":363,"column":null}},"55":{"start":{"line":364,"column":4},"end":{"line":364,"column":null}},"56":{"start":{"line":369,"column":21},"end":{"line":369,"column":null}},"57":{"start":{"line":370,"column":4},"end":{"line":370,"column":null}}},"fnMap":{"0":{"name":"(anonymous_1)","decl":{"start":{"line":194,"column":16},"end":{"line":194,"column":23}},"loc":{"start":{"line":194,"column":23},"end":{"line":201,"column":null}}},"1":{"name":"(anonymous_2)","decl":{"start":{"line":203,"column":15},"end":{"line":203,"column":22}},"loc":{"start":{"line":203,"column":22},"end":{"line":206,"column":null}}},"2":{"name":"(anonymous_3)","decl":{"start":{"line":208,"column":18},"end":{"line":208,"column":25}},"loc":{"start":{"line":208,"column":25},"end":{"line":211,"column":null}}},"3":{"name":"(anonymous_4)","decl":{"start":{"line":213,"column":18},"end":{"line":213,"column":25}},"loc":{"start":{"line":213,"column":37},"end":{"line":216,"column":null}}},"4":{"name":"(anonymous_5)","decl":{"start":{"line":218,"column":18},"end":{"line":218,"column":25}},"loc":{"start":{"line":218,"column":25},"end":{"line":220,"column":null}}},"5":{"name":"(anonymous_6)","decl":{"start":{"line":223,"column":16},"end":{"line":223,"column":23}},"loc":{"start":{"line":223,"column":23},"end":{"line":229,"column":null}}},"6":{"name":"(anonymous_7)","decl":{"start":{"line":231,"column":18},"end":{"line":231,"column":25}},"loc":{"start":{"line":231,"column":25},"end":{"line":234,"column":null}}},"7":{"name":"(anonymous_8)","decl":{"start":{"line":237,"column":20},"end":{"line":237,"column":27}},"loc":{"start":{"line":237,"column":27},"end":{"line":244,"column":null}}},"8":{"name":"(anonymous_9)","decl":{"start":{"line":246,"column":22},"end":{"line":246,"column":29}},"loc":{"start":{"line":246,"column":29},"end":{"line":249,"column":null}}},"9":{"name":"(anonymous_10)","decl":{"start":{"line":251,"column":22},"end":{"line":251,"column":29}},"loc":{"start":{"line":251,"column":41},"end":{"line":254,"column":null}}},"10":{"name":"(anonymous_11)","decl":{"start":{"line":257,"column":18},"end":{"line":257,"column":25}},"loc":{"start":{"line":257,"column":25},"end":{"line":266,"column":null}}},"11":{"name":"(anonymous_12)","decl":{"start":{"line":268,"column":17},"end":{"line":268,"column":24}},"loc":{"start":{"line":268,"column":24},"end":{"line":271,"column":null}}},"12":{"name":"(anonymous_13)","decl":{"start":{"line":273,"column":24},"end":{"line":273,"column":31}},"loc":{"start":{"line":273,"column":31},"end":{"line":276,"column":null}}},"13":{"name":"(anonymous_14)","decl":{"start":{"line":278,"column":20},"end":{"line":278,"column":27}},"loc":{"start":{"line":278,"column":27},"end":{"line":281,"column":null}}},"14":{"name":"(anonymous_15)","decl":{"start":{"line":283,"column":23},"end":{"line":283,"column":30}},"loc":{"start":{"line":283,"column":30},"end":{"line":286,"column":null}}},"15":{"name":"(anonymous_16)","decl":{"start":{"line":288,"column":21},"end":{"line":288,"column":28}},"loc":{"start":{"line":288,"column":28},"end":{"line":291,"column":null}}},"16":{"name":"(anonymous_17)","decl":{"start":{"line":293,"column":18},"end":{"line":293,"column":25}},"loc":{"start":{"line":293,"column":25},"end":{"line":296,"column":null}}},"17":{"name":"(anonymous_18)","decl":{"start":{"line":299,"column":22},"end":{"line":299,"column":29}},"loc":{"start":{"line":299,"column":29},"end":{"line":305,"column":null}}},"18":{"name":"(anonymous_19)","decl":{"start":{"line":307,"column":24},"end":{"line":307,"column":31}},"loc":{"start":{"line":307,"column":31},"end":{"line":310,"column":null}}},"19":{"name":"(anonymous_20)","decl":{"start":{"line":312,"column":24},"end":{"line":312,"column":31}},"loc":{"start":{"line":312,"column":43},"end":{"line":315,"column":null}}},"20":{"name":"(anonymous_21)","decl":{"start":{"line":318,"column":17},"end":{"line":318,"column":24}},"loc":{"start":{"line":318,"column":24},"end":{"line":324,"column":null}}},"21":{"name":"(anonymous_22)","decl":{"start":{"line":326,"column":19},"end":{"line":326,"column":26}},"loc":{"start":{"line":326,"column":26},"end":{"line":329,"column":null}}},"22":{"name":"(anonymous_23)","decl":{"start":{"line":331,"column":19},"end":{"line":331,"column":26}},"loc":{"start":{"line":331,"column":38},"end":{"line":334,"column":null}}},"23":{"name":"(anonymous_24)","decl":{"start":{"line":337,"column":21},"end":{"line":337,"column":28}},"loc":{"start":{"line":337,"column":28},"end":{"line":343,"column":null}}},"24":{"name":"(anonymous_25)","decl":{"start":{"line":345,"column":24},"end":{"line":345,"column":31}},"loc":{"start":{"line":345,"column":55},"end":{"line":351,"column":null}}},"25":{"name":"(anonymous_26)","decl":{"start":{"line":353,"column":13},"end":{"line":353,"column":20}},"loc":{"start":{"line":353,"column":20},"end":{"line":358,"column":null}}},"26":{"name":"(anonymous_27)","decl":{"start":{"line":360,"column":13},"end":{"line":360,"column":20}},"loc":{"start":{"line":360,"column":20},"end":{"line":365,"column":null}}},"27":{"name":"(anonymous_28)","decl":{"start":{"line":368,"column":14},"end":{"line":368,"column":21}},"loc":{"start":{"line":368,"column":45},"end":{"line":371,"column":null}}}},"branchMap":{},"s":{"0":0,"1":0,"2":0,"3":0,"4":0,"5":0,"6":0,"7":0,"8":0,"9":0,"10":0,"11":0,"12":0,"13":0,"14":0,"15":0,"16":0,"17":0,"18":0,"19":0,"20":0,"21":0,"22":0,"23":0,"24":0,"25":0,"26":0,"27":0,"28":0,"29":0,"30":0,"31":0,"32":0,"33":0,"34":0,"35":0,"36":0,"37":0,"38":0,"39":0,"40":0,"41":0,"42":0,"43":0,"44":0,"45":0,"46":0,"47":0,"48":0,"49":0,"50":0,"51":0,"52":0,"53":0,"54":0,"55":0,"56":0,"57":0},"f":{"0":0,"1":0,"2":0,"3":0,"4":0,"5":0,"6":0,"7":0,"8":0,"9":0,"10":0,"11":0,"12":0,"13":0,"14":0,"15":0,"16":0,"17":0,"18":0,"19":0,"20":0,"21":0,"22":0,"23":0,"24":0,"25":0,"26":0,"27":0},"b":{}}
,"C:\\Users\\yasha\\OneDrive\\Documents\\TrueVow\\Cursor\\TrueVow-Financial-Management\\frontend\\lib\\api\\reportingApi.ts": {"path":"C:\\Users\\yasha\\OneDrive\\Documents\\TrueVow\\Cursor\\TrueVow-Financial-Management\\frontend\\lib\\api\\reportingApi.ts","statementMap":{"0":{"start":{"line":80,"column":13},"end":{"line":80,"column":28}},"1":{"start":{"line":1,"column":26},"end":{"line":1,"column":null}},"2":{"start":{"line":80,"column":28},"end":{"line":150,"column":null}},"3":{"start":{"line":87,"column":21},"end":{"line":87,"column":null}},"4":{"start":{"line":88,"column":4},"end":{"line":88,"column":null}},"5":{"start":{"line":97,"column":21},"end":{"line":97,"column":null}},"6":{"start":{"line":98,"column":4},"end":{"line":98,"column":null}},"7":{"start":{"line":106,"column":21},"end":{"line":106,"column":null}},"8":{"start":{"line":107,"column":4},"end":{"line":107,"column":null}},"9":{"start":{"line":116,"column":21},"end":{"line":116,"column":null}},"10":{"start":{"line":117,"column":4},"end":{"line":117,"column":null}},"11":{"start":{"line":131,"column":21},"end":{"line":131,"column":null}},"12":{"start":{"line":132,"column":4},"end":{"line":132,"column":null}},"13":{"start":{"line":136,"column":21},"end":{"line":139,"column":null}},"14":{"start":{"line":140,"column":4},"end":{"line":140,"column":null}},"15":{"start":{"line":144,"column":21},"end":{"line":147,"column":null}},"16":{"start":{"line":148,"column":4},"end":{"line":148,"column":null}}},"fnMap":{"0":{"name":"(anonymous_1)","decl":{"start":{"line":81,"column":19},"end":{"line":81,"column":26}},"loc":{"start":{"line":81,"column":26},"end":{"line":89,"column":null}}},"1":{"name":"(anonymous_2)","decl":{"start":{"line":91,"column":21},"end":{"line":91,"column":28}},"loc":{"start":{"line":91,"column":28},"end":{"line":99,"column":null}}},"2":{"name":"(anonymous_3)","decl":{"start":{"line":101,"column":19},"end":{"line":101,"column":26}},"loc":{"start":{"line":101,"column":26},"end":{"line":108,"column":null}}},"3":{"name":"(anonymous_4)","decl":{"start":{"line":110,"column":15},"end":{"line":110,"column":22}},"loc":{"start":{"line":110,"column":22},"end":{"line":118,"column":null}}},"4":{"name":"(anonymous_5)","decl":{"start":{"line":120,"column":15},"end":{"line":120,"column":22}},"loc":{"start":{"line":120,"column":22},"end":{"line":133,"column":null}}},"5":{"name":"(anonymous_6)","decl":{"start":{"line":135,"column":19},"end":{"line":135,"column":26}},"loc":{"start":{"line":135,"column":46},"end":{"line":141,"column":null}}},"6":{"name":"(anonymous_7)","decl":{"start":{"line":143,"column":21},"end":{"line":143,"column":28}},"loc":{"start":{"line":143,"column":48},"end":{"line":149,"column":null}}}},"branchMap":{},"s":{"0":0,"1":0,"2":0,"3":0,"4":0,"5":0,"6":0,"7":0,"8":0,"9":0,"10":0,"11":0,"12":0,"13":0,"14":0,"15":0,"16":0},"f":{"0":0,"1":0,"2":0,"3":0,"4":0,"5":0,"6":0},"b":{}}
,"C:\\Users\\yasha\\OneDrive\\Documents\\TrueVow\\Cursor\\TrueVow-Financial-Management\\frontend\\lib\\api\\treasuryApi.ts": {"path":"C:\\Users\\yasha\\OneDrive\\Documents\\TrueVow\\Cursor\\TrueVow-Financial-Management\\frontend\\lib\\api\\treasuryApi.ts","statementMap":{"0":{"start":{"line":163,"column":13},"end":{"line":163,"column":27}},"1":{"start":{"line":1,"column":26},"end":{"line":1,"column":null}},"2":{"start":{"line":163,"column":27},"end":{"line":299,"column":null}},"3":{"start":{"line":169,"column":21},"end":{"line":169,"column":null}},"4":{"start":{"line":170,"column":4},"end":{"line":170,"column":null}},"5":{"start":{"line":174,"column":21},"end":{"line":174,"column":null}},"6":{"start":{"line":175,"column":4},"end":{"line":175,"column":null}},"7":{"start":{"line":179,"column":21},"end":{"line":179,"column":null}},"8":{"start":{"line":180,"column":4},"end":{"line":180,"column":null}},"9":{"start":{"line":184,"column":21},"end":{"line":184,"column":null}},"10":{"start":{"line":185,"column":4},"end":{"line":185,"column":null}},"11":{"start":{"line":189,"column":4},"end":{"line":189,"column":null}},"12":{"start":{"line":201,"column":21},"end":{"line":201,"column":null}},"13":{"start":{"line":202,"column":4},"end":{"line":202,"column":null}},"14":{"start":{"line":206,"column":21},"end":{"line":206,"column":null}},"15":{"start":{"line":207,"column":4},"end":{"line":207,"column":null}},"16":{"start":{"line":217,"column":21},"end":{"line":217,"column":null}},"17":{"start":{"line":218,"column":4},"end":{"line":218,"column":null}},"18":{"start":{"line":222,"column":21},"end":{"line":222,"column":null}},"19":{"start":{"line":223,"column":4},"end":{"line":223,"column":null}},"20":{"start":{"line":227,"column":21},"end":{"line":227,"column":null}},"21":{"start":{"line":228,"column":4},"end":{"line":228,"column":null}},"22":{"start":{"line":238,"column":21},"end":{"line":238,"column":null}},"23":{"start":{"line":239,"column":4},"end":{"line":239,"column":null}},"24":{"start":{"line":243,"column":21},"end":{"line":243,"column":null}},"25":{"start":{"line":244,"column":4},"end":{"line":244,"column":null}},"26":{"start":{"line":248,"column":21},"end":{"line":248,"column":null}},"27":{"start":{"line":249,"column":4},"end":{"line":249,"column":null}},"28":{"start":{"line":257,"column":21},"end":{"line":257,"column":null}},"29":{"start":{"line":258,"column":4},"end":{"line":258,"column":null}},"30":{"start":{"line":262,"column":21},"end":{"line":262,"column":null}},"31":{"start":{"line":263,"column":4},"end":{"line":263,"column":null}},"32":{"start":{"line":267,"column":21},"end":{"line":267,"column":null}},"33":{"start":{"line":268,"column":4},"end":{"line":268,"column":null}},"34":{"start":{"line":272,"column":21},"end":{"line":272,"column":null}},"35":{"start":{"line":273,"column":4},"end":{"line":273,"column":null}},"36":{"start":{"line":277,"column":21},"end":{"line":277,"column":null}},"37":{"start":{"line":278,"column":4},"end":{"line":278,"column":null}},"38":{"start":{"line":282,"column":21},"end":{"line":282,"column":null}},"39":{"start":{"line":283,"column":4},"end":{"line":283,"column":null}},"40":{"start":{"line":287,"column":21},"end":{"line":287,"column":null}},"41":{"start":{"line":288,"column":4},"end":{"line":288,"column":null}},"42":{"start":{"line":296,"column":21},"end":{"line":296,"column":null}},"43":{"start":{"line":297,"column":4},"end":{"line":297,"column":null}}},"fnMap":{"0":{"name":"(anonymous_1)","decl":{"start":{"line":165,"column":19},"end":{"line":165,"column":26}},"loc":{"start":{"line":165,"column":26},"end":{"line":171,"column":null}}},"1":{"name":"(anonymous_2)","decl":{"start":{"line":173,"column":18},"end":{"line":173,"column":25}},"loc":{"start":{"line":173,"column":25},"end":{"line":176,"column":null}}},"2":{"name":"(anonymous_3)","decl":{"start":{"line":178,"column":21},"end":{"line":178,"column":28}},"loc":{"start":{"line":178,"column":28},"end":{"line":181,"column":null}}},"3":{"name":"(anonymous_4)","decl":{"start":{"line":183,"column":21},"end":{"line":183,"column":28}},"loc":{"start":{"line":183,"column":40},"end":{"line":186,"column":null}}},"4":{"name":"(anonymous_5)","decl":{"start":{"line":188,"column":21},"end":{"line":188,"column":28}},"loc":{"start":{"line":188,"column":28},"end":{"line":190,"column":null}}},"5":{"name":"(anonymous_6)","decl":{"start":{"line":193,"column":23},"end":{"line":193,"column":30}},"loc":{"start":{"line":193,"column":30},"end":{"line":203,"column":null}}},"6":{"name":"(anonymous_7)","decl":{"start":{"line":205,"column":26},"end":{"line":205,"column":33}},"loc":{"start":{"line":205,"column":33},"end":{"line":208,"column":null}}},"7":{"name":"(anonymous_8)","decl":{"start":{"line":211,"column":16},"end":{"line":211,"column":23}},"loc":{"start":{"line":211,"column":23},"end":{"line":219,"column":null}}},"8":{"name":"(anonymous_9)","decl":{"start":{"line":221,"column":15},"end":{"line":221,"column":22}},"loc":{"start":{"line":221,"column":22},"end":{"line":224,"column":null}}},"9":{"name":"(anonymous_10)","decl":{"start":{"line":226,"column":18},"end":{"line":226,"column":25}},"loc":{"start":{"line":226,"column":25},"end":{"line":229,"column":null}}},"10":{"name":"(anonymous_11)","decl":{"start":{"line":232,"column":20},"end":{"line":232,"column":27}},"loc":{"start":{"line":232,"column":27},"end":{"line":240,"column":null}}},"11":{"name":"(anonymous_12)","decl":{"start":{"line":242,"column":19},"end":{"line":242,"column":26}},"loc":{"start":{"line":242,"column":26},"end":{"line":245,"column":null}}},"12":{"name":"(anonymous_13)","decl":{"start":{"line":247,"column":22},"end":{"line":247,"column":29}},"loc":{"start":{"line":247,"column":29},"end":{"line":250,"column":null}}},"13":{"name":"(anonymous_14)","decl":{"start":{"line":253,"column":29},"end":{"line":253,"column":36}},"loc":{"start":{"line":253,"column":36},"end":{"line":259,"column":null}}},"14":{"name":"(anonymous_15)","decl":{"start":{"line":261,"column":28},"end":{"line":261,"column":35}},"loc":{"start":{"line":261,"column":35},"end":{"line":264,"column":null}}},"15":{"name":"(anonymous_16)","decl":{"start":{"line":266,"column":31},"end":{"line":266,"column":38}},"loc":{"start":{"line":266,"column":38},"end":{"line":269,"column":null}}},"16":{"name":"(anonymous_17)","decl":{"start":{"line":271,"column":28},"end":{"line":271,"column":35}},"loc":{"start":{"line":271,"column":35},"end":{"line":274,"column":null}}},"17":{"name":"(anonymous_18)","decl":{"start":{"line":276,"column":27},"end":{"line":276,"column":34}},"loc":{"start":{"line":276,"column":34},"end":{"line":279,"column":null}}},"18":{"name":"(anonymous_19)","decl":{"start":{"line":281,"column":30},"end":{"line":281,"column":37}},"loc":{"start":{"line":281,"column":56},"end":{"line":284,"column":null}}},"19":{"name":"(anonymous_20)","decl":{"start":{"line":286,"column":26},"end":{"line":286,"column":33}},"loc":{"start":{"line":286,"column":33},"end":{"line":289,"column":null}}},"20":{"name":"(anonymous_21)","decl":{"start":{"line":292,"column":19},"end":{"line":292,"column":26}},"loc":{"start":{"line":292,"column":26},"end":{"line":298,"column":null}}}},"branchMap":{},"s":{"0":0,"1":0,"2":0,"3":0,"4":0,"5":0,"6":0,"7":0,"8":0,"9":0,"10":0,"11":0,"12":0,"13":0,"14":0,"15":0,"16":0,"17":0,"18":0,"19":0,"20":0,"21":0,"22":0,"23":0,"24":0,"25":0,"26":0,"27":0,"28":0,"29":0,"30":0,"31":0,"32":0,"33":0,"34":0,"35":0,"36":0,"37":0,"38":0,"39":0,"40":0,"41":0,"42":0,"43":0},"f":{"0":0,"1":0,"2":0,"3":0,"4":0,"5":0,"6":0,"7":0,"8":0,"9":0,"10":0,"11":0,"12":0,"13":0,"14":0,"15":0,"16":0,"17":0,"18":0,"19":0,"20":0},"b":{}}
,"C:\\Users\\yasha\\OneDrive\\Documents\\TrueVow\\Cursor\\TrueVow-Financial-Management\\frontend\\lib\\utils\\format.ts": {"path":"C:\\Users\\yasha\\OneDrive\\Documents\\TrueVow\\Cursor\\TrueVow-Financial-Management\\frontend\\lib\\utils\\format.ts","statementMap":{"0":{"start":{"line":4,"column":16},"end":{"line":4,"column":30}},"1":{"start":{"line":14,"column":16},"end":{"line":14,"column":26}},"2":{"start":{"line":26,"column":16},"end":{"line":26,"column":30}},"3":{"start":{"line":5,"column":2},"end":{"line":8,"column":null}},"4":{"start":{"line":15,"column":12},"end":{"line":15,"column":null}},"5":{"start":{"line":16,"column":2},"end":{"line":20,"column":null}},"6":{"start":{"line":27,"column":12},"end":{"line":27,"column":null}},"7":{"start":{"line":28,"column":2},"end":{"line":34,"column":null}}},"fnMap":{"0":{"name":"formatCurrency","decl":{"start":{"line":4,"column":16},"end":{"line":4,"column":30}},"loc":{"start":{"line":4,"column":71},"end":{"line":9,"column":null}}},"1":{"name":"formatDate","decl":{"start":{"line":14,"column":16},"end":{"line":14,"column":26}},"loc":{"start":{"line":14,"column":46},"end":{"line":21,"column":null}}},"2":{"name":"formatDateTime","decl":{"start":{"line":26,"column":16},"end":{"line":26,"column":30}},"loc":{"start":{"line":26,"column":50},"end":{"line":35,"column":null}}}},"branchMap":{"0":{"loc":{"start":{"line":4,"column":47},"end":{"line":4,"column":71}},"type":"default-arg","locations":[{"start":{"line":4,"column":66},"end":{"line":4,"column":71}}]},"1":{"loc":{"start":{"line":15,"column":12},"end":{"line":15,"column":null}},"type":"cond-expr","locations":[{"start":{"line":15,"column":39},"end":{"line":15,"column":56}},{"start":{"line":15,"column":56},"end":{"line":15,"column":null}}]},"2":{"loc":{"start":{"line":27,"column":12},"end":{"line":27,"column":null}},"type":"cond-expr","locations":[{"start":{"line":27,"column":39},"end":{"line":27,"column":56}},{"start":{"line":27,"column":56},"end":{"line":27,"column":null}}]}},"s":{"0":0,"1":0,"2":0,"3":0,"4":0,"5":0,"6":0,"7":0},"f":{"0":0,"1":0,"2":0},"b":{"0":[0],"1":[0,0],"2":[0,0]}}
}
