TN:
SF:components\common\EntityBookSelector.tsx
FN:5,EntityBookSelector
FN:28,(anonymous_2)
FN:33,(anonymous_3)
FN:50,(anonymous_4)
FN:55,(anonymous_5)
FNF:5
FNH:3
FNDA:19,EntityBookSelector
FNDA:0,(anonymous_2)
FNDA:18,(anonymous_3)
FNDA:0,(anonymous_4)
FNDA:7,(anonymous_5)
DA:3,1
DA:5,6
DA:16,19
DA:28,0
DA:34,18
DA:50,0
DA:56,7
LF:7
LH:5
BRDA:27,0,0,19
BRDA:27,0,1,6
BRDA:28,1,0,0
BRDA:28,1,1,0
BRDA:30,2,0,19
BRDA:30,2,1,4
BRDA:42,3,0,19
BRDA:49,4,0,13
BRDA:49,4,1,6
BRDA:50,5,0,0
BRDA:50,5,1,0
BRDA:52,6,0,13
BRDA:52,6,1,4
BRDA:65,7,0,19
BRDA:65,7,1,13
BRF:15
BRH:11
end_of_record
TN:
SF:components\common\ErrorBoundary.tsx
FN:22,(anonymous_5)
FN:26,(anonymous_6)
FN:30,(anonymous_7)
FN:45,(anonymous_8)
FNF:4
FNH:0
FNDA:0,(anonymous_5)
FNDA:0,(anonymous_6)
FNDA:0,(anonymous_7)
FNDA:0,(anonymous_8)
DA:3,0
DA:4,0
DA:17,0
DA:23,0
DA:27,0
DA:31,0
DA:32,0
DA:33,0
DA:45,0
DA:59,0
DA:63,0
LF:11
LH:0
BRDA:31,0,0,0
BRDA:32,1,0,0
BRDA:41,2,0,0
BRDA:41,2,1,0
BRF:4
BRH:0
end_of_record
TN:
SF:components\common\LoadingSpinner.tsx
FN:8,(anonymous_1)
FNF:1
FNH:0
FNDA:0,(anonymous_1)
DA:8,0
DA:9,0
DA:28,0
LF:3
LH:0
BRDA:8,0,0,0
BRDA:8,1,0,0
BRF:2
BRH:0
end_of_record
TN:
SF:components\common\SkeletonLoader.tsx
FN:8,(anonymous_4)
FN:11,(anonymous_5)
FN:22,(anonymous_6)
FN:29,(anonymous_7)
FN:31,(anonymous_8)
FN:45,(anonymous_9)
FNF:6
FNH:0
FNDA:0,(anonymous_4)
FNDA:0,(anonymous_5)
FNDA:0,(anonymous_6)
FNDA:0,(anonymous_7)
FNDA:0,(anonymous_8)
FNDA:0,(anonymous_9)
DA:8,0
DA:12,0
DA:22,0
DA:30,0
DA:32,0
DA:45,0
LF:6
LH:0
BRDA:8,0,0,0
BRDA:8,1,0,0
BRDA:15,2,0,0
BRDA:15,2,1,0
BRDA:23,3,0,0
BRDA:24,4,0,0
BRDA:35,5,0,0
BRDA:35,5,1,0
BRF:8
BRH:0
end_of_record
TN:
SF:components\common\ToastContainer.tsx
FN:6,ToastContainer
FN:12,(anonymous_2)
FN:13,(anonymous_3)
FN:13,(anonymous_4)
FN:25,(anonymous_5)
FN:71,(anonymous_6)
FNF:6
FNH:2
FNDA:14,ToastContainer
FNDA:0,(anonymous_2)
FNDA:0,(anonymous_3)
FNDA:0,(anonymous_4)
FNDA:1,(anonymous_5)
FNDA:0,(anonymous_6)
DA:3,2
DA:4,2
DA:6,14
DA:7,14
DA:8,14
DA:10,14
DA:12,14
DA:13,0
DA:16,14
DA:26,1
DA:71,0
LF:11
LH:9
BRDA:8,0,0,0
BRDA:16,1,0,13
BRDA:29,2,0,0
BRDA:29,2,1,1
BRDA:31,3,0,1
BRDA:31,3,1,0
BRDA:33,4,0,0
BRDA:33,4,1,0
BRDA:41,5,0,0
BRDA:41,5,1,1
BRDA:43,6,0,1
BRDA:43,6,1,0
BRDA:45,7,0,0
BRDA:45,7,1,0
BRDA:50,8,0,1
BRDA:50,8,1,0
BRDA:51,9,0,1
BRDA:51,9,1,1
BRDA:52,10,0,1
BRDA:52,10,1,0
BRDA:53,11,0,1
BRDA:53,11,1,0
BRDA:58,12,0,0
BRDA:58,12,1,1
BRDA:60,13,0,1
BRDA:60,13,1,0
BRDA:62,14,0,0
BRDA:62,14,1,0
BRF:28
BRH:12
end_of_record
TN:
SF:components\layout\Header.tsx
FN:7,Header
FNF:1
FNH:0
FNDA:0,Header
DA:3,0
DA:5,0
DA:7,0
DA:8,0
LF:4
LH:0
BRDA:15,0,0,0
BRF:1
BRH:0
end_of_record
TN:
SF:components\layout\Layout.tsx
FN:11,Layout
FNF:1
FNH:0
FNDA:0,Layout
DA:4,0
DA:5,0
DA:11,0
LF:3
LH:0
BRF:0
BRH:0
end_of_record
TN:
SF:components\layout\Sidebar.tsx
FN:27,Sidebar
FN:33,(anonymous_3)
FNF:2
FNH:0
FNDA:0,Sidebar
FNDA:0,(anonymous_3)
DA:3,0
DA:4,0
DA:5,0
DA:7,0
DA:27,0
DA:28,0
DA:34,0
DA:35,0
LF:8
LH:0
BRDA:34,0,0,0
BRDA:34,0,1,0
BRDA:41,1,0,0
BRDA:41,1,1,0
BRDA:45,2,0,0
BRDA:45,2,1,0
BRF:6
BRH:0
end_of_record
TN:
SF:components\pages\ar\DeferredRevenuePage.tsx
FN:8,DeferredRevenuePage
FN:17,(anonymous_3)
FN:53,(anonymous_4)
FN:72,(anonymous_5)
FN:84,(anonymous_6)
FN:85,(anonymous_7)
FN:86,(anonymous_8)
FN:163,(anonymous_9)
FN:185,(anonymous_10)
FNF:9
FNH:0
FNDA:0,DeferredRevenuePage
FNDA:0,(anonymous_3)
FNDA:0,(anonymous_4)
FNDA:0,(anonymous_5)
FNDA:0,(anonymous_6)
FNDA:0,(anonymous_7)
FNDA:0,(anonymous_8)
FNDA:0,(anonymous_9)
FNDA:0,(anonymous_10)
DA:3,0
DA:4,0
DA:5,0
DA:6,0
DA:8,0
DA:9,0
DA:10,0
DA:11,0
DA:15,0
DA:17,0
DA:18,0
DA:19,0
DA:20,0
DA:22,0
DA:27,0
DA:35,0
DA:53,0
DA:72,0
DA:85,0
DA:86,0
DA:88,0
DA:92,0
DA:164,0
DA:185,0
LF:24
LH:0
BRDA:12,0,0,0
BRDA:12,0,1,0
BRDA:13,1,0,0
BRDA:13,1,1,0
BRDA:18,2,0,0
BRDA:27,3,0,0
BRDA:35,4,0,0
BRDA:79,5,0,0
BRDA:78,6,0,0
BRDA:78,6,1,0
BRDA:85,7,0,0
BRDA:85,7,1,0
BRDA:86,8,0,0
BRDA:86,8,1,0
BRDA:88,9,0,0
BRDA:88,9,1,0
BRDA:174,10,0,0
BRDA:174,10,1,0
BRDA:179,11,0,0
BRDA:179,11,1,0
BRDA:183,12,0,0
BRDA:192,13,0,0
BRF:22
BRH:0
end_of_record
TN:
SF:components\pages\chart-of-accounts\ChartOfAccountsPage.tsx
FN:7,ChartOfAccountsPage
FN:14,(anonymous_3)
FN:60,(anonymous_4)
FN:92,(anonymous_5)
FN:124,(anonymous_6)
FNF:5
FNH:0
FNDA:0,ChartOfAccountsPage
FNDA:0,(anonymous_3)
FNDA:0,(anonymous_4)
FNDA:0,(anonymous_5)
FNDA:0,(anonymous_6)
DA:3,0
DA:4,0
DA:5,0
DA:7,0
DA:8,0
DA:9,0
DA:12,0
DA:14,0
DA:15,0
DA:16,0
DA:17,0
DA:19,0
DA:24,0
DA:32,0
DA:60,0
DA:93,0
DA:124,0
LF:17
LH:0
BRDA:10,0,0,0
BRDA:10,0,1,0
BRDA:15,1,0,0
BRDA:24,2,0,0
BRDA:32,3,0,0
BRDA:73,4,0,0
BRDA:72,5,0,0
BRDA:72,5,1,0
BRDA:102,6,0,0
BRDA:102,6,1,0
BRDA:107,7,0,0
BRDA:107,7,1,0
BRF:12
BRH:0
end_of_record
TN:
SF:components\pages\dashboard\DashboardPage.tsx
FN:11,DashboardPage
FN:77,(anonymous_3)
FN:145,(anonymous_4)
FN:153,(anonymous_5)
FN:162,(anonymous_6)
FN:163,(anonymous_7)
FN:170,(anonymous_8)
FN:171,(anonymous_9)
FNF:8
FNH:0
FNDA:0,DashboardPage
FNDA:0,(anonymous_3)
FNDA:0,(anonymous_4)
FNDA:0,(anonymous_5)
FNDA:0,(anonymous_6)
FNDA:0,(anonymous_7)
FNDA:0,(anonymous_8)
FNDA:0,(anonymous_9)
DA:3,0
DA:4,0
DA:5,0
DA:8,0
DA:9,0
DA:11,0
DA:12,0
DA:13,0
DA:14,0
DA:16,0
DA:17,0
DA:21,0
DA:25,0
DA:30,0
DA:31,0
DA:32,0
DA:33,0
DA:35,0
DA:78,0
DA:145,0
DA:153,0
DA:162,0
DA:163,0
DA:170,0
DA:171,0
LF:25
LH:0
BRDA:13,0,0,0
BRDA:13,0,1,0
BRDA:14,1,0,0
BRDA:14,1,1,0
BRDA:30,2,0,0
BRDA:30,2,1,0
BRDA:31,3,0,0
BRDA:31,3,1,0
BRDA:32,4,0,0
BRDA:32,4,1,0
BRDA:33,5,0,0
BRDA:33,5,1,0
BRDA:35,6,0,0
BRDA:35,6,1,0
BRDA:55,7,0,0
BRDA:55,7,1,0
BRDA:74,8,0,0
BRDA:92,9,0,0
BRDA:92,9,1,0
BRDA:94,10,0,0
BRDA:94,10,1,0
BRDA:128,11,0,0
BRDA:128,11,1,0
BRDA:128,11,2,0
BRDA:161,12,0,0
BRDA:161,12,1,0
BRF:26
BRH:0
end_of_record
TN:
SF:components\pages\dimensions\DimensionFormPage.tsx
FN:19,DimensionFormPage
FN:59,(anonymous_2)
FN:158,(anonymous_3)
FNF:3
FNH:0
FNDA:0,DimensionFormPage
FNDA:0,(anonymous_2)
FNDA:0,(anonymous_3)
DA:3,0
DA:4,0
DA:5,0
DA:6,0
DA:7,0
DA:9,0
DA:19,0
DA:20,0
DA:21,0
DA:22,0
DA:23,0
DA:24,0
DA:25,0
DA:26,0
DA:32,0
DA:51,0
DA:59,0
DA:60,0
DA:61,0
DA:62,0
DA:64,0
DA:66,0
DA:68,0
DA:158,0
LF:24
LH:0
BRDA:24,0,0,0
BRDA:24,0,1,0
BRDA:34,1,0,0
BRDA:34,1,1,0
BRDA:34,2,0,0
BRDA:34,2,1,0
BRDA:51,3,0,0
BRDA:51,4,0,0
BRDA:51,4,1,0
BRDA:61,5,0,0
BRDA:61,5,1,0
BRDA:61,6,0,0
BRDA:61,6,1,0
BRDA:76,7,0,0
BRDA:76,7,1,0
BRDA:79,8,0,0
BRDA:79,8,1,0
BRDA:92,9,0,0
BRDA:92,9,1,0
BRDA:95,10,0,0
BRDA:107,11,0,0
BRDA:107,11,1,0
BRDA:110,12,0,0
BRDA:122,13,0,0
BRDA:122,13,1,0
BRDA:125,14,0,0
BRDA:166,15,0,0
BRDA:166,15,1,0
BRDA:168,16,0,0
BRDA:168,16,1,0
BRDA:168,17,0,0
BRDA:168,17,1,0
BRDA:170,18,0,0
BRDA:170,18,1,0
BRF:34
BRH:0
end_of_record
TN:
SF:components\pages\journal-entries\JournalEntryListPage.tsx
FN:8,JournalEntryListPage
FN:52,(anonymous_3)
FN:95,(anonymous_4)
FNF:3
FNH:0
FNDA:0,JournalEntryListPage
FNDA:0,(anonymous_3)
FNDA:0,(anonymous_4)
DA:3,0
DA:4,0
DA:5,0
DA:6,0
DA:8,0
DA:9,0
DA:10,0
DA:14,0
DA:22,0
DA:30,0
DA:52,0
DA:96,0
LF:12
LH:0
BRDA:11,0,0,0
BRDA:11,0,1,0
BRDA:14,1,0,0
BRDA:22,2,0,0
BRDA:30,3,0,0
BRDA:30,3,1,0
BRDA:63,4,0,0
BRDA:107,5,0,0
BRDA:107,5,1,0
BRDA:109,6,0,0
BRDA:109,6,1,0
BRDA:118,7,0,0
BRDA:118,7,1,0
BRF:13
BRH:0
end_of_record
TN:
SF:components\pages\payroll\PayrollRunDetailPage.tsx
FN:15,PayrollRunDetailPage
FN:43,(anonymous_3)
FN:53,(anonymous_4)
FN:63,(anonymous_5)
FN:77,(anonymous_6)
FN:194,(anonymous_7)
FN:200,(anonymous_8)
FN:235,(anonymous_9)
FNF:8
FNH:0
FNDA:0,PayrollRunDetailPage
FNDA:0,(anonymous_3)
FNDA:0,(anonymous_4)
FNDA:0,(anonymous_5)
FNDA:0,(anonymous_6)
FNDA:0,(anonymous_7)
FNDA:0,(anonymous_8)
FNDA:0,(anonymous_9)
DA:3,0
DA:4,0
DA:5,0
DA:12,0
DA:13,0
DA:15,0
DA:16,0
DA:17,0
DA:18,0
DA:19,0
DA:20,0
DA:21,0
DA:22,0
DA:23,0
DA:25,0
DA:27,0
DA:35,0
DA:43,0
DA:44,0
DA:45,0
DA:46,0
DA:48,0
DA:53,0
DA:54,0
DA:55,0
DA:56,0
DA:58,0
DA:63,0
DA:64,0
DA:69,0
DA:70,0
DA:72,0
DA:77,0
DA:195,0
DA:200,0
DA:236,0
LF:36
LH:0
BRDA:27,0,0,0
BRDA:35,1,0,0
BRDA:35,2,0,0
BRDA:35,2,1,0
BRDA:44,3,0,0
BRDA:54,4,0,0
BRDA:64,5,0,0
BRDA:92,6,0,0
BRDA:98,7,0,0
BRDA:98,7,1,0
BRDA:101,8,0,0
BRDA:107,9,0,0
BRDA:107,9,1,0
BRDA:110,10,0,0
BRDA:112,11,0,0
BRDA:112,11,1,0
BRDA:137,12,0,0
BRDA:137,12,1,0
BRDA:139,13,0,0
BRDA:139,13,1,0
BRDA:141,14,0,0
BRDA:141,14,1,0
BRDA:143,15,0,0
BRDA:143,15,1,0
BRDA:181,16,0,0
BRDA:180,17,0,0
BRDA:180,17,1,0
BRDA:198,18,0,0
BRDA:198,18,1,0
BRDA:215,19,0,0
BRDA:231,20,0,0
BRDA:231,20,1,0
BRF:32
BRH:0
end_of_record
TN:
SF:components\pages\payroll\PayslipPage.tsx
FN:8,PayslipPage
FN:66,(anonymous_3)
FN:67,(anonymous_4)
FN:84,(anonymous_5)
FN:85,(anonymous_6)
FN:91,(anonymous_7)
FNF:6
FNH:0
FNDA:0,PayslipPage
FNDA:0,(anonymous_3)
FNDA:0,(anonymous_4)
FNDA:0,(anonymous_5)
FNDA:0,(anonymous_6)
FNDA:0,(anonymous_7)
DA:3,0
DA:4,0
DA:5,0
DA:6,0
DA:8,0
DA:9,0
DA:10,0
DA:11,0
DA:12,0
DA:13,0
DA:15,0
DA:23,0
DA:66,0
DA:68,0
DA:84,0
DA:86,0
DA:91,0
LF:17
LH:0
BRDA:13,0,0,0
BRDA:13,0,1,0
BRDA:13,1,0,0
BRDA:13,1,1,0
BRDA:15,2,0,0
BRDA:23,3,0,0
BRDA:23,4,0,0
BRDA:23,4,1,0
BRDA:91,5,0,0
BRF:9
BRH:0
end_of_record
TN:
SF:components\pages\periods\PeriodFormPage.tsx
FN:16,(anonymous_1)
FN:22,PeriodFormPage
FN:41,(anonymous_3)
FN:138,(anonymous_4)
FNF:4
FNH:0
FNDA:0,(anonymous_1)
FNDA:0,PeriodFormPage
FNDA:0,(anonymous_3)
FNDA:0,(anonymous_4)
DA:3,0
DA:4,0
DA:5,0
DA:6,0
DA:7,0
DA:9,0
DA:16,0
DA:22,0
DA:23,0
DA:24,0
DA:30,0
DA:41,0
DA:42,0
DA:43,0
DA:44,0
DA:46,0
DA:138,0
LF:17
LH:0
BRDA:66,0,0,0
BRDA:66,0,1,0
BRDA:69,1,0,0
BRDA:81,2,0,0
BRDA:81,2,1,0
BRDA:84,3,0,0
BRDA:96,4,0,0
BRDA:96,4,1,0
BRDA:99,5,0,0
BRDA:112,6,0,0
BRDA:112,6,1,0
BRDA:114,7,0,0
BRDA:127,8,0,0
BRDA:127,8,1,0
BRDA:129,9,0,0
BRDA:148,10,0,0
BRDA:148,10,1,0
BRF:17
BRH:0
end_of_record
TN:
SF:components\pages\reports\CashFlowPage.tsx
FN:10,CashFlowPage
FN:24,(anonymous_2)
FN:46,(anonymous_3)
FN:95,(anonymous_4)
FN:175,(anonymous_5)
FNF:5
FNH:0
FNDA:0,CashFlowPage
FNDA:0,(anonymous_2)
FNDA:0,(anonymous_3)
FNDA:0,(anonymous_4)
FNDA:0,(anonymous_5)
DA:3,0
DA:4,0
DA:5,0
DA:6,0
DA:7,0
DA:8,0
DA:10,0
DA:11,0
DA:12,0
DA:13,0
DA:14,0
DA:15,0
DA:17,0
DA:24,0
DA:25,0
DA:26,0
DA:32,0
DA:33,0
DA:34,0
DA:35,0
DA:36,0
DA:37,0
DA:38,0
DA:39,0
DA:41,0
DA:42,0
DA:46,0
DA:47,0
DA:48,0
DA:54,0
DA:55,0
DA:56,0
DA:57,0
DA:58,0
DA:59,0
DA:60,0
DA:61,0
DA:63,0
DA:64,0
DA:68,0
DA:76,0
DA:95,0
DA:175,0
LF:43
LH:0
BRDA:12,0,0,0
BRDA:12,0,1,0
BRDA:13,1,0,0
BRDA:13,1,1,0
BRDA:20,2,0,0
BRDA:20,2,1,0
BRDA:68,3,0,0
BRDA:76,4,0,0
BRDA:89,5,0,0
BRDA:89,5,1,0
BRDA:112,6,0,0
BRDA:112,6,1,0
BRDA:119,7,0,0
BRDA:119,7,1,0
BRDA:126,8,0,0
BRDA:126,8,1,0
BRDA:132,9,0,0
BRDA:132,9,1,0
BRDA:139,10,0,0
BRDA:139,10,1,0
BRDA:145,11,0,0
BRDA:145,11,1,0
BRDA:152,12,0,0
BRDA:160,13,0,0
BRDA:160,13,1,0
BRDA:164,14,0,0
BRDA:164,14,1,0
BRDA:168,15,0,0
BRDA:168,15,1,0
BRF:29
BRH:0
end_of_record
TN:
SF:components\pages\reports\GLDetailPage.tsx
FN:10,GLDetailPage
FN:32,(anonymous_2)
FN:56,(anonymous_3)
FN:97,(anonymous_4)
FN:101,(anonymous_5)
FN:112,(anonymous_6)
FN:117,(anonymous_7)
FN:128,(anonymous_8)
FN:130,(anonymous_9)
FN:139,(anonymous_10)
FN:141,(anonymous_11)
FN:219,(anonymous_12)
FN:237,(anonymous_13)
FN:242,(anonymous_14)
FN:246,(anonymous_15)
FN:264,(anonymous_16)
FN:268,(anonymous_17)
FN:269,(anonymous_18)
FN:294,(anonymous_19)
FN:313,(anonymous_20)
FN:320,(anonymous_21)
FN:327,(anonymous_22)
FN:353,(anonymous_23)
FN:384,(anonymous_24)
FN:384,(anonymous_25)
FN:391,(anonymous_26)
FN:391,(anonymous_27)
FNF:27
FNH:0
FNDA:0,GLDetailPage
FNDA:0,(anonymous_2)
FNDA:0,(anonymous_3)
FNDA:0,(anonymous_4)
FNDA:0,(anonymous_5)
FNDA:0,(anonymous_6)
FNDA:0,(anonymous_7)
FNDA:0,(anonymous_8)
FNDA:0,(anonymous_9)
FNDA:0,(anonymous_10)
FNDA:0,(anonymous_11)
FNDA:0,(anonymous_12)
FNDA:0,(anonymous_13)
FNDA:0,(anonymous_14)
FNDA:0,(anonymous_15)
FNDA:0,(anonymous_16)
FNDA:0,(anonymous_17)
FNDA:0,(anonymous_18)
FNDA:0,(anonymous_19)
FNDA:0,(anonymous_20)
FNDA:0,(anonymous_21)
FNDA:0,(anonymous_22)
FNDA:0,(anonymous_23)
FNDA:0,(anonymous_24)
FNDA:0,(anonymous_25)
FNDA:0,(anonymous_26)
FNDA:0,(anonymous_27)
DA:3,0
DA:4,0
DA:5,0
DA:6,0
DA:7,0
DA:8,0
DA:10,0
DA:11,0
DA:12,0
DA:13,0
DA:14,0
DA:15,0
DA:16,0
DA:17,0
DA:18,0
DA:19,0
DA:21,0
DA:32,0
DA:33,0
DA:34,0
DA:42,0
DA:43,0
DA:44,0
DA:45,0
DA:46,0
DA:47,0
DA:48,0
DA:49,0
DA:51,0
DA:52,0
DA:56,0
DA:57,0
DA:58,0
DA:66,0
DA:67,0
DA:68,0
DA:69,0
DA:70,0
DA:71,0
DA:72,0
DA:73,0
DA:75,0
DA:76,0
DA:80,0
DA:88,0
DA:97,0
DA:98,0
DA:101,0
DA:102,0
DA:103,0
DA:104,0
DA:106,0
DA:107,0
DA:108,0
DA:109,0
DA:112,0
DA:113,0
DA:117,0
DA:118,0
DA:119,0
DA:120,0
DA:122,0
DA:123,0
DA:124,0
DA:127,0
DA:128,0
DA:130,0
DA:138,0
DA:139,0
DA:141,0
DA:146,0
DA:153,0
DA:154,0
DA:155,0
DA:156,0
DA:158,0
DA:219,0
DA:237,0
DA:243,0
DA:246,0
DA:264,0
DA:268,0
DA:269,0
DA:295,0
DA:296,0
DA:313,0
DA:320,0
DA:327,0
DA:354,0
DA:384,0
DA:391,0
LF:91
LH:0
BRDA:12,0,0,0
BRDA:12,0,1,0
BRDA:13,1,0,0
BRDA:13,1,1,0
BRDA:24,2,0,0
BRDA:24,2,1,0
BRDA:26,3,0,0
BRDA:26,3,1,0
BRDA:27,4,0,0
BRDA:27,4,1,0
BRDA:80,5,0,0
BRDA:88,6,0,0
BRDA:98,7,0,0
BRDA:103,8,0,0
BRDA:119,9,0,0
BRDA:153,10,0,0
BRDA:153,10,1,0
BRDA:154,11,0,0
BRDA:154,11,1,0
BRDA:156,12,0,0
BRDA:156,12,1,0
BRDA:191,13,0,0
BRDA:191,13,1,0
BRDA:204,14,0,0
BRDA:227,15,0,0
BRDA:253,16,0,0
BRDA:280,17,0,0
BRDA:295,18,0,0
BRDA:334,19,0,0
BRDA:333,20,0,0
BRDA:333,20,1,0
BRDA:333,20,2,0
BRDA:362,21,0,0
BRDA:362,21,1,0
BRDA:364,22,0,0
BRDA:364,22,1,0
BRDA:367,23,0,0
BRDA:367,23,1,0
BRDA:380,24,0,0
BRDA:380,24,1,0
BRDA:392,25,0,0
BRDA:392,25,1,0
BRF:42
BRH:0
end_of_record
TN:
SF:components\pages\reports\PLBalanceSheetPage.tsx
FN:10,PLBalanceSheetPage
FN:25,(anonymous_2)
FN:47,(anonymous_3)
FN:112,(anonymous_4)
FN:121,(anonymous_5)
FN:164,(anonymous_6)
FN:213,(anonymous_7)
FN:218,(anonymous_8)
FN:222,(anonymous_9)
FNF:9
FNH:0
FNDA:0,PLBalanceSheetPage
FNDA:0,(anonymous_2)
FNDA:0,(anonymous_3)
FNDA:0,(anonymous_4)
FNDA:0,(anonymous_5)
FNDA:0,(anonymous_6)
FNDA:0,(anonymous_7)
FNDA:0,(anonymous_8)
FNDA:0,(anonymous_9)
DA:3,0
DA:4,0
DA:5,0
DA:6,0
DA:7,0
DA:8,0
DA:10,0
DA:11,0
DA:12,0
DA:13,0
DA:14,0
DA:15,0
DA:16,0
DA:18,0
DA:25,0
DA:26,0
DA:27,0
DA:33,0
DA:34,0
DA:35,0
DA:36,0
DA:37,0
DA:38,0
DA:39,0
DA:40,0
DA:42,0
DA:43,0
DA:47,0
DA:48,0
DA:49,0
DA:55,0
DA:56,0
DA:57,0
DA:58,0
DA:59,0
DA:60,0
DA:61,0
DA:62,0
DA:64,0
DA:65,0
DA:69,0
DA:77,0
DA:86,0
DA:92,0
DA:98,0
DA:112,0
DA:121,0
DA:164,0
DA:213,0
DA:219,0
DA:222,0
LF:51
LH:0
BRDA:12,0,0,0
BRDA:12,0,1,0
BRDA:13,1,0,0
BRDA:13,1,1,0
BRDA:21,2,0,0
BRDA:21,2,1,0
BRDA:69,3,0,0
BRDA:77,4,0,0
BRDA:86,5,0,0
BRDA:86,5,1,0
BRDA:86,6,0,0
BRDA:86,6,1,0
BRDA:87,7,0,0
BRDA:87,7,1,0
BRDA:88,8,0,0
BRDA:88,8,1,0
BRDA:89,9,0,0
BRDA:89,9,1,0
BRDA:92,10,0,0
BRDA:92,10,1,0
BRDA:92,11,0,0
BRDA:92,11,1,0
BRDA:93,12,0,0
BRDA:93,12,1,0
BRDA:94,13,0,0
BRDA:94,13,1,0
BRDA:95,14,0,0
BRDA:95,14,1,0
BRDA:105,15,0,0
BRDA:105,15,1,0
BRDA:107,16,0,0
BRDA:107,16,1,0
BRDA:134,17,0,0
BRDA:138,18,0,0
BRDA:138,18,1,0
BRDA:142,19,0,0
BRDA:142,19,1,0
BRDA:148,20,0,0
BRDA:148,20,1,0
BRDA:148,21,0,0
BRDA:148,21,1,0
BRDA:151,22,0,0
BRDA:151,22,1,0
BRDA:156,23,0,0
BRDA:177,24,0,0
BRDA:177,24,1,0
BRDA:181,25,0,0
BRDA:181,25,1,0
BRDA:185,26,0,0
BRDA:185,26,1,0
BRDA:191,27,0,0
BRDA:191,27,1,0
BRDA:191,28,0,0
BRDA:191,28,1,0
BRDA:191,29,0,0
BRDA:191,29,1,0
BRDA:191,30,0,0
BRDA:191,30,1,0
BRDA:197,31,0,0
BRDA:197,31,1,0
BRDA:197,32,0,0
BRDA:197,32,1,0
BRDA:197,33,0,0
BRDA:197,33,1,0
BRDA:203,34,0,0
BRF:65
BRH:0
end_of_record
TN:
SF:components\pages\reports\ReportsPage.tsx
FN:5,ReportsPage
FN:65,(anonymous_3)
FNF:2
FNH:0
FNDA:0,ReportsPage
FNDA:0,(anonymous_3)
DA:3,0
DA:5,0
DA:6,0
DA:66,0
LF:4
LH:0
BRF:0
BRH:0
end_of_record
TN:
SF:components\pages\reports\TrialBalancePage.tsx
FN:10,TrialBalancePage
FN:24,(anonymous_2)
FN:46,(anonymous_3)
FN:84,(anonymous_4)
FN:85,(anonymous_5)
FN:89,(anonymous_6)
FN:96,(anonymous_7)
FN:102,(anonymous_8)
FN:125,(anonymous_9)
FN:169,(anonymous_10)
FN:189,(anonymous_11)
FN:216,(anonymous_12)
FNF:12
FNH:0
FNDA:0,TrialBalancePage
FNDA:0,(anonymous_2)
FNDA:0,(anonymous_3)
FNDA:0,(anonymous_4)
FNDA:0,(anonymous_5)
FNDA:0,(anonymous_6)
FNDA:0,(anonymous_7)
FNDA:0,(anonymous_8)
FNDA:0,(anonymous_9)
FNDA:0,(anonymous_10)
FNDA:0,(anonymous_11)
FNDA:0,(anonymous_12)
DA:3,0
DA:4,0
DA:5,0
DA:6,0
DA:7,0
DA:8,0
DA:10,0
DA:11,0
DA:12,0
DA:13,0
DA:14,0
DA:15,0
DA:17,0
DA:24,0
DA:25,0
DA:26,0
DA:32,0
DA:33,0
DA:34,0
DA:35,0
DA:36,0
DA:37,0
DA:38,0
DA:39,0
DA:41,0
DA:42,0
DA:46,0
DA:47,0
DA:48,0
DA:54,0
DA:55,0
DA:56,0
DA:57,0
DA:58,0
DA:59,0
DA:60,0
DA:61,0
DA:63,0
DA:64,0
DA:68,0
DA:76,0
DA:84,0
DA:85,0
DA:88,0
DA:89,0
DA:96,0
DA:100,0
DA:103,0
DA:104,0
DA:105,0
DA:107,0
DA:109,0
DA:125,0
DA:169,0
DA:189,0
DA:217,0
LF:56
LH:0
BRDA:12,0,0,0
BRDA:12,0,1,0
BRDA:13,1,0,0
BRDA:13,1,1,0
BRDA:20,2,0,0
BRDA:20,2,1,0
BRDA:68,3,0,0
BRDA:76,4,0,0
BRDA:84,5,0,0
BRDA:84,5,1,0
BRDA:85,6,0,0
BRDA:85,6,1,0
BRDA:88,7,0,0
BRDA:88,7,1,0
BRDA:91,8,0,0
BRDA:91,8,1,0
BRDA:100,9,0,0
BRDA:100,9,1,0
BRDA:104,10,0,0
BRDA:104,10,1,0
BRDA:119,11,0,0
BRDA:119,11,1,0
BRDA:151,12,0,0
BRDA:151,12,1,0
BRDA:160,13,0,0
BRDA:201,14,0,0
BRDA:200,15,0,0
BRDA:200,15,1,0
BRDA:200,15,2,0
BRDA:223,16,0,0
BRDA:223,16,1,0
BRDA:226,17,0,0
BRDA:226,17,1,0
BRF:33
BRH:0
end_of_record
TN:
SF:components\pages\treasury\BankAccountFormPage.tsx
FN:23,BankAccountFormPage
FN:71,(anonymous_2)
FN:228,(anonymous_3)
FNF:3
FNH:0
FNDA:0,BankAccountFormPage
FNDA:0,(anonymous_2)
FNDA:0,(anonymous_3)
DA:3,0
DA:4,0
DA:5,0
DA:6,0
DA:7,0
DA:9,0
DA:23,0
DA:24,0
DA:25,0
DA:26,0
DA:27,0
DA:28,0
DA:29,0
DA:30,0
DA:36,0
DA:63,0
DA:71,0
DA:72,0
DA:73,0
DA:74,0
DA:76,0
DA:78,0
DA:80,0
DA:228,0
LF:24
LH:0
BRDA:28,0,0,0
BRDA:28,0,1,0
BRDA:38,1,0,0
BRDA:38,1,1,0
BRDA:38,2,0,0
BRDA:38,2,1,0
BRDA:44,3,0,0
BRDA:44,3,1,0
BRDA:63,4,0,0
BRDA:63,5,0,0
BRDA:63,5,1,0
BRDA:73,6,0,0
BRDA:73,6,1,0
BRDA:73,7,0,0
BRDA:73,7,1,0
BRDA:88,8,0,0
BRDA:88,8,1,0
BRDA:91,9,0,0
BRDA:91,9,1,0
BRDA:104,10,0,0
BRDA:104,10,1,0
BRDA:107,11,0,0
BRDA:119,12,0,0
BRDA:119,12,1,0
BRDA:122,13,0,0
BRDA:134,14,0,0
BRDA:134,14,1,0
BRDA:137,15,0,0
BRDA:149,16,0,0
BRDA:149,16,1,0
BRDA:152,17,0,0
BRDA:176,18,0,0
BRDA:176,18,1,0
BRDA:192,19,0,0
BRDA:192,19,1,0
BRDA:234,20,0,0
BRDA:234,20,1,0
BRDA:236,21,0,0
BRDA:236,21,1,0
BRDA:236,22,0,0
BRDA:236,22,1,0
BRDA:238,23,0,0
BRDA:238,23,1,0
BRF:43
BRH:0
end_of_record
TN:
SF:components\pages\treasury\BankAccountListPage.tsx
FN:8,BankAccountListPage
FN:15,(anonymous_3)
FN:61,(anonymous_4)
FN:93,(anonymous_5)
FN:134,(anonymous_6)
FNF:5
FNH:0
FNDA:0,BankAccountListPage
FNDA:0,(anonymous_3)
FNDA:0,(anonymous_4)
FNDA:0,(anonymous_5)
FNDA:0,(anonymous_6)
DA:3,0
DA:4,0
DA:5,0
DA:6,0
DA:8,0
DA:9,0
DA:10,0
DA:13,0
DA:15,0
DA:16,0
DA:17,0
DA:18,0
DA:20,0
DA:25,0
DA:33,0
DA:61,0
DA:94,0
DA:134,0
LF:18
LH:0
BRDA:11,0,0,0
BRDA:11,0,1,0
BRDA:16,1,0,0
BRDA:25,2,0,0
BRDA:33,3,0,0
BRDA:71,4,0,0
BRDA:70,5,0,0
BRDA:70,5,1,0
BRDA:106,6,0,0
BRDA:106,6,1,0
BRDA:111,7,0,0
BRDA:111,7,1,0
BRF:12
BRH:0
end_of_record
TN:
SF:components\pages\treasury\TransferFormPage.tsx
FN:18,(anonymous_1)
FN:25,TransferFormPage
FN:49,(anonymous_3)
FN:50,(anonymous_4)
FN:52,(anonymous_5)
FN:110,(anonymous_6)
FN:137,(anonymous_7)
FN:194,(anonymous_8)
FNF:8
FNH:0
FNDA:0,(anonymous_1)
FNDA:0,TransferFormPage
FNDA:0,(anonymous_3)
FNDA:0,(anonymous_4)
FNDA:0,(anonymous_5)
FNDA:0,(anonymous_6)
FNDA:0,(anonymous_7)
FNDA:0,(anonymous_8)
DA:3,0
DA:4,0
DA:5,0
DA:6,0
DA:7,0
DA:10,0
DA:18,0
DA:25,0
DA:26,0
DA:27,0
DA:28,0
DA:35,0
DA:48,0
DA:49,0
DA:50,0
DA:52,0
DA:53,0
DA:54,0
DA:55,0
DA:57,0
DA:111,0
DA:138,0
DA:194,0
LF:23
LH:0
BRDA:77,0,0,0
BRDA:77,0,1,0
BRDA:80,1,0,0
BRDA:93,2,0,0
BRDA:93,2,1,0
BRDA:95,3,0,0
BRDA:107,4,0,0
BRDA:107,4,1,0
BRDA:116,5,0,0
BRDA:119,6,0,0
BRDA:133,7,0,0
BRDA:133,7,1,0
BRDA:143,8,0,0
BRDA:158,9,0,0
BRDA:158,9,1,0
BRDA:161,10,0,0
BRDA:171,11,0,0
BRDA:171,11,1,0
BRDA:198,12,0,0
BRDA:198,12,1,0
BRF:20
BRH:0
end_of_record
TN:
SF:components\ui\button.tsx
FN:10,(anonymous_4)
FNF:1
FNH:0
FNDA:0,(anonymous_4)
DA:1,0
DA:2,0
DA:9,0
DA:37,0
DA:39,0
LF:5
LH:0
BRDA:10,0,0,0
BRDA:10,1,0,0
BRF:2
BRH:0
end_of_record
TN:
SF:components\ui\card.tsx
FNF:0
FNH:0
DA:1,0
DA:2,0
DA:13,0
DA:20,0
DA:31,0
DA:38,0
DA:45,0
DA:52,0
DA:54,0
LF:9
LH:0
BRF:0
BRH:0
end_of_record
TN:
SF:contexts\EntityBookContext.tsx
FN:23,(anonymous_6)
FN:38,(anonymous_7)
FN:47,(anonymous_8)
FN:55,(anonymous_9)
FN:71,(anonymous_10)
FN:82,(anonymous_11)
FN:98,(anonymous_12)
FN:114,(anonymous_13)
FN:124,(anonymous_14)
FN:129,(anonymous_15)
FN:135,(anonymous_16)
FN:136,(anonymous_17)
FNF:12
FNH:11
FNDA:52,(anonymous_6)
FNDA:56,(anonymous_7)
FNDA:13,(anonymous_8)
FNDA:26,(anonymous_9)
FNDA:20,(anonymous_10)
FNDA:9,(anonymous_11)
FNDA:2,(anonymous_12)
FNDA:0,(anonymous_13)
FNDA:26,(anonymous_14)
FNDA:34,(anonymous_15)
FNDA:40,(anonymous_16)
FNDA:17,(anonymous_17)
DA:3,2
DA:4,2
DA:5,2
DA:21,2
DA:23,52
DA:24,52
DA:25,51
DA:26,4
DA:28,47
DA:35,2
DA:36,2
DA:38,13
DA:39,56
DA:40,56
DA:41,56
DA:42,56
DA:43,56
DA:44,56
DA:47,56
DA:48,13
DA:49,13
DA:50,13
DA:51,13
DA:55,56
DA:56,26
DA:57,26
DA:58,23
DA:60,23
DA:61,12
DA:62,12
DA:65,2
DA:66,2
DA:71,56
DA:72,20
DA:73,0
DA:74,0
DA:76,20
DA:77,20
DA:78,20
DA:79,20
DA:81,20
DA:82,9
DA:83,9
DA:84,9
DA:85,9
DA:88,3
DA:89,3
DA:90,3
DA:92,20
DA:97,56
DA:99,2
DA:100,2
DA:101,2
DA:103,0
DA:106,2
DA:107,2
DA:108,2
DA:114,56
DA:115,0
DA:116,0
DA:117,0
DA:119,0
DA:124,56
DA:125,26
DA:129,56
DA:130,34
DA:131,20
DA:135,56
DA:136,56
LF:69
LH:62
BRDA:25,0,0,4
BRDA:50,1,0,1
BRDA:51,2,0,1
BRDA:60,3,0,12
BRDA:60,4,0,23
BRDA:60,4,1,12
BRDA:72,5,0,0
BRDA:81,6,0,9
BRDA:81,7,0,20
BRDA:81,7,1,12
BRDA:83,8,0,9
BRDA:83,8,1,0
BRDA:100,9,0,2
BRDA:100,9,1,0
BRDA:116,10,0,0
BRDA:116,10,1,0
BRDA:130,11,0,20
BRDA:135,12,0,56
BRDA:135,12,1,16
BRDA:136,13,0,56
BRDA:136,13,1,40
BRF:21
BRH:16
end_of_record
TN:
SF:contexts\ToastContext.tsx
FN:32,(anonymous_8)
FN:46,(anonymous_9)
FN:49,(anonymous_10)
FN:53,(anonymous_11)
FN:56,(anonymous_12)
FN:57,(anonymous_13)
FN:57,(anonymous_14)
FN:64,(anonymous_15)
FN:65,(anonymous_16)
FN:66,(anonymous_17)
FN:67,(anonymous_18)
FNF:11
FNH:5
FNDA:56,(anonymous_8)
FNDA:14,(anonymous_9)
FNDA:5,(anonymous_10)
FNDA:4,(anonymous_11)
FNDA:0,(anonymous_12)
FNDA:0,(anonymous_13)
FNDA:0,(anonymous_14)
FNDA:0,(anonymous_15)
FNDA:5,(anonymous_16)
FNDA:0,(anonymous_17)
FNDA:0,(anonymous_18)
DA:3,2
DA:4,2
DA:20,14
DA:30,2
DA:32,56
DA:33,56
DA:34,56
DA:35,0
DA:37,56
DA:44,2
DA:46,13
DA:47,14
DA:49,14
DA:50,5
DA:51,5
DA:53,5
DA:55,5
DA:56,5
DA:57,0
DA:61,5
DA:64,14
DA:65,14
DA:66,14
DA:67,14
LF:24
LH:22
BRDA:34,0,0,0
BRDA:49,1,0,0
BRDA:49,2,0,5
BRDA:55,3,0,5
BRF:4
BRH:2
end_of_record
TN:
SF:hooks\useAP.ts
FN:13,(anonymous_14)
FN:16,(anonymous_15)
FN:20,(anonymous_16)
FN:23,(anonymous_17)
FN:28,(anonymous_18)
FN:31,(anonymous_19)
FN:32,(anonymous_20)
FN:38,(anonymous_21)
FN:41,(anonymous_22)
FN:43,(anonymous_23)
FN:50,(anonymous_24)
FN:53,(anonymous_25)
FN:54,(anonymous_26)
FN:61,(anonymous_27)
FN:70,(anonymous_28)
FN:74,(anonymous_29)
FN:77,(anonymous_30)
FN:82,(anonymous_31)
FN:85,(anonymous_32)
FN:86,(anonymous_33)
FN:92,(anonymous_34)
FN:95,(anonymous_35)
FN:96,(anonymous_36)
FN:104,(anonymous_37)
FN:112,(anonymous_38)
FN:116,(anonymous_39)
FN:119,(anonymous_40)
FN:124,(anonymous_41)
FN:127,(anonymous_42)
FN:128,(anonymous_43)
FN:136,(anonymous_44)
FN:139,(anonymous_45)
FNF:32
FNH:0
FNDA:0,(anonymous_14)
FNDA:0,(anonymous_15)
FNDA:0,(anonymous_16)
FNDA:0,(anonymous_17)
FNDA:0,(anonymous_18)
FNDA:0,(anonymous_19)
FNDA:0,(anonymous_20)
FNDA:0,(anonymous_21)
FNDA:0,(anonymous_22)
FNDA:0,(anonymous_23)
FNDA:0,(anonymous_24)
FNDA:0,(anonymous_25)
FNDA:0,(anonymous_26)
FNDA:0,(anonymous_27)
FNDA:0,(anonymous_28)
FNDA:0,(anonymous_29)
FNDA:0,(anonymous_30)
FNDA:0,(anonymous_31)
FNDA:0,(anonymous_32)
FNDA:0,(anonymous_33)
FNDA:0,(anonymous_34)
FNDA:0,(anonymous_35)
FNDA:0,(anonymous_36)
FNDA:0,(anonymous_37)
FNDA:0,(anonymous_38)
FNDA:0,(anonymous_39)
FNDA:0,(anonymous_40)
FNDA:0,(anonymous_41)
FNDA:0,(anonymous_42)
FNDA:0,(anonymous_43)
FNDA:0,(anonymous_44)
FNDA:0,(anonymous_45)
DA:1,0
DA:10,0
DA:13,0
DA:14,0
DA:16,0
DA:20,0
DA:21,0
DA:23,0
DA:28,0
DA:29,0
DA:30,0
DA:31,0
DA:33,0
DA:38,0
DA:39,0
DA:40,0
DA:42,0
DA:44,0
DA:45,0
DA:50,0
DA:51,0
DA:52,0
DA:53,0
DA:55,0
DA:61,0
DA:68,0
DA:70,0
DA:74,0
DA:75,0
DA:77,0
DA:82,0
DA:83,0
DA:84,0
DA:85,0
DA:87,0
DA:92,0
DA:93,0
DA:94,0
DA:95,0
DA:97,0
DA:98,0
DA:104,0
DA:110,0
DA:112,0
DA:116,0
DA:117,0
DA:119,0
DA:124,0
DA:125,0
DA:126,0
DA:127,0
DA:129,0
DA:130,0
DA:136,0
DA:137,0
DA:139,0
LF:56
LH:0
BRDA:140,0,0,0
BRDA:140,0,1,0
BRF:2
BRH:0
end_of_record
TN:
SF:hooks\useAR.ts
FN:14,(anonymous_17)
FN:17,(anonymous_18)
FN:21,(anonymous_19)
FN:24,(anonymous_20)
FN:29,(anonymous_21)
FN:32,(anonymous_22)
FN:33,(anonymous_23)
FN:39,(anonymous_24)
FN:42,(anonymous_25)
FN:44,(anonymous_26)
FN:51,(anonymous_27)
FN:54,(anonymous_28)
FN:55,(anonymous_29)
FN:62,(anonymous_30)
FN:71,(anonymous_31)
FN:75,(anonymous_32)
FN:78,(anonymous_33)
FN:83,(anonymous_34)
FN:86,(anonymous_35)
FN:87,(anonymous_36)
FN:93,(anonymous_37)
FN:96,(anonymous_38)
FN:97,(anonymous_39)
FN:105,(anonymous_40)
FN:113,(anonymous_41)
FN:117,(anonymous_42)
FN:120,(anonymous_43)
FN:125,(anonymous_44)
FN:128,(anonymous_45)
FN:129,(anonymous_46)
FN:137,(anonymous_47)
FN:144,(anonymous_48)
FN:148,(anonymous_49)
FN:151,(anonymous_50)
FN:156,(anonymous_51)
FN:159,(anonymous_52)
FN:161,(anonymous_53)
FN:169,(anonymous_54)
FN:172,(anonymous_55)
FNF:39
FNH:0
FNDA:0,(anonymous_17)
FNDA:0,(anonymous_18)
FNDA:0,(anonymous_19)
FNDA:0,(anonymous_20)
FNDA:0,(anonymous_21)
FNDA:0,(anonymous_22)
FNDA:0,(anonymous_23)
FNDA:0,(anonymous_24)
FNDA:0,(anonymous_25)
FNDA:0,(anonymous_26)
FNDA:0,(anonymous_27)
FNDA:0,(anonymous_28)
FNDA:0,(anonymous_29)
FNDA:0,(anonymous_30)
FNDA:0,(anonymous_31)
FNDA:0,(anonymous_32)
FNDA:0,(anonymous_33)
FNDA:0,(anonymous_34)
FNDA:0,(anonymous_35)
FNDA:0,(anonymous_36)
FNDA:0,(anonymous_37)
FNDA:0,(anonymous_38)
FNDA:0,(anonymous_39)
FNDA:0,(anonymous_40)
FNDA:0,(anonymous_41)
FNDA:0,(anonymous_42)
FNDA:0,(anonymous_43)
FNDA:0,(anonymous_44)
FNDA:0,(anonymous_45)
FNDA:0,(anonymous_46)
FNDA:0,(anonymous_47)
FNDA:0,(anonymous_48)
FNDA:0,(anonymous_49)
FNDA:0,(anonymous_50)
FNDA:0,(anonymous_51)
FNDA:0,(anonymous_52)
FNDA:0,(anonymous_53)
FNDA:0,(anonymous_54)
FNDA:0,(anonymous_55)
DA:1,0
DA:11,0
DA:14,0
DA:15,0
DA:17,0
DA:21,0
DA:22,0
DA:24,0
DA:29,0
DA:30,0
DA:31,0
DA:32,0
DA:34,0
DA:39,0
DA:40,0
DA:41,0
DA:43,0
DA:45,0
DA:46,0
DA:51,0
DA:52,0
DA:53,0
DA:54,0
DA:56,0
DA:62,0
DA:69,0
DA:71,0
DA:75,0
DA:76,0
DA:78,0
DA:83,0
DA:84,0
DA:85,0
DA:86,0
DA:88,0
DA:93,0
DA:94,0
DA:95,0
DA:96,0
DA:98,0
DA:99,0
DA:105,0
DA:111,0
DA:113,0
DA:117,0
DA:118,0
DA:120,0
DA:125,0
DA:126,0
DA:127,0
DA:128,0
DA:130,0
DA:131,0
DA:137,0
DA:142,0
DA:144,0
DA:148,0
DA:149,0
DA:151,0
DA:156,0
DA:157,0
DA:158,0
DA:160,0
DA:162,0
DA:163,0
DA:169,0
DA:170,0
DA:172,0
LF:68
LH:0
BRDA:173,0,0,0
BRDA:173,0,1,0
BRF:2
BRH:0
end_of_record
TN:
SF:hooks\useClerkToken.ts
FN:6,useClerkToken
FN:9,(anonymous_2)
FN:11,(anonymous_3)
FNF:3
FNH:0
FNDA:0,useClerkToken
FNDA:0,(anonymous_2)
FNDA:0,(anonymous_3)
DA:3,0
DA:4,0
DA:6,0
DA:7,0
DA:9,0
DA:11,0
DA:12,0
DA:13,0
DA:14,0
DA:16,0
DA:19,0
DA:22,0
LF:12
LH:0
BRDA:13,0,0,0
BRDA:13,0,1,0
BRF:2
BRH:0
end_of_record
TN:
SF:hooks\useDimensions.ts
FN:4,(anonymous_6)
FN:10,(anonymous_7)
FN:14,(anonymous_8)
FN:17,(anonymous_9)
FN:22,(anonymous_10)
FN:26,(anonymous_11)
FN:27,(anonymous_12)
FN:33,(anonymous_13)
FN:37,(anonymous_14)
FN:39,(anonymous_15)
FN:46,(anonymous_16)
FN:50,(anonymous_17)
FN:51,(anonymous_18)
FNF:13
FNH:0
FNDA:0,(anonymous_6)
FNDA:0,(anonymous_7)
FNDA:0,(anonymous_8)
FNDA:0,(anonymous_9)
FNDA:0,(anonymous_10)
FNDA:0,(anonymous_11)
FNDA:0,(anonymous_12)
FNDA:0,(anonymous_13)
FNDA:0,(anonymous_14)
FNDA:0,(anonymous_15)
FNDA:0,(anonymous_16)
FNDA:0,(anonymous_17)
FNDA:0,(anonymous_18)
DA:1,0
DA:2,0
DA:4,0
DA:8,0
DA:10,0
DA:14,0
DA:15,0
DA:17,0
DA:22,0
DA:23,0
DA:25,0
DA:26,0
DA:28,0
DA:33,0
DA:34,0
DA:36,0
DA:38,0
DA:40,0
DA:41,0
DA:46,0
DA:47,0
DA:49,0
DA:50,0
DA:52,0
LF:24
LH:0
BRF:0
BRH:0
end_of_record
TN:
SF:hooks\useGLAccounts.ts
FN:4,(anonymous_6)
FN:11,(anonymous_7)
FN:15,(anonymous_8)
FN:18,(anonymous_9)
FN:23,(anonymous_10)
FN:27,(anonymous_11)
FN:28,(anonymous_12)
FN:34,(anonymous_13)
FN:38,(anonymous_14)
FN:40,(anonymous_15)
FN:47,(anonymous_16)
FN:51,(anonymous_17)
FN:52,(anonymous_18)
FNF:13
FNH:0
FNDA:0,(anonymous_6)
FNDA:0,(anonymous_7)
FNDA:0,(anonymous_8)
FNDA:0,(anonymous_9)
FNDA:0,(anonymous_10)
FNDA:0,(anonymous_11)
FNDA:0,(anonymous_12)
FNDA:0,(anonymous_13)
FNDA:0,(anonymous_14)
FNDA:0,(anonymous_15)
FNDA:0,(anonymous_16)
FNDA:0,(anonymous_17)
FNDA:0,(anonymous_18)
DA:1,0
DA:2,0
DA:4,0
DA:9,0
DA:11,0
DA:15,0
DA:16,0
DA:18,0
DA:23,0
DA:24,0
DA:26,0
DA:27,0
DA:29,0
DA:34,0
DA:35,0
DA:37,0
DA:39,0
DA:41,0
DA:42,0
DA:47,0
DA:48,0
DA:50,0
DA:51,0
DA:53,0
LF:24
LH:0
BRF:0
BRH:0
end_of_record
TN:
SF:hooks\useJournalEntries.ts
FN:4,(anonymous_6)
FN:14,(anonymous_7)
FN:18,(anonymous_8)
FN:21,(anonymous_9)
FN:26,(anonymous_10)
FN:30,(anonymous_11)
FN:31,(anonymous_12)
FN:37,(anonymous_13)
FN:41,(anonymous_14)
FN:42,(anonymous_15)
FN:49,(anonymous_16)
FN:53,(anonymous_17)
FN:55,(anonymous_18)
FNF:13
FNH:0
FNDA:0,(anonymous_6)
FNDA:0,(anonymous_7)
FNDA:0,(anonymous_8)
FNDA:0,(anonymous_9)
FNDA:0,(anonymous_10)
FNDA:0,(anonymous_11)
FNDA:0,(anonymous_12)
FNDA:0,(anonymous_13)
FNDA:0,(anonymous_14)
FNDA:0,(anonymous_15)
FNDA:0,(anonymous_16)
FNDA:0,(anonymous_17)
FNDA:0,(anonymous_18)
DA:1,0
DA:2,0
DA:4,0
DA:12,0
DA:14,0
DA:18,0
DA:19,0
DA:21,0
DA:26,0
DA:27,0
DA:29,0
DA:30,0
DA:32,0
DA:37,0
DA:38,0
DA:40,0
DA:41,0
DA:43,0
DA:44,0
DA:49,0
DA:50,0
DA:52,0
DA:54,0
DA:56,0
DA:57,0
LF:25
LH:0
BRF:0
BRH:0
end_of_record
TN:
SF:hooks\usePayroll.ts
FN:22,(anonymous_27)
FN:29,(anonymous_28)
FN:33,(anonymous_29)
FN:36,(anonymous_30)
FN:41,(anonymous_31)
FN:44,(anonymous_32)
FN:45,(anonymous_33)
FN:51,(anonymous_34)
FN:54,(anonymous_35)
FN:56,(anonymous_36)
FN:63,(anonymous_37)
FN:66,(anonymous_38)
FN:67,(anonymous_39)
FN:74,(anonymous_40)
FN:77,(anonymous_41)
FN:81,(anonymous_42)
FN:84,(anonymous_43)
FN:85,(anonymous_44)
FN:92,(anonymous_45)
FN:99,(anonymous_46)
FN:103,(anonymous_47)
FN:106,(anonymous_48)
FN:107,(anonymous_49)
FN:113,(anonymous_50)
FN:116,(anonymous_51)
FN:118,(anonymous_52)
FN:125,(anonymous_53)
FN:134,(anonymous_54)
FN:138,(anonymous_55)
FN:141,(anonymous_56)
FN:146,(anonymous_57)
FN:149,(anonymous_58)
FN:154,(anonymous_59)
FN:157,(anonymous_60)
FN:158,(anonymous_61)
FN:164,(anonymous_62)
FN:167,(anonymous_63)
FN:168,(anonymous_64)
FN:176,(anonymous_65)
FN:179,(anonymous_66)
FN:180,(anonymous_67)
FN:187,(anonymous_68)
FN:190,(anonymous_69)
FN:191,(anonymous_70)
FN:199,(anonymous_71)
FN:205,(anonymous_72)
FN:209,(anonymous_73)
FN:212,(anonymous_74)
FN:213,(anonymous_75)
FN:219,(anonymous_76)
FN:222,(anonymous_77)
FN:224,(anonymous_78)
FN:231,(anonymous_79)
FN:237,(anonymous_80)
FN:241,(anonymous_81)
FN:244,(anonymous_82)
FN:245,(anonymous_83)
FN:251,(anonymous_84)
FN:254,(anonymous_85)
FN:256,(anonymous_86)
FN:263,(anonymous_87)
FN:269,(anonymous_88)
FN:273,(anonymous_89)
FN:276,(anonymous_90)
FN:278,(anonymous_91)
FN:285,(anonymous_92)
FN:288,(anonymous_93)
FNF:67
FNH:0
FNDA:0,(anonymous_27)
FNDA:0,(anonymous_28)
FNDA:0,(anonymous_29)
FNDA:0,(anonymous_30)
FNDA:0,(anonymous_31)
FNDA:0,(anonymous_32)
FNDA:0,(anonymous_33)
FNDA:0,(anonymous_34)
FNDA:0,(anonymous_35)
FNDA:0,(anonymous_36)
FNDA:0,(anonymous_37)
FNDA:0,(anonymous_38)
FNDA:0,(anonymous_39)
FNDA:0,(anonymous_40)
FNDA:0,(anonymous_41)
FNDA:0,(anonymous_42)
FNDA:0,(anonymous_43)
FNDA:0,(anonymous_44)
FNDA:0,(anonymous_45)
FNDA:0,(anonymous_46)
FNDA:0,(anonymous_47)
FNDA:0,(anonymous_48)
FNDA:0,(anonymous_49)
FNDA:0,(anonymous_50)
FNDA:0,(anonymous_51)
FNDA:0,(anonymous_52)
FNDA:0,(anonymous_53)
FNDA:0,(anonymous_54)
FNDA:0,(anonymous_55)
FNDA:0,(anonymous_56)
FNDA:0,(anonymous_57)
FNDA:0,(anonymous_58)
FNDA:0,(anonymous_59)
FNDA:0,(anonymous_60)
FNDA:0,(anonymous_61)
FNDA:0,(anonymous_62)
FNDA:0,(anonymous_63)
FNDA:0,(anonymous_64)
FNDA:0,(anonymous_65)
FNDA:0,(anonymous_66)
FNDA:0,(anonymous_67)
FNDA:0,(anonymous_68)
FNDA:0,(anonymous_69)
FNDA:0,(anonymous_70)
FNDA:0,(anonymous_71)
FNDA:0,(anonymous_72)
FNDA:0,(anonymous_73)
FNDA:0,(anonymous_74)
FNDA:0,(anonymous_75)
FNDA:0,(anonymous_76)
FNDA:0,(anonymous_77)
FNDA:0,(anonymous_78)
FNDA:0,(anonymous_79)
FNDA:0,(anonymous_80)
FNDA:0,(anonymous_81)
FNDA:0,(anonymous_82)
FNDA:0,(anonymous_83)
FNDA:0,(anonymous_84)
FNDA:0,(anonymous_85)
FNDA:0,(anonymous_86)
FNDA:0,(anonymous_87)
FNDA:0,(anonymous_88)
FNDA:0,(anonymous_89)
FNDA:0,(anonymous_90)
FNDA:0,(anonymous_91)
FNDA:0,(anonymous_92)
FNDA:0,(anonymous_93)
DA:1,0
DA:19,0
DA:22,0
DA:27,0
DA:29,0
DA:33,0
DA:34,0
DA:36,0
DA:41,0
DA:42,0
DA:43,0
DA:44,0
DA:46,0
DA:51,0
DA:52,0
DA:53,0
DA:55,0
DA:57,0
DA:58,0
DA:63,0
DA:64,0
DA:65,0
DA:66,0
DA:68,0
DA:74,0
DA:75,0
DA:77,0
DA:81,0
DA:82,0
DA:83,0
DA:84,0
DA:86,0
DA:92,0
DA:97,0
DA:99,0
DA:103,0
DA:104,0
DA:105,0
DA:106,0
DA:108,0
DA:113,0
DA:114,0
DA:115,0
DA:117,0
DA:119,0
DA:125,0
DA:132,0
DA:134,0
DA:138,0
DA:139,0
DA:141,0
DA:146,0
DA:147,0
DA:149,0
DA:154,0
DA:155,0
DA:156,0
DA:157,0
DA:159,0
DA:164,0
DA:165,0
DA:166,0
DA:167,0
DA:169,0
DA:170,0
DA:171,0
DA:176,0
DA:177,0
DA:178,0
DA:179,0
DA:181,0
DA:182,0
DA:187,0
DA:188,0
DA:189,0
DA:190,0
DA:192,0
DA:193,0
DA:199,0
DA:203,0
DA:205,0
DA:209,0
DA:210,0
DA:211,0
DA:212,0
DA:214,0
DA:219,0
DA:220,0
DA:221,0
DA:223,0
DA:225,0
DA:231,0
DA:235,0
DA:237,0
DA:241,0
DA:242,0
DA:243,0
DA:244,0
DA:246,0
DA:251,0
DA:252,0
DA:253,0
DA:255,0
DA:257,0
DA:263,0
DA:267,0
DA:269,0
DA:273,0
DA:274,0
DA:275,0
DA:277,0
DA:279,0
DA:285,0
DA:286,0
DA:288,0
LF:115
LH:0
BRDA:289,0,0,0
BRDA:289,0,1,0
BRF:2
BRH:0
end_of_record
TN:
SF:hooks\usePeriods.ts
FN:4,(anonymous_6)
FN:11,(anonymous_7)
FN:15,(anonymous_8)
FN:18,(anonymous_9)
FN:23,(anonymous_10)
FN:27,(anonymous_11)
FN:28,(anonymous_12)
FN:34,(anonymous_13)
FN:38,(anonymous_14)
FN:39,(anonymous_15)
FN:46,(anonymous_16)
FN:50,(anonymous_17)
FN:51,(anonymous_18)
FNF:13
FNH:0
FNDA:0,(anonymous_6)
FNDA:0,(anonymous_7)
FNDA:0,(anonymous_8)
FNDA:0,(anonymous_9)
FNDA:0,(anonymous_10)
FNDA:0,(anonymous_11)
FNDA:0,(anonymous_12)
FNDA:0,(anonymous_13)
FNDA:0,(anonymous_14)
FNDA:0,(anonymous_15)
FNDA:0,(anonymous_16)
FNDA:0,(anonymous_17)
FNDA:0,(anonymous_18)
DA:1,0
DA:2,0
DA:4,0
DA:9,0
DA:11,0
DA:15,0
DA:16,0
DA:18,0
DA:23,0
DA:24,0
DA:26,0
DA:27,0
DA:29,0
DA:34,0
DA:35,0
DA:37,0
DA:38,0
DA:40,0
DA:41,0
DA:46,0
DA:47,0
DA:49,0
DA:50,0
DA:52,0
DA:53,0
LF:25
LH:0
BRF:0
BRH:0
end_of_record
TN:
SF:hooks\useReports.ts
FN:4,(anonymous_6)
FN:12,(anonymous_7)
FN:17,(anonymous_8)
FN:25,(anonymous_9)
FN:30,(anonymous_10)
FN:37,(anonymous_11)
FN:42,(anonymous_12)
FN:50,(anonymous_13)
FN:55,(anonymous_14)
FN:68,(anonymous_15)
FNF:10
FNH:0
FNDA:0,(anonymous_6)
FNDA:0,(anonymous_7)
FNDA:0,(anonymous_8)
FNDA:0,(anonymous_9)
FNDA:0,(anonymous_10)
FNDA:0,(anonymous_11)
FNDA:0,(anonymous_12)
FNDA:0,(anonymous_13)
FNDA:0,(anonymous_14)
FNDA:0,(anonymous_15)
DA:1,0
DA:2,0
DA:4,0
DA:10,0
DA:12,0
DA:17,0
DA:23,0
DA:25,0
DA:30,0
DA:35,0
DA:37,0
DA:42,0
DA:48,0
DA:50,0
DA:55,0
DA:66,0
DA:68,0
LF:17
LH:0
BRDA:13,0,0,0
BRDA:13,0,1,0
BRDA:26,1,0,0
BRDA:26,1,1,0
BRDA:51,2,0,0
BRDA:51,2,1,0
BRDA:69,3,0,0
BRDA:69,3,1,0
BRF:8
BRH:0
end_of_record
TN:
SF:hooks\useToast.ts
FN:6,(anonymous_1)
FN:14,(anonymous_2)
FN:18,(anonymous_3)
FN:21,(anonymous_4)
FN:22,(anonymous_5)
FN:22,(anonymous_6)
FN:32,(anonymous_7)
FN:33,(anonymous_8)
FN:33,(anonymous_9)
FN:39,(anonymous_10)
FN:46,(anonymous_11)
FN:53,(anonymous_12)
FN:60,(anonymous_13)
FNF:13
FNH:0
FNDA:0,(anonymous_1)
FNDA:0,(anonymous_2)
FNDA:0,(anonymous_3)
FNDA:0,(anonymous_4)
FNDA:0,(anonymous_5)
FNDA:0,(anonymous_6)
FNDA:0,(anonymous_7)
FNDA:0,(anonymous_8)
FNDA:0,(anonymous_9)
FNDA:0,(anonymous_10)
FNDA:0,(anonymous_11)
FNDA:0,(anonymous_12)
FNDA:0,(anonymous_13)
DA:3,0
DA:4,0
DA:6,0
DA:7,0
DA:8,0
DA:9,0
DA:11,0
DA:13,0
DA:15,0
DA:16,0
DA:18,0
DA:20,0
DA:21,0
DA:22,0
DA:26,0
DA:31,0
DA:33,0
DA:38,0
DA:40,0
DA:45,0
DA:47,0
DA:52,0
DA:54,0
DA:59,0
DA:61,0
DA:66,0
LF:26
LH:0
BRDA:8,0,0,0
BRDA:14,1,0,0
BRDA:14,2,0,0
BRDA:20,3,0,0
BRF:4
BRH:0
end_of_record
TN:
SF:hooks\useTreasury.ts
FN:19,(anonymous_22)
FN:22,(anonymous_23)
FN:26,(anonymous_24)
FN:29,(anonymous_25)
FN:34,(anonymous_26)
FN:37,(anonymous_27)
FN:38,(anonymous_28)
FN:44,(anonymous_29)
FN:47,(anonymous_30)
FN:49,(anonymous_31)
FN:56,(anonymous_32)
FN:59,(anonymous_33)
FN:60,(anonymous_34)
FN:67,(anonymous_35)
FN:77,(anonymous_36)
FN:81,(anonymous_37)
FN:84,(anonymous_38)
FN:85,(anonymous_39)
FN:93,(anonymous_40)
FN:101,(anonymous_41)
FN:105,(anonymous_42)
FN:108,(anonymous_43)
FN:113,(anonymous_44)
FN:116,(anonymous_45)
FN:117,(anonymous_46)
FN:125,(anonymous_47)
FN:133,(anonymous_48)
FN:137,(anonymous_49)
FN:140,(anonymous_50)
FN:145,(anonymous_51)
FN:148,(anonymous_52)
FN:149,(anonymous_53)
FN:157,(anonymous_54)
FN:163,(anonymous_55)
FN:167,(anonymous_56)
FN:170,(anonymous_57)
FN:175,(anonymous_58)
FN:178,(anonymous_59)
FN:179,(anonymous_60)
FN:185,(anonymous_61)
FN:188,(anonymous_62)
FN:193,(anonymous_63)
FN:196,(anonymous_64)
FN:197,(anonymous_65)
FN:204,(anonymous_66)
FN:207,(anonymous_67)
FN:209,(anonymous_68)
FN:216,(anonymous_69)
FN:219,(anonymous_70)
FN:220,(anonymous_71)
FN:229,(anonymous_72)
FN:232,(anonymous_73)
FNF:52
FNH:0
FNDA:0,(anonymous_22)
FNDA:0,(anonymous_23)
FNDA:0,(anonymous_24)
FNDA:0,(anonymous_25)
FNDA:0,(anonymous_26)
FNDA:0,(anonymous_27)
FNDA:0,(anonymous_28)
FNDA:0,(anonymous_29)
FNDA:0,(anonymous_30)
FNDA:0,(anonymous_31)
FNDA:0,(anonymous_32)
FNDA:0,(anonymous_33)
FNDA:0,(anonymous_34)
FNDA:0,(anonymous_35)
FNDA:0,(anonymous_36)
FNDA:0,(anonymous_37)
FNDA:0,(anonymous_38)
FNDA:0,(anonymous_39)
FNDA:0,(anonymous_40)
FNDA:0,(anonymous_41)
FNDA:0,(anonymous_42)
FNDA:0,(anonymous_43)
FNDA:0,(anonymous_44)
FNDA:0,(anonymous_45)
FNDA:0,(anonymous_46)
FNDA:0,(anonymous_47)
FNDA:0,(anonymous_48)
FNDA:0,(anonymous_49)
FNDA:0,(anonymous_50)
FNDA:0,(anonymous_51)
FNDA:0,(anonymous_52)
FNDA:0,(anonymous_53)
FNDA:0,(anonymous_54)
FNDA:0,(anonymous_55)
FNDA:0,(anonymous_56)
FNDA:0,(anonymous_57)
FNDA:0,(anonymous_58)
FNDA:0,(anonymous_59)
FNDA:0,(anonymous_60)
FNDA:0,(anonymous_61)
FNDA:0,(anonymous_62)
FNDA:0,(anonymous_63)
FNDA:0,(anonymous_64)
FNDA:0,(anonymous_65)
FNDA:0,(anonymous_66)
FNDA:0,(anonymous_67)
FNDA:0,(anonymous_68)
FNDA:0,(anonymous_69)
FNDA:0,(anonymous_70)
FNDA:0,(anonymous_71)
FNDA:0,(anonymous_72)
FNDA:0,(anonymous_73)
DA:1,0
DA:16,0
DA:19,0
DA:20,0
DA:22,0
DA:26,0
DA:27,0
DA:29,0
DA:34,0
DA:35,0
DA:36,0
DA:37,0
DA:39,0
DA:44,0
DA:45,0
DA:46,0
DA:48,0
DA:50,0
DA:51,0
DA:56,0
DA:57,0
DA:58,0
DA:59,0
DA:61,0
DA:67,0
DA:75,0
DA:77,0
DA:81,0
DA:82,0
DA:83,0
DA:84,0
DA:86,0
DA:87,0
DA:93,0
DA:99,0
DA:101,0
DA:105,0
DA:106,0
DA:108,0
DA:113,0
DA:114,0
DA:115,0
DA:116,0
DA:118,0
DA:119,0
DA:125,0
DA:131,0
DA:133,0
DA:137,0
DA:138,0
DA:140,0
DA:145,0
DA:146,0
DA:147,0
DA:148,0
DA:150,0
DA:151,0
DA:157,0
DA:161,0
DA:163,0
DA:167,0
DA:168,0
DA:170,0
DA:175,0
DA:176,0
DA:177,0
DA:178,0
DA:180,0
DA:185,0
DA:186,0
DA:188,0
DA:193,0
DA:194,0
DA:195,0
DA:196,0
DA:198,0
DA:199,0
DA:204,0
DA:205,0
DA:206,0
DA:208,0
DA:210,0
DA:211,0
DA:216,0
DA:217,0
DA:218,0
DA:219,0
DA:221,0
DA:222,0
DA:223,0
DA:229,0
DA:230,0
DA:232,0
LF:93
LH:0
BRF:0
BRH:0
end_of_record
TN:
SF:lib\apiClient.ts
FN:15,(anonymous_4)
FN:27,(anonymous_5)
FN:28,(anonymous_6)
FN:39,(anonymous_7)
FNF:4
FNH:0
FNDA:0,(anonymous_4)
FNDA:0,(anonymous_5)
FNDA:0,(anonymous_6)
FNDA:0,(anonymous_7)
DA:1,0
DA:2,0
DA:4,0
DA:6,0
DA:14,0
DA:15,0
DA:18,0
DA:19,0
DA:20,0
DA:22,0
DA:26,0
DA:27,0
DA:29,0
DA:30,0
DA:31,0
DA:33,0
DA:39,0
DA:40,0
DA:41,0
DA:43,0
LF:20
LH:0
BRDA:4,0,0,0
BRDA:4,0,1,0
BRDA:14,1,0,0
BRDA:19,2,0,0
BRDA:29,3,0,0
BRDA:47,4,0,0
BRDA:47,4,1,0
BRF:7
BRH:0
end_of_record
TN:
SF:lib\utils.ts
FN:4,cn
FNF:1
FNH:0
FNDA:0,cn
DA:1,0
DA:2,0
DA:4,0
DA:5,0
LF:4
LH:0
BRF:0
BRH:0
end_of_record
TN:
SF:lib\api\apApi.ts
FN:115,(anonymous_1)
FN:123,(anonymous_2)
FN:128,(anonymous_3)
FN:133,(anonymous_4)
FN:138,(anonymous_5)
FN:143,(anonymous_6)
FN:154,(anonymous_7)
FN:159,(anonymous_8)
FN:164,(anonymous_9)
FN:170,(anonymous_10)
FN:180,(anonymous_11)
FN:185,(anonymous_12)
FN:191,(anonymous_13)
FNF:13
FNH:0
FNDA:0,(anonymous_1)
FNDA:0,(anonymous_2)
FNDA:0,(anonymous_3)
FNDA:0,(anonymous_4)
FNDA:0,(anonymous_5)
FNDA:0,(anonymous_6)
FNDA:0,(anonymous_7)
FNDA:0,(anonymous_8)
FNDA:0,(anonymous_9)
FNDA:0,(anonymous_10)
FNDA:0,(anonymous_11)
FNDA:0,(anonymous_12)
FNDA:0,(anonymous_13)
DA:1,0
DA:113,0
DA:119,0
DA:120,0
DA:124,0
DA:125,0
DA:129,0
DA:130,0
DA:134,0
DA:135,0
DA:139,0
DA:150,0
DA:151,0
DA:155,0
DA:156,0
DA:160,0
DA:161,0
DA:165,0
DA:166,0
DA:176,0
DA:177,0
DA:181,0
DA:182,0
DA:186,0
DA:187,0
DA:195,0
DA:196,0
LF:27
LH:0
BRF:0
BRH:0
end_of_record
TN:
SF:lib\api\apiClient.ts
FN:13,(anonymous_2)
FN:23,(anonymous_3)
FN:24,(anonymous_4)
FNF:3
FNH:0
FNDA:0,(anonymous_2)
FNDA:0,(anonymous_3)
FNDA:0,(anonymous_4)
DA:1,2
DA:3,2
DA:5,2
DA:13,2
DA:14,0
DA:15,0
DA:16,0
DA:18,0
DA:22,2
DA:23,0
DA:25,0
DA:26,0
DA:27,0
DA:29,0
LF:14
LH:5
BRDA:3,0,0,2
BRDA:3,0,1,2
BRDA:15,1,0,0
BRDA:25,2,0,0
BRF:4
BRH:2
end_of_record
TN:
SF:lib\api\arApi.ts
FN:139,(anonymous_1)
FN:147,(anonymous_2)
FN:152,(anonymous_3)
FN:157,(anonymous_4)
FN:162,(anonymous_5)
FN:167,(anonymous_6)
FN:178,(anonymous_7)
FN:183,(anonymous_8)
FN:188,(anonymous_9)
FN:194,(anonymous_10)
FN:204,(anonymous_11)
FN:209,(anonymous_12)
FN:215,(anonymous_13)
FN:224,(anonymous_14)
FN:229,(anonymous_15)
FN:237,(anonymous_16)
FNF:16
FNH:0
FNDA:0,(anonymous_1)
FNDA:0,(anonymous_2)
FNDA:0,(anonymous_3)
FNDA:0,(anonymous_4)
FNDA:0,(anonymous_5)
FNDA:0,(anonymous_6)
FNDA:0,(anonymous_7)
FNDA:0,(anonymous_8)
FNDA:0,(anonymous_9)
FNDA:0,(anonymous_10)
FNDA:0,(anonymous_11)
FNDA:0,(anonymous_12)
FNDA:0,(anonymous_13)
FNDA:0,(anonymous_14)
FNDA:0,(anonymous_15)
FNDA:0,(anonymous_16)
DA:1,0
DA:137,0
DA:143,0
DA:144,0
DA:148,0
DA:149,0
DA:153,0
DA:154,0
DA:158,0
DA:159,0
DA:163,0
DA:174,0
DA:175,0
DA:179,0
DA:180,0
DA:184,0
DA:185,0
DA:189,0
DA:190,0
DA:200,0
DA:201,0
DA:205,0
DA:206,0
DA:210,0
DA:211,0
DA:220,0
DA:221,0
DA:225,0
DA:226,0
DA:230,0
DA:233,0
DA:241,0
DA:242,0
LF:33
LH:0
BRF:0
BRH:0
end_of_record
TN:
SF:lib\api\glApi.ts
FN:128,(anonymous_1)
FN:140,(anonymous_2)
FN:145,(anonymous_3)
FN:150,(anonymous_4)
FN:155,(anonymous_5)
FN:163,(anonymous_6)
FN:172,(anonymous_7)
FN:177,(anonymous_8)
FN:182,(anonymous_9)
FN:187,(anonymous_10)
FN:192,(anonymous_11)
FN:201,(anonymous_12)
FN:206,(anonymous_13)
FN:211,(anonymous_14)
FN:216,(anonymous_15)
FN:222,(anonymous_16)
FN:230,(anonymous_17)
FN:235,(anonymous_18)
FN:240,(anonymous_19)
FN:245,(anonymous_20)
FN:250,(anonymous_21)
FN:255,(anonymous_22)
FN:261,(anonymous_23)
FN:266,(anonymous_24)
FNF:24
FNH:4
FNDA:0,(anonymous_1)
FNDA:0,(anonymous_2)
FNDA:0,(anonymous_3)
FNDA:0,(anonymous_4)
FNDA:0,(anonymous_5)
FNDA:0,(anonymous_6)
FNDA:0,(anonymous_7)
FNDA:0,(anonymous_8)
FNDA:0,(anonymous_9)
FNDA:0,(anonymous_10)
FNDA:0,(anonymous_11)
FNDA:0,(anonymous_12)
FNDA:0,(anonymous_13)
FNDA:0,(anonymous_14)
FNDA:0,(anonymous_15)
FNDA:0,(anonymous_16)
FNDA:0,(anonymous_17)
FNDA:0,(anonymous_18)
FNDA:0,(anonymous_19)
FNDA:0,(anonymous_20)
FNDA:2,(anonymous_21)
FNDA:1,(anonymous_22)
FNDA:1,(anonymous_23)
FNDA:1,(anonymous_24)
DA:1,3
DA:126,7
DA:136,0
DA:137,0
DA:141,0
DA:142,0
DA:146,0
DA:147,0
DA:151,0
DA:152,0
DA:156,0
DA:159,0
DA:168,0
DA:169,0
DA:173,0
DA:174,0
DA:178,0
DA:179,0
DA:183,0
DA:184,0
DA:188,0
DA:197,0
DA:198,0
DA:202,0
DA:203,0
DA:207,0
DA:208,0
DA:212,0
DA:213,0
DA:217,0
DA:218,0
DA:226,0
DA:227,0
DA:231,0
DA:232,0
DA:236,0
DA:237,0
DA:241,0
DA:242,0
DA:246,0
DA:251,2
DA:252,1
DA:256,1
DA:257,1
DA:262,1
DA:263,1
DA:267,1
DA:268,1
LF:48
LH:10
BRF:0
BRH:0
end_of_record
TN:
SF:lib\api\payrollApi.ts
FN:194,(anonymous_1)
FN:203,(anonymous_2)
FN:208,(anonymous_3)
FN:213,(anonymous_4)
FN:218,(anonymous_5)
FN:223,(anonymous_6)
FN:231,(anonymous_7)
FN:237,(anonymous_8)
FN:246,(anonymous_9)
FN:251,(anonymous_10)
FN:257,(anonymous_11)
FN:268,(anonymous_12)
FN:273,(anonymous_13)
FN:278,(anonymous_14)
FN:283,(anonymous_15)
FN:288,(anonymous_16)
FN:293,(anonymous_17)
FN:299,(anonymous_18)
FN:307,(anonymous_19)
FN:312,(anonymous_20)
FN:318,(anonymous_21)
FN:326,(anonymous_22)
FN:331,(anonymous_23)
FN:337,(anonymous_24)
FN:345,(anonymous_25)
FN:353,(anonymous_26)
FN:360,(anonymous_27)
FN:368,(anonymous_28)
FNF:28
FNH:0
FNDA:0,(anonymous_1)
FNDA:0,(anonymous_2)
FNDA:0,(anonymous_3)
FNDA:0,(anonymous_4)
FNDA:0,(anonymous_5)
FNDA:0,(anonymous_6)
FNDA:0,(anonymous_7)
FNDA:0,(anonymous_8)
FNDA:0,(anonymous_9)
FNDA:0,(anonymous_10)
FNDA:0,(anonymous_11)
FNDA:0,(anonymous_12)
FNDA:0,(anonymous_13)
FNDA:0,(anonymous_14)
FNDA:0,(anonymous_15)
FNDA:0,(anonymous_16)
FNDA:0,(anonymous_17)
FNDA:0,(anonymous_18)
FNDA:0,(anonymous_19)
FNDA:0,(anonymous_20)
FNDA:0,(anonymous_21)
FNDA:0,(anonymous_22)
FNDA:0,(anonymous_23)
FNDA:0,(anonymous_24)
FNDA:0,(anonymous_25)
FNDA:0,(anonymous_26)
FNDA:0,(anonymous_27)
FNDA:0,(anonymous_28)
DA:1,0
DA:192,0
DA:199,0
DA:200,0
DA:204,0
DA:205,0
DA:209,0
DA:210,0
DA:214,0
DA:215,0
DA:219,0
DA:227,0
DA:228,0
DA:232,0
DA:233,0
DA:242,0
DA:243,0
DA:247,0
DA:248,0
DA:252,0
DA:253,0
DA:264,0
DA:265,0
DA:269,0
DA:270,0
DA:274,0
DA:275,0
DA:279,0
DA:280,0
DA:284,0
DA:285,0
DA:289,0
DA:290,0
DA:294,0
DA:295,0
DA:303,0
DA:304,0
DA:308,0
DA:309,0
DA:313,0
DA:314,0
DA:322,0
DA:323,0
DA:327,0
DA:328,0
DA:332,0
DA:333,0
DA:341,0
DA:342,0
DA:346,0
DA:350,0
DA:354,0
DA:357,0
DA:361,0
DA:364,0
DA:369,0
DA:370,0
LF:57
LH:0
BRF:0
BRH:0
end_of_record
TN:
SF:lib\api\reportingApi.ts
FN:81,(anonymous_1)
FN:91,(anonymous_2)
FN:101,(anonymous_3)
FN:110,(anonymous_4)
FN:120,(anonymous_5)
FN:135,(anonymous_6)
FN:143,(anonymous_7)
FNF:7
FNH:0
FNDA:0,(anonymous_1)
FNDA:0,(anonymous_2)
FNDA:0,(anonymous_3)
FNDA:0,(anonymous_4)
FNDA:0,(anonymous_5)
FNDA:0,(anonymous_6)
FNDA:0,(anonymous_7)
DA:1,0
DA:80,0
DA:87,0
DA:88,0
DA:97,0
DA:98,0
DA:106,0
DA:107,0
DA:116,0
DA:117,0
DA:131,0
DA:132,0
DA:136,0
DA:140,0
DA:144,0
DA:148,0
LF:16
LH:0
BRF:0
BRH:0
end_of_record
TN:
SF:lib\api\treasuryApi.ts
FN:165,(anonymous_1)
FN:173,(anonymous_2)
FN:178,(anonymous_3)
FN:183,(anonymous_4)
FN:188,(anonymous_5)
FN:193,(anonymous_6)
FN:205,(anonymous_7)
FN:211,(anonymous_8)
FN:221,(anonymous_9)
FN:226,(anonymous_10)
FN:232,(anonymous_11)
FN:242,(anonymous_12)
FN:247,(anonymous_13)
FN:253,(anonymous_14)
FN:261,(anonymous_15)
FN:266,(anonymous_16)
FN:271,(anonymous_17)
FN:276,(anonymous_18)
FN:281,(anonymous_19)
FN:286,(anonymous_20)
FN:292,(anonymous_21)
FNF:21
FNH:0
FNDA:0,(anonymous_1)
FNDA:0,(anonymous_2)
FNDA:0,(anonymous_3)
FNDA:0,(anonymous_4)
FNDA:0,(anonymous_5)
FNDA:0,(anonymous_6)
FNDA:0,(anonymous_7)
FNDA:0,(anonymous_8)
FNDA:0,(anonymous_9)
FNDA:0,(anonymous_10)
FNDA:0,(anonymous_11)
FNDA:0,(anonymous_12)
FNDA:0,(anonymous_13)
FNDA:0,(anonymous_14)
FNDA:0,(anonymous_15)
FNDA:0,(anonymous_16)
FNDA:0,(anonymous_17)
FNDA:0,(anonymous_18)
FNDA:0,(anonymous_19)
FNDA:0,(anonymous_20)
FNDA:0,(anonymous_21)
DA:1,0
DA:163,0
DA:169,0
DA:170,0
DA:174,0
DA:175,0
DA:179,0
DA:180,0
DA:184,0
DA:185,0
DA:189,0
DA:201,0
DA:202,0
DA:206,0
DA:207,0
DA:217,0
DA:218,0
DA:222,0
DA:223,0
DA:227,0
DA:228,0
DA:238,0
DA:239,0
DA:243,0
DA:244,0
DA:248,0
DA:249,0
DA:257,0
DA:258,0
DA:262,0
DA:263,0
DA:267,0
DA:268,0
DA:272,0
DA:273,0
DA:277,0
DA:278,0
DA:282,0
DA:283,0
DA:287,0
DA:288,0
DA:296,0
DA:297,0
LF:43
LH:0
BRF:0
BRH:0
end_of_record
TN:
SF:lib\utils\format.ts
FN:4,formatCurrency
FN:14,formatDate
FN:26,formatDateTime
FNF:3
FNH:0
FNDA:0,formatCurrency
FNDA:0,formatDate
FNDA:0,formatDateTime
DA:4,0
DA:5,0
DA:14,0
DA:15,0
DA:16,0
DA:26,0
DA:27,0
DA:28,0
LF:8
LH:0
BRDA:4,0,0,0
BRDA:15,1,0,0
BRDA:15,1,1,0
BRDA:27,2,0,0
BRDA:27,2,1,0
BRF:5
BRH:0
end_of_record
